numa_node = 1
numa_node = 1
numa_node = 1
numa_node = 1
numa_node = 1
numa_node = 1
numa_node = 1
numa_node = 1
numa_node = 1
numa_node = 1
numa_node = 1
numa_node = 1
numa_node = 1
numa_node = 1
numa_node = 1
numa_node = 1
numa_node = 1
numa_node = 1
numa_node = 1
numa_node = 1
numa_node = 1
numa_node = 1
numa_node = 1
numa_node = 1
numa_node = 1
numa_node = 1
numa_node = 1
numa_node = 1
numa_node = 1
numa_node = 1
numa_node = 1
numa_node = 1
numa_node = 1
numa_node = 1
numa_node = 1
numa_node = 1
numa_node = 1
numa_node = 1
numa_node = 1
numa_node = 1
numa_node = 1
numa_node = 1
numa_node = 1
numa_node = 1
numa_node = 1
numa_node = 1
numa_node = 1
numa_node = 1
numa_node = 1
numa_node = 1
numa_node = 1
numa_node = 1
numa_node = 1
numa_node = 1
numa_node = 1
numa_node = 1
numa_node = 1
numa_node = 1
numa_node = 1
numa_node = 1
numa_node = 1
numa_node = 1
numa_node = 1
numa_node = 1
numa_node = 1
numa_node = 1
numa_node = 1
numa_node = 1
numa_node = 1
numa_node = 1
numa_node = 1
numa_node = 1
numa_node = 1
numa_node = 1
numa_node = 1
numa_node = 1
numa_node = 1
numa_node = 1
numa_node = 1
numa_node = 1
numa_node = 1
numa_node = 1
numa_node = 1
numa_node = 1
numa_node = 1
numa_node = 1
numa_node = 1
numa_node = 1
numa_node = 1
numa_node = 1
numa_node = 1
numa_node = 1
numa_node = 1
numa_node = 1
numa_node = 1
numa_node = 1
numa_node = 1
numa_node = 1
numa_node = 1
numa_node = 1
numa_node = 1
numa_node = 1
numa_node = 1
numa_node = 1
numa_node = 1
numa_node = 1
numa_node = 1
numa_node = 1
numa_node = 1
numa_node = 1
numa_node = 1
numa_node = 1
numa_node = 1
numa_node = 1
numa_node = 1
numa_node = 1
numa_node = 1
numa_node = 1
numa_node = 1
numa_node = 1
numa_node = 1
numa_node = 1
numa_node = 1
numa_node = 1
numa_node = 1
numa_node = 1
numa_node = 1
numa_node = 0
numa_node = 0
numa_node = 0
numa_node = 0
numa_node = 0
numa_node = 0
numa_node = 0
numa_node = 0
numa_node = 0
numa_node = 1
numa_node = 1
numa_node = 0
numa_node = 0
numa_node = 1
numa_node = 1
numa_node = 1
numa_node = 1
numa_node = 1
numa_node = 1
numa_node = 1
numa_node = 1
numa_node = 1
numa_node = 1
numa_node = 1
numa_node = 1
numa_node = 1
numa_node = 1
numa_node = 1
numa_node = 1
numa_node = 1
numa_node = 1
numa_node = 1
numa_node = 1
numa_node = 1
numa_node = 1
numa_node = 1
numa_node = 1
numa_node = 1
numa_node = 1
numa_node = 1
numa_node = 1
numa_node = 1
numa_node = 1
numa_node = 1
numa_node = 1
numa_node = 1
numa_node = 1
numa_node = 1
numa_node = 1
numa_node = 1
numa_node = 1
numa_node = 1
numa_node = 1
numa_node = 1
numa_node = 1
numa_node = 1
numa_node = 1
numa_node = 1
numa_node = 1
numa_node = 1
numa_node = 1
numa_node = 1
numa_node = 1
numa_node = 1
numa_node = 1
numa_node = 1
numa_node = 1
numa_node = 1
numa_node = 1
numa_node = 1
numa_node = 1
numa_node = 1
numa_node = 1
numa_node = 1
numa_node = 1
numa_node = 1
numa_node = 1
numa_node = 1
numa_node = 1
numa_node = 1
numa_node = 1
numa_node = 1
numa_node = 1
numa_node = 1
numa_node = 1
numa_node = 1
numa_node = 1
numa_node = 1
numa_node = 1
numa_node = 1
numa_node = 1
numa_node = 1
numa_node = 1
numa_node = 1
numa_node = 1
numa_node = 1
numa_node = 1
numa_node = 1
numa_node = 1
numa_node = 1
numa_node = 1
numa_node = 1
 sizeof(u)             14580000
 sizeof(us)              2544224
 sizeof(vs)              2544224
 sizeof(ws)              2544224
 sizeof(qs)              2544224
 sizeof(rho_i)              2544224
 sizeof(square)              2544224
 sizeof(rhs)             11854080
 sizeof(forcing)             11027360
 sizeof(out_buffer)              2420648
 sizeof(in_buffer)              2420648
 sizeof(fjac)                 9000
 sizeof(njac)                 9000
 sizeof(lhsa)                 8600
 sizeof(lhsb)                 8600
 sizeof(lhsc)             59270400
numa_node = 1
numa_node = 1
numa_node = 1
numa_node = 1
numa_node = 1
numa_node = 1
numa_node = 1
numa_node = 1
numa_node = 1
numa_node = 1
numa_node = 1
numa_node = 1
numa_node = 1
numa_node = 1
numa_node = 1
numa_node = 1
numa_node = 1
numa_node = 1
numa_node = 1
numa_node = 1
numa_node = 1
numa_node = 1
numa_node = 1
numa_node = 1
numa_node = 1
numa_node = 1
numa_node = 1
numa_node = 1
numa_node = 1
numa_node = 1
numa_node = 1
numa_node = 1
numa_node = 1
numa_node = 1
numa_node = 1
numa_node = 1
numa_node = 1
numa_node = 1
numa_node = 1
numa_node = 1
numa_node = 1
numa_node = 1
numa_node = 1
numa_node = 1
numa_node = 1
numa_node = 1
numa_node = 1
numa_node = 1
numa_node = 1
numa_node = 1
numa_node = 1
numa_node = 1
numa_node = 1
numa_node = 1
numa_node = 1
numa_node = 1
numa_node = 1
numa_node = 1
numa_node = 1
numa_node = 1
numa_node = 1
numa_node = 1
numa_node = 1
numa_node = 1
numa_node = 1
numa_node = 1
numa_node = 1
numa_node = 1
numa_node = 1
numa_node = 1
numa_node = 1
numa_node = 1
numa_node = 1
numa_node = 1
numa_node = 1
numa_node = 1
numa_node = 1
numa_node = 1
numa_node = 1
numa_node = 1
numa_node = 1
numa_node = 1
numa_node = 1
numa_node = 1
numa_node = 1
numa_node = 1
numa_node = 1
numa_node = 1
numa_node = 1
numa_node = 1
numa_node = 1
numa_node = 1
numa_node = 1
numa_node = 1
numa_node = 1
numa_node = 1
numa_node = 1
numa_node = 1
numa_node = 1
numa_node = 1
numa_node = 1
numa_node = 1
numa_node = 1
numa_node = 1
numa_node = 1
numa_node = 1
numa_node = 1
numa_node = 1
numa_node = 1
numa_node = 1
numa_node = 1
numa_node = 1
numa_node = 1
numa_node = 1
numa_node = 1
numa_node = 1
numa_node = 1
numa_node = 1
numa_node = 1
numa_node = 1
numa_node = 1
numa_node = 1
numa_node = 1
numa_node = 1
numa_node = 1
numa_node = 1
numa_node = 1
numa_node = 1
numa_node = 1
numa_node = 1
numa_node = 1
numa_node = 1
numa_node = 1
numa_node = 1
numa_node = 1
numa_node = 1
numa_node = 1
numa_node = 1
numa_node = 1
numa_node = 1
numa_node = 1
numa_node = 1
numa_node = 1
numa_node = 1
numa_node = 1
numa_node = 1
numa_node = 1
numa_node = 1
numa_node = 1
numa_node = 1
numa_node = 1
numa_node = 1
numa_node = 1
numa_node = 1
numa_node = 1
numa_node = 1
numa_node = 1
numa_node = 1
numa_node = 1
numa_node = 1
numa_node = 1
numa_node = 1
numa_node = 1
numa_node = 1
numa_node = 1
numa_node = 1
numa_node = 1
numa_node = 1
numa_node = 1
numa_node = 1
numa_node = 1
numa_node = 1
numa_node = 1
numa_node = 1
numa_node = 1
numa_node = 1
numa_node = 1
numa_node = 1
numa_node = 1
numa_node = 1
numa_node = 1
numa_node = 1
numa_node = 1
numa_node = 1
numa_node = 1
numa_node = 1
numa_node = 1
numa_node = 1
numa_node = 1
numa_node = 1
numa_node = 1
numa_node = 1
numa_node = 1
numa_node = 1
numa_node = 1
numa_node = 1
numa_node = 1
numa_node = 1
numa_node = 1
numa_node = 1
numa_node = 1
numa_node = 1
numa_node = 1
numa_node = 1
numa_node = 1
numa_node = 1
numa_node = 1
numa_node = 1
numa_node = 1
numa_node = 1
numa_node = 1
numa_node = 1
numa_node = 1
numa_node = 1
numa_node = 1
numa_node = 1
numa_node = 1
numa_node = 1
numa_node = 1
numa_node = 1
numa_node = 1
numa_node = 1
numa_node = 1
numa_node = 1
numa_node = 1
numa_node = 1
numa_node = 1
numa_node = 1
numa_node = 1
numa_node = 1
numa_node = 1
numa_node = 1
numa_node = 1
numa_node = 1
numa_node = 1
numa_node = 1
numa_node = 1
numa_node = 1
numa_node = 1
numa_node = 1
numa_node = 1
numa_node = 1
numa_node = 1
numa_node = 1
numa_node = 1
numa_node = 1
numa_node = 1
numa_node = 1
numa_node = 1
numa_node = 1
numa_node = 1
numa_node = 1
numa_node = 0
numa_node = 0
numa_node = 0
numa_node = 0
numa_node = 0
numa_node = 0
numa_node = 0
numa_node = 0
numa_node = 0
numa_node = 0
numa_node = 0
numa_node = 0
numa_node = 0
numa_node = 0
numa_node = 0
numa_node = 0
numa_node = 0
numa_node = 0
numa_node = 1
numa_node = 1
numa_node = 1
numa_node = 1
numa_node = 1
numa_node = 1
numa_node = 1
numa_node = 1
numa_node = 1
numa_node = 1
numa_node = 1
numa_node = 1
numa_node = 1
numa_node = 1
numa_node = 1
numa_node = 1
numa_node = 1
numa_node = 1
numa_node = 1
numa_node = 1
numa_node = 1
numa_node = 1
numa_node = 1
numa_node = 1
numa_node = 1
numa_node = 1
numa_node = 1
numa_node = 1
numa_node = 1
numa_node = 1
numa_node = 1
numa_node = 1
numa_node = 1
numa_node = 1
numa_node = 1
numa_node = 1
numa_node = 1
numa_node = 1
numa_node = 1
numa_node = 1
numa_node = 1
numa_node = 1
numa_node = 1
numa_node = 1
numa_node = 1
numa_node = 1
numa_node = 1
numa_node = 1
numa_node = 1
numa_node = 1
numa_node = 1
numa_node = 1
numa_node = 1
numa_node = 1
numa_node = 1
numa_node = 1
numa_node = 1
numa_node = 1
numa_node = 1
numa_node = 1
numa_node = 1
numa_node = 1
numa_node = 1
numa_node = 1
numa_node = 1
numa_node = 1
numa_node = 1
numa_node = 1
numa_node = 1
numa_node = 1
numa_node = 1
numa_node = 1
numa_node = 1
numa_node = 1
numa_node = 1
numa_node = 1
numa_node = 1
numa_node = 1
numa_node = 1
numa_node = 1
numa_node = 1
numa_node = 1
numa_node = 1
numa_node = 1
numa_node = 1
numa_node = 1
numa_node = 1
numa_node = 1
numa_node = 1
numa_node = 1
numa_node = 1
numa_node = 1
numa_node = 1
numa_node = 1
numa_node = 1
numa_node = 1
numa_node = 1
numa_node = 1
numa_node = 1
numa_node = 1
numa_node = 1
numa_node = 1
numa_node = 1
numa_node = 1
numa_node = 1
numa_node = 1
numa_node = 1
numa_node = 1
numa_node = 1
numa_node = 1
numa_node = 1
numa_node = 1
numa_node = 1
numa_node = 1
numa_node = 1
numa_node = 1
numa_node = 1
numa_node = 1
numa_node = 1
numa_node = 1
numa_node = 1
numa_node = 1
numa_node = 1
numa_node = 1
numa_node = 1
numa_node = 1
numa_node = 1
numa_node = 0
numa_node = 0
numa_node = 0
numa_node = 0
numa_node = 0
numa_node = 0
numa_node = 0
numa_node = 0
numa_node = 0
numa_node = 1
numa_node = 1
numa_node = 1
numa_node = 0
numa_node = 1
numa_node = 0
numa_node = 1
numa_node = 1
numa_node = 1
numa_node = 1
numa_node = 1
numa_node = 1
numa_node = 1
numa_node = 1
numa_node = 1
numa_node = 1
numa_node = 1
numa_node = 1
numa_node = 1
numa_node = 1
numa_node = 1
numa_node = 1
numa_node = 1
numa_node = 1
numa_node = 1
numa_node = 1
numa_node = 1
numa_node = 1
numa_node = 0
numa_node = 1
numa_node = 1
numa_node = 1
numa_node = 1
numa_node = 1
numa_node = 1
numa_node = 1
numa_node = 1
numa_node = 1
numa_node = 1
numa_node = 1
numa_node = 1
numa_node = 1
numa_node = 0
numa_node = 1
numa_node = 1
numa_node = 1
numa_node = 1
numa_node = 1
numa_node = 1
numa_node = 1
numa_node = 1
numa_node = 1
numa_node = 1
numa_node = 1
numa_node = 1
numa_node = 1
numa_node = 1
numa_node = 1
numa_node = 1
numa_node = 1
numa_node = 1
numa_node = 1
numa_node = 1
numa_node = 1
numa_node = 1
numa_node = 1
numa_node = 1
numa_node = 1
numa_node = 1
numa_node = 1
numa_node = 1
numa_node = 1
numa_node = 1
numa_node = 1
numa_node = 1
numa_node = 1
numa_node = 1
numa_node = 1
numa_node = 1
numa_node = 1
numa_node = 1
numa_node = 1
numa_node = 1
numa_node = 1
numa_node = 1
numa_node = 1
numa_node = 1
numa_node = 1
numa_node = 1
numa_node = 1
numa_node = 1
numa_node = 1
numa_node = 1
numa_node = 1
numa_node = 1
numa_node = 1
numa_node = 1
numa_node = 1
numa_node = 1
numa_node = 1
numa_node = 1
numa_node = 1
numa_node = 1
numa_node = 1
numa_node = 1
numa_node = 1
numa_node = 1
numa_node = 1
numa_node = 1
numa_node = 1
numa_node = 1
numa_node = 1
numa_node = 1
numa_node = 1
numa_node = 1
numa_node = 1
numa_node = 1
numa_node = 1
numa_node = 1
numa_node = 1
numa_node = 1
numa_node = 1
numa_node = 1
numa_node = 1
numa_node = 1
numa_node = 1
numa_node = 1
numa_node = 1
numa_node = 1
numa_node = 1
numa_node = 1
numa_node = 1
numa_node = 1
numa_node = 1
numa_node = 1
numa_node = 1
numa_node = 1
numa_node = 1
numa_node = 1
numa_node = 1
numa_node = 1
numa_node = 1
numa_node = 1
numa_node = 1
numa_node = 1
numa_node = 1
numa_node = 1
numa_node = 1
numa_node = 1
numa_node = 1
numa_node = 1
numa_node = 1
numa_node = 1
numa_node = 1
numa_node = 1
numa_node = 1
 sizeof(u)             14580000
 sizeof(us)              2544224
 sizeof(vs)              2544224
 sizeof(ws)              2544224
 sizeof(qs)              2544224
 sizeof(rho_i)              2544224
 sizeof(square)              2544224
 sizeof(rhs)             11854080
 sizeof(forcing)             11027360
 sizeof(out_buffer)              2420648
 sizeof(in_buffer)              2420648
 sizeof(fjac)                 9000
 sizeof(njac)                 9000
 sizeof(lhsa)                 8600
 sizeof(lhsb)                 8600
 sizeof(lhsc)             59270400
numa_node = 1
numa_node = 1
numa_node = 1
numa_node = 1
numa_node = 1
numa_node = 1
numa_node = 1
numa_node = 1
numa_node = 1
numa_node = 1
numa_node = 1
numa_node = 1
numa_node = 1
numa_node = 1
numa_node = 1
numa_node = 1
numa_node = 1
numa_node = 1
numa_node = 1
numa_node = 1
numa_node = 1
numa_node = 1
numa_node = 1
numa_node = 1
numa_node = 1
numa_node = 1
 sizeof(u)             14580000
 sizeof(us)              2544224
 sizeof(vs)              2544224
 sizeof(ws)              2544224
 sizeof(qs)              2544224
 sizeof(rho_i)              2544224
 sizeof(square)              2544224
 sizeof(rhs)             11854080
 sizeof(forcing)             11027360
 sizeof(out_buffer)              2420648
 sizeof(in_buffer)              2420648
 sizeof(fjac)                 9000
 sizeof(njac)                 9000
 sizeof(lhsa)                 8600
 sizeof(lhsb)                 8600
 sizeof(lhsc)             59270400
numa_node = 1
numa_node = 1
numa_node = 0
numa_node = 0
numa_node = 1
numa_node = 1
numa_node = 1
numa_node = 1
numa_node = 1
numa_node = 1
numa_node = 1
numa_node = 1
numa_node = 1
numa_node = 1
numa_node = 1
numa_node = 1
numa_node = 1
numa_node = 1
numa_node = 1
numa_node = 1
numa_node = 1
numa_node = 1
numa_node = 1
numa_node = 1
numa_node = 1
numa_node = 1
numa_node = 1
numa_node = 1
numa_node = 1
numa_node = 1
numa_node = 1
numa_node = 1
numa_node = 1
numa_node = 1
numa_node = 1
numa_node = 1
numa_node = 1
numa_node = 1
numa_node = 1
numa_node = 1
numa_node = 1
numa_node = 1
numa_node = 1
numa_node = 1
numa_node = 1
numa_node = 1
numa_node = 1
numa_node = 1
numa_node = 1
numa_node = 1
numa_node = 1
numa_node = 1
numa_node = 1
numa_node = 1
numa_node = 1
numa_node = 1
numa_node = 1
numa_node = 1
numa_node = 1
numa_node = 1
numa_node = 1
numa_node = 1
numa_node = 1
numa_node = 1
numa_node = 1
numa_node = 1
numa_node = 1
numa_node = 1
numa_node = 1
numa_node = 1
numa_node = 1
numa_node = 1
numa_node = 1
numa_node = 1
numa_node = 1
numa_node = 1
numa_node = 1
numa_node = 1
numa_node = 1
numa_node = 1
numa_node = 1
numa_node = 1
numa_node = 1
numa_node = 1
numa_node = 1
numa_node = 1
numa_node = 1
numa_node = 1
numa_node = 1
numa_node = 1
numa_node = 1
 sizeof(u)             14580000
 sizeof(us)              2544224
 sizeof(vs)              2544224
 sizeof(ws)              2544224
 sizeof(qs)              2544224
 sizeof(rho_i)              2544224
 sizeof(square)              2544224
 sizeof(rhs)             11854080
 sizeof(forcing)             11027360
 sizeof(out_buffer)              2420648
 sizeof(in_buffer)              2420648
 sizeof(fjac)                 9000
 sizeof(njac)                 9000
 sizeof(lhsa)                 8600
 sizeof(lhsb)                 8600
 sizeof(lhsc)             59270400
numa_node = 1
numa_node = 1
numa_node = 1
numa_node = 1
numa_node = 1
numa_node = 1
numa_node = 1
numa_node = 1
numa_node = 1
numa_node = 1
numa_node = 1
numa_node = 1
numa_node = 1
numa_node = 1
numa_node = 1
numa_node = 1
numa_node = 1
numa_node = 1
numa_node = 1
numa_node = 1
numa_node = 1
numa_node = 1
numa_node = 1
numa_node = 1
numa_node = 1
numa_node = 1
numa_node = 1
numa_node = 1
numa_node = 1
numa_node = 1
numa_node = 1
numa_node = 1
numa_node = 1
numa_node = 1
numa_node = 1
numa_node = 1
numa_node = 1
numa_node = 1
numa_node = 1
numa_node = 1
numa_node = 1
numa_node = 1
numa_node = 1
numa_node = 1
numa_node = 1
numa_node = 1
numa_node = 1
numa_node = 1
numa_node = 1
numa_node = 1
numa_node = 1
numa_node = 1
numa_node = 1
numa_node = 1
numa_node = 1
numa_node = 1
numa_node = 1
numa_node = 1
numa_node = 1
numa_node = 1
numa_node = 1
numa_node = 1
numa_node = 1
numa_node = 1
numa_node = 1
numa_node = 1
numa_node = 1
numa_node = 1
numa_node = 1
numa_node = 1
numa_node = 1
numa_node = 1
numa_node = 1
numa_node = 1
numa_node = 1
numa_node = 1
numa_node = 1
numa_node = 1
numa_node = 1
numa_node = 1
numa_node = 1
numa_node = 1
numa_node = 1
numa_node = 1
numa_node = 1
numa_node = 1
numa_node = 1
numa_node = 1
numa_node = 1
numa_node = 1
numa_node = 1
numa_node = 1
numa_node = 1
numa_node = 1
numa_node = 1
numa_node = 1
numa_node = 1
numa_node = 1
numa_node = 1
numa_node = 1
numa_node = 1
numa_node = 1
numa_node = 1
numa_node = 1
numa_node = 1
numa_node = 1
numa_node = 1
numa_node = 1
numa_node = 1
numa_node = 1
numa_node = 1
numa_node = 1
numa_node = 1
numa_node = 1
numa_node = 1
numa_node = 1
numa_node = 1
numa_node = 1
numa_node = 1
numa_node = 1
numa_node = 1
numa_node = 1
numa_node = 1
numa_node = 1
numa_node = 1
numa_node = 1
numa_node = 1
numa_node = 0
numa_node = 0
numa_node = 0
numa_node = 0
numa_node = 0
numa_node = 1
numa_node = 0
numa_node = 0
numa_node = 0
numa_node = 0
numa_node = 1
numa_node = 1
numa_node = 1
numa_node = 1
numa_node = 1
numa_node = 1
numa_node = 1
numa_node = 1
numa_node = 1
numa_node = 1
numa_node = 1
numa_node = 1
numa_node = 1
numa_node = 1
numa_node = 1
numa_node = 1
numa_node = 1
numa_node = 1
numa_node = 1
numa_node = 1
numa_node = 1
numa_node = 1
numa_node = 1
numa_node = 1
numa_node = 1
numa_node = 1
numa_node = 1
numa_node = 1
numa_node = 1
numa_node = 1
numa_node = 1
numa_node = 1
numa_node = 1
numa_node = 1
numa_node = 1
numa_node = 1
numa_node = 1
numa_node = 1
numa_node = 1
numa_node = 1
numa_node = 1
numa_node = 1
numa_node = 1
numa_node = 1
numa_node = 1
numa_node = 1
numa_node = 1
numa_node = 1
numa_node = 1
numa_node = 1
numa_node = 1
numa_node = 1
numa_node = 1
numa_node = 1
numa_node = 1
numa_node = 1
numa_node = 1
numa_node = 1
numa_node = 1
numa_node = 1
numa_node = 1
numa_node = 1
numa_node = 1
numa_node = 1
numa_node = 1
numa_node = 1
numa_node = 1
numa_node = 1
numa_node = 1
numa_node = 1
numa_node = 1
numa_node = 1
numa_node = 1
numa_node = 1
numa_node = 1
numa_node = 1
numa_node = 1
numa_node = 1
numa_node = 1
numa_node = 1
numa_node = 1
numa_node = 1
numa_node = 1
numa_node = 1
numa_node = 1
numa_node = 1
numa_node = 1
numa_node = 1
numa_node = 1
numa_node = 1
numa_node = 1
numa_node = 1
numa_node = 1
numa_node = 1
numa_node = 1
numa_node = 1
numa_node = 1
numa_node = 1
numa_node = 1
numa_node = 1
numa_node = 1
numa_node = 1
numa_node = 1
numa_node = 1
numa_node = 1
numa_node = 1
numa_node = 1
numa_node = 1
numa_node = 1
numa_node = 1
numa_node = 1
numa_node = 1
numa_node = 1
numa_node = 1
numa_node = 1
numa_node = 1
numa_node = 1
numa_node = 1
numa_node = 1
numa_node = 1
numa_node = 1
numa_node = 1
numa_node = 1
numa_node = 1
numa_node = 1
numa_node = 1
numa_node = 1
numa_node = 0
numa_node = 0
numa_node = 0
numa_node = 0
numa_node = 0
numa_node = 0
numa_node = 1
numa_node = 1
numa_node = 1
numa_node = 1
numa_node = 1
numa_node = 1
numa_node = 1
numa_node = 1
numa_node = 1
numa_node = 1
numa_node = 1
numa_node = 1
numa_node = 1
numa_node = 1
numa_node = 1
numa_node = 1
numa_node = 1
numa_node = 1
numa_node = 1
numa_node = 1
numa_node = 1
numa_node = 1
numa_node = 1
numa_node = 1
numa_node = 1
numa_node = 1
numa_node = 1
numa_node = 1
numa_node = 1
numa_node = 1
numa_node = 1
numa_node = 1
numa_node = 1
numa_node = 1
numa_node = 0
numa_node = 1
numa_node = 1
numa_node = 1
numa_node = 1
numa_node = 1
numa_node = 1
numa_node = 1
numa_node = 1
numa_node = 1
numa_node = 1
numa_node = 1
numa_node = 1
numa_node = 1
numa_node = 1
numa_node = 1
numa_node = 1
numa_node = 1
numa_node = 1
numa_node = 1
numa_node = 1
numa_node = 1
numa_node = 1
numa_node = 1
numa_node = 1
numa_node = 1
numa_node = 1
numa_node = 1
numa_node = 1
numa_node = 1
numa_node = 1
numa_node = 1
numa_node = 1
numa_node = 1
numa_node = 1
numa_node = 1
numa_node = 1
numa_node = 1
numa_node = 1
numa_node = 1
numa_node = 1
numa_node = 1
numa_node = 1
numa_node = 1
numa_node = 1
numa_node = 1
numa_node = 1
numa_node = 1
numa_node = 1
numa_node = 1
numa_node = 1
numa_node = 1
numa_node = 1
numa_node = 1
numa_node = 1
numa_node = 1
numa_node = 1
numa_node = 1
numa_node = 1
numa_node = 1
numa_node = 1
numa_node = 1
numa_node = 1
numa_node = 1
numa_node = 1
numa_node = 1
numa_node = 1
numa_node = 1
numa_node = 1
numa_node = 1
numa_node = 1
numa_node = 1
numa_node = 1
numa_node = 1
numa_node = 1
numa_node = 1
numa_node = 1
numa_node = 1
numa_node = 1
numa_node = 1
numa_node = 1
numa_node = 1
numa_node = 1
numa_node = 1
numa_node = 1
numa_node = 1
numa_node = 1
numa_node = 1
numa_node = 1
numa_node = 1
numa_node = 1
numa_node = 1
numa_node = 1
numa_node = 0
numa_node = 0
numa_node = 0
numa_node = 0
numa_node = 0
numa_node = 0
numa_node = 0
numa_node = 0
numa_node = 0
numa_node = 0
numa_node = 0
numa_node = 1
numa_node = 1
numa_node = 1
numa_node = 0
numa_node = 0
numa_node = 1
numa_node = 1
numa_node = 1
numa_node = 1
numa_node = 1
numa_node = 1
numa_node = 1
numa_node = 1
numa_node = 1
numa_node = 1
numa_node = 1
numa_node = 1
numa_node = 1
numa_node = 1
numa_node = 1
numa_node = 1
numa_node = 1
numa_node = 1
numa_node = 1
numa_node = 1
numa_node = 1
numa_node = 1
numa_node = 1
numa_node = 1
numa_node = 1
numa_node = 1
numa_node = 1
numa_node = 1
numa_node = 1
numa_node = 1
numa_node = 1
numa_node = 1
numa_node = 1
numa_node = 1
numa_node = 1
numa_node = 1
numa_node = 1
numa_node = 1
numa_node = 1
numa_node = 1
numa_node = 1
numa_node = 1
numa_node = 1
numa_node = 1
numa_node = 1
numa_node = 1
numa_node = 1
numa_node = 1
numa_node = 1
numa_node = 1
numa_node = 1
numa_node = 1
numa_node = 1
numa_node = 1
numa_node = 1
numa_node = 1
numa_node = 1
numa_node = 1
numa_node = 1
numa_node = 1
numa_node = 1
numa_node = 1
numa_node = 1
numa_node = 1
numa_node = 1
numa_node = 1
numa_node = 1
numa_node = 1
numa_node = 1
numa_node = 1
numa_node = 1
numa_node = 1
numa_node = 1
numa_node = 1
numa_node = 1
numa_node = 1
numa_node = 1
numa_node = 1
numa_node = 1
numa_node = 1
numa_node = 1
numa_node = 1
numa_node = 1
numa_node = 1
numa_node = 1
numa_node = 1
numa_node = 1
 sizeof(u)             14580000
 sizeof(us)              2544224
 sizeof(vs)              2544224
 sizeof(ws)              2544224
 sizeof(qs)              2544224
 sizeof(rho_i)              2544224
 sizeof(square)              2544224
 sizeof(rhs)             11854080
 sizeof(forcing)             11027360
 sizeof(out_buffer)              2420648
 sizeof(in_buffer)              2420648
 sizeof(fjac)                 9000
 sizeof(njac)                 9000
 sizeof(lhsa)                 8600
 sizeof(lhsb)                 8600
 sizeof(lhsc)             59270400
numa_node = 1
numa_node = 1
numa_node = 1
numa_node = 1
numa_node = 1
numa_node = 1
numa_node = 1
numa_node = 1
numa_node = 1
numa_node = 1
numa_node = 1
numa_node = 1
numa_node = 1
numa_node = 1
numa_node = 1
numa_node = 1
numa_node = 1
numa_node = 1
numa_node = 1
numa_node = 1
numa_node = 1
numa_node = 1
numa_node = 1
numa_node = 1
numa_node = 1
numa_node = 1
numa_node = 1
numa_node = 1
numa_node = 1
numa_node = 1
numa_node = 1
numa_node = 1
numa_node = 1
numa_node = 1
numa_node = 1
numa_node = 1
numa_node = 1
numa_node = 1
numa_node = 1
numa_node = 1
numa_node = 1
numa_node = 1
numa_node = 1
numa_node = 1
numa_node = 1
numa_node = 1
numa_node = 1
numa_node = 1
numa_node = 1
numa_node = 1
numa_node = 1
numa_node = 1
numa_node = 1
numa_node = 1
numa_node = 1
numa_node = 1
numa_node = 1
numa_node = 1
numa_node = 1
numa_node = 1
numa_node = 1
numa_node = 1
numa_node = 1
numa_node = 1
numa_node = 1
numa_node = 1
numa_node = 1
numa_node = 1
numa_node = 1
numa_node = 1
numa_node = 1
numa_node = 1
numa_node = 1
numa_node = 1
numa_node = 1
numa_node = 1
numa_node = 1
numa_node = 1
numa_node = 1
numa_node = 1
numa_node = 1
numa_node = 1
numa_node = 1
numa_node = 1
numa_node = 1
numa_node = 1
numa_node = 1
numa_node = 1
numa_node = 1
numa_node = 1
numa_node = 1
numa_node = 1
numa_node = 1
numa_node = 1
numa_node = 1
numa_node = 1
numa_node = 1
numa_node = 1
numa_node = 1
numa_node = 1
numa_node = 1
numa_node = 1
numa_node = 1
numa_node = 1
numa_node = 1
numa_node = 1
numa_node = 1
numa_node = 1
numa_node = 1
numa_node = 1
numa_node = 1
numa_node = 1
numa_node = 1
numa_node = 1
numa_node = 1
numa_node = 1
numa_node = 1
numa_node = 1
numa_node = 1
numa_node = 1
numa_node = 1
numa_node = 1
numa_node = 1
numa_node = 1
numa_node = 1
numa_node = 1
numa_node = 0
numa_node = 0
numa_node = 0
numa_node = 0
numa_node = 0
numa_node = 0
numa_node = 0
numa_node = 0
numa_node = 0
numa_node = 1
numa_node = 1
numa_node = 0
numa_node = 0
numa_node = 1
numa_node = 1
numa_node = 1
numa_node = 1
numa_node = 1
numa_node = 1
numa_node = 1
numa_node = 1
numa_node = 1
numa_node = 1
numa_node = 1
numa_node = 1
numa_node = 1
numa_node = 1
numa_node = 1
numa_node = 1
numa_node = 1
numa_node = 1
numa_node = 1
numa_node = 1
numa_node = 1
numa_node = 1
numa_node = 1
numa_node = 1
numa_node = 1
numa_node = 1
numa_node = 1
numa_node = 1
numa_node = 1
numa_node = 1
numa_node = 1
numa_node = 1
numa_node = 1
numa_node = 1
numa_node = 1
numa_node = 1
numa_node = 1
numa_node = 1
numa_node = 1
numa_node = 1
numa_node = 1
numa_node = 1
numa_node = 1
numa_node = 1
numa_node = 1
numa_node = 1
numa_node = 1
numa_node = 1
numa_node = 1
numa_node = 1
numa_node = 1
numa_node = 1
numa_node = 1
numa_node = 1
numa_node = 1
numa_node = 1
numa_node = 1
numa_node = 1
numa_node = 1
numa_node = 1
numa_node = 1
numa_node = 1
numa_node = 1
numa_node = 1
numa_node = 1
numa_node = 1
numa_node = 1
numa_node = 1
numa_node = 1
numa_node = 1
numa_node = 1
numa_node = 1
numa_node = 1
numa_node = 1
numa_node = 1
numa_node = 1
numa_node = 1
numa_node = 1
numa_node = 1
numa_node = 1
numa_node = 1
numa_node = 1
numa_node = 1
numa_node = 1
numa_node = 1
numa_node = 1
numa_node = 1
 sizeof(u)             14580000
 sizeof(us)              2544224
 sizeof(vs)              2544224
 sizeof(ws)              2544224
 sizeof(qs)              2544224
 sizeof(rho_i)              2544224
 sizeof(square)              2544224
 sizeof(rhs)             11854080
 sizeof(forcing)             11027360
 sizeof(out_buffer)              2420648
 sizeof(in_buffer)              2420648
 sizeof(fjac)                 9000
 sizeof(njac)                 9000
 sizeof(lhsa)                 8600
 sizeof(lhsb)                 8600
 sizeof(lhsc)             59270400
numa_node = 1
numa_node = 1
numa_node = 0
numa_node = 0
numa_node = 1
numa_node = 1
numa_node = 1
numa_node = 1
numa_node = 1
numa_node = 1
numa_node = 1
numa_node = 1
numa_node = 1
numa_node = 1
numa_node = 1
numa_node = 1
numa_node = 1
numa_node = 1
numa_node = 1
numa_node = 1
numa_node = 1
numa_node = 1
numa_node = 1
numa_node = 1
numa_node = 1
numa_node = 1
numa_node = 1
numa_node = 1
numa_node = 1
numa_node = 1
numa_node = 1
numa_node = 1
numa_node = 1
numa_node = 1
numa_node = 1
numa_node = 1
numa_node = 1
numa_node = 1
numa_node = 1
numa_node = 1
numa_node = 1
numa_node = 1
numa_node = 1
numa_node = 1
numa_node = 1
numa_node = 1
numa_node = 1
numa_node = 1
numa_node = 1
numa_node = 1
numa_node = 1
numa_node = 1
numa_node = 1
numa_node = 1
numa_node = 1
numa_node = 1
numa_node = 1
numa_node = 1
numa_node = 1
numa_node = 1
numa_node = 1
numa_node = 1
numa_node = 1
numa_node = 1
numa_node = 1
numa_node = 1
numa_node = 1
numa_node = 1
numa_node = 1
numa_node = 1
numa_node = 1
numa_node = 1
numa_node = 1
numa_node = 1
numa_node = 1
numa_node = 1
numa_node = 1
numa_node = 1
numa_node = 1
numa_node = 1
numa_node = 1
numa_node = 1
numa_node = 1
numa_node = 1
numa_node = 1
numa_node = 1
numa_node = 1
numa_node = 1
numa_node = 1
numa_node = 1
numa_node = 1
 sizeof(u)             14580000
 sizeof(us)              2544224
 sizeof(vs)              2544224
 sizeof(ws)              2544224
 sizeof(qs)              2544224
 sizeof(rho_i)              2544224
 sizeof(square)              2544224
 sizeof(rhs)             11854080
 sizeof(forcing)             11027360
 sizeof(out_buffer)              2420648
 sizeof(in_buffer)              2420648
 sizeof(fjac)                 9000
 sizeof(njac)                 9000
 sizeof(lhsa)                 8600
 sizeof(lhsb)                 8600
 sizeof(lhsc)             59270400
numa_node = 1
numa_node = 1
numa_node = 0
numa_node = 0
numa_node = 1
numa_node = 1
numa_node = 1
numa_node = 1
numa_node = 1
numa_node = 1
numa_node = 1
numa_node = 1
numa_node = 1
numa_node = 1
numa_node = 1
numa_node = 1
numa_node = 1
numa_node = 1
numa_node = 1
numa_node = 1
numa_node = 1
numa_node = 1
numa_node = 1
numa_node = 1
numa_node = 1
numa_node = 1
numa_node = 1
numa_node = 1
numa_node = 1
numa_node = 1
numa_node = 1
numa_node = 1
numa_node = 1
numa_node = 1
numa_node = 1
numa_node = 1
numa_node = 1
numa_node = 1
numa_node = 1
numa_node = 1
numa_node = 1
numa_node = 1
numa_node = 1
numa_node = 1
numa_node = 1
numa_node = 1
numa_node = 1
numa_node = 1
numa_node = 1
numa_node = 1
numa_node = 1
numa_node = 1
numa_node = 1
numa_node = 1
numa_node = 1
numa_node = 1
numa_node = 1
numa_node = 1
numa_node = 1
numa_node = 1
numa_node = 1
numa_node = 1
numa_node = 1
numa_node = 1
numa_node = 1
numa_node = 1
numa_node = 1
numa_node = 1
numa_node = 1
numa_node = 1
numa_node = 1
numa_node = 1
numa_node = 1
numa_node = 1
numa_node = 1
numa_node = 1
numa_node = 1
numa_node = 1
numa_node = 1
numa_node = 1
numa_node = 1
numa_node = 1
numa_node = 1
numa_node = 1
numa_node = 1
numa_node = 1
numa_node = 1
numa_node = 1
numa_node = 1
numa_node = 1
numa_node = 1
 sizeof(u)             14580000
 sizeof(us)              2544224
 sizeof(vs)              2544224
 sizeof(ws)              2544224
 sizeof(qs)              2544224
 sizeof(rho_i)              2544224
 sizeof(square)              2544224
 sizeof(rhs)             11854080
 sizeof(forcing)             11027360
 sizeof(out_buffer)              2420648
 sizeof(in_buffer)              2420648
 sizeof(fjac)                 9000
 sizeof(njac)                 9000
 sizeof(lhsa)                 8600
 sizeof(lhsb)                 8600
 sizeof(lhsc)             59270400
numa_node = 1
numa_node = 1
numa_node = 1
numa_node = 1
numa_node = 1
numa_node = 1
numa_node = 1
numa_node = 1
numa_node = 1
numa_node = 1
numa_node = 1
numa_node = 1
numa_node = 1
numa_node = 1
numa_node = 1
numa_node = 1
numa_node = 1
numa_node = 1
numa_node = 1
numa_node = 1
numa_node = 1
numa_node = 1
numa_node = 1
numa_node = 1
numa_node = 1
numa_node = 1
numa_node = 1
numa_node = 1
numa_node = 1
numa_node = 1
numa_node = 1
numa_node = 1
numa_node = 1
numa_node = 1
numa_node = 1
numa_node = 1
numa_node = 1
numa_node = 1
numa_node = 1
numa_node = 1
numa_node = 1
numa_node = 1
numa_node = 1
numa_node = 1
numa_node = 1
numa_node = 1
numa_node = 1
numa_node = 1
numa_node = 1
numa_node = 1
numa_node = 1
numa_node = 1
numa_node = 1
numa_node = 1
numa_node = 1
numa_node = 1
numa_node = 1
numa_node = 1
numa_node = 1
numa_node = 1
numa_node = 1
numa_node = 1
numa_node = 1
numa_node = 1
numa_node = 1
numa_node = 1
numa_node = 1
numa_node = 1
numa_node = 1
numa_node = 1
numa_node = 1
numa_node = 1
numa_node = 1
numa_node = 1
numa_node = 1
numa_node = 1
numa_node = 1
numa_node = 1
numa_node = 1
numa_node = 1
numa_node = 1
numa_node = 1
numa_node = 1
numa_node = 1
numa_node = 1
numa_node = 1
numa_node = 1
numa_node = 1
numa_node = 1
numa_node = 1
numa_node = 1
numa_node = 1
numa_node = 1
numa_node = 1
numa_node = 1
numa_node = 1
numa_node = 1
numa_node = 1
numa_node = 1
numa_node = 1
numa_node = 1
numa_node = 1
numa_node = 1
numa_node = 1
numa_node = 1
numa_node = 1
numa_node = 1
numa_node = 1
numa_node = 1
numa_node = 1
numa_node = 1
numa_node = 1
numa_node = 1
numa_node = 1
numa_node = 1
numa_node = 1
numa_node = 1
numa_node = 1
numa_node = 1
numa_node = 1
numa_node = 1
numa_node = 1
numa_node = 1
numa_node = 1
numa_node = 1
numa_node = 1
numa_node = 1
numa_node = 0
numa_node = 0
numa_node = 0
numa_node = 0
numa_node = 0
numa_node = 0
numa_node = 0
numa_node = 0
numa_node = 0
numa_node = 1
numa_node = 1
numa_node = 0
numa_node = 0
numa_node = 1
numa_node = 1
numa_node = 1
numa_node = 1
numa_node = 1
numa_node = 1
numa_node = 1
numa_node = 1
numa_node = 1
numa_node = 1
numa_node = 1
numa_node = 1
numa_node = 1
numa_node = 1
numa_node = 1
numa_node = 1
numa_node = 1
numa_node = 1
numa_node = 1
numa_node = 1
numa_node = 1
numa_node = 1
numa_node = 1
numa_node = 1
numa_node = 1
numa_node = 1
numa_node = 1
numa_node = 1
numa_node = 1
numa_node = 1
numa_node = 1
numa_node = 1
numa_node = 1
numa_node = 1
numa_node = 1
numa_node = 1
numa_node = 1
numa_node = 1
numa_node = 1
numa_node = 1
numa_node = 1
numa_node = 1
numa_node = 1
numa_node = 1
numa_node = 1
numa_node = 1
numa_node = 1
numa_node = 1
numa_node = 1
numa_node = 1
numa_node = 1
numa_node = 1
numa_node = 1
numa_node = 1
numa_node = 1
numa_node = 1
numa_node = 1
numa_node = 1
numa_node = 1
numa_node = 1
numa_node = 1
numa_node = 1
numa_node = 1
numa_node = 1
numa_node = 1
numa_node = 1
numa_node = 1
numa_node = 1
numa_node = 1
numa_node = 1
numa_node = 1
numa_node = 1
numa_node = 1
numa_node = 1
numa_node = 1
numa_node = 1
numa_node = 1
numa_node = 1
numa_node = 1
numa_node = 1
numa_node = 1
numa_node = 1
numa_node = 1
numa_node = 1
numa_node = 1
numa_node = 1
numa_node = 1
 sizeof(u)             14580000
 sizeof(us)              2544224
 sizeof(vs)              2544224
 sizeof(ws)              2544224
 sizeof(qs)              2544224
 sizeof(rho_i)              2544224
 sizeof(square)              2544224
 sizeof(rhs)             11854080
 sizeof(forcing)             11027360
 sizeof(out_buffer)              2420648
 sizeof(in_buffer)              2420648
 sizeof(fjac)                 9000
 sizeof(njac)                 9000
 sizeof(lhsa)                 8600
 sizeof(lhsb)                 8600
 sizeof(lhsc)             59270400
numa_node = 1
numa_node = 1
numa_node = 1
numa_node = 1
numa_node = 1
numa_node = 1
numa_node = 1
numa_node = 1
numa_node = 1
numa_node = 1
numa_node = 1
numa_node = 1
numa_node = 1
numa_node = 1
numa_node = 1
numa_node = 1
numa_node = 1
numa_node = 1
numa_node = 1
numa_node = 1
numa_node = 1
numa_node = 1
numa_node = 1
numa_node = 1
numa_node = 1
numa_node = 1
numa_node = 1
numa_node = 1
numa_node = 1
numa_node = 1
numa_node = 1
numa_node = 1
numa_node = 1
numa_node = 1
numa_node = 1
numa_node = 1
numa_node = 1
numa_node = 1
numa_node = 1
numa_node = 1
numa_node = 1
numa_node = 1
numa_node = 1
numa_node = 1
numa_node = 1
numa_node = 1
numa_node = 1
numa_node = 1
numa_node = 1
numa_node = 1
numa_node = 1
numa_node = 1
numa_node = 1
numa_node = 1
numa_node = 1
numa_node = 1
numa_node = 1
numa_node = 1
numa_node = 1
numa_node = 1
numa_node = 1
numa_node = 1
numa_node = 1
numa_node = 1
numa_node = 1
numa_node = 1
numa_node = 1
numa_node = 1
numa_node = 1
numa_node = 1
numa_node = 1
numa_node = 1
numa_node = 1
numa_node = 1
numa_node = 1
numa_node = 1
numa_node = 1
numa_node = 1
numa_node = 1
numa_node = 1
numa_node = 1
numa_node = 1
numa_node = 1
numa_node = 1
numa_node = 1
numa_node = 1
numa_node = 1
numa_node = 1
numa_node = 1
numa_node = 1
numa_node = 1
numa_node = 1
numa_node = 1
numa_node = 1
numa_node = 1
numa_node = 1
numa_node = 1
numa_node = 1
numa_node = 1
numa_node = 1
numa_node = 1
numa_node = 1
numa_node = 1
numa_node = 1
numa_node = 1
numa_node = 1
numa_node = 1
numa_node = 1
numa_node = 1
numa_node = 1
numa_node = 1
numa_node = 1
numa_node = 1
numa_node = 1
numa_node = 1
numa_node = 1
numa_node = 1
numa_node = 1
numa_node = 1
numa_node = 1
numa_node = 1
numa_node = 1
numa_node = 1
numa_node = 1
numa_node = 1
numa_node = 1
numa_node = 1
numa_node = 0
numa_node = 0
numa_node = 0
numa_node = 0
numa_node = 0
numa_node = 0
numa_node = 0
numa_node = 0
numa_node = 0
numa_node = 1
numa_node = 1
numa_node = 0
numa_node = 0
numa_node = 1
numa_node = 1
numa_node = 1
numa_node = 1
numa_node = 1
numa_node = 1
numa_node = 1
numa_node = 1
numa_node = 1
numa_node = 1
numa_node = 1
numa_node = 1
numa_node = 1
numa_node = 1
numa_node = 1
numa_node = 1
numa_node = 1
numa_node = 1
numa_node = 1
numa_node = 1
numa_node = 1
numa_node = 1
numa_node = 1
numa_node = 1
numa_node = 1
numa_node = 1
numa_node = 1
numa_node = 1
numa_node = 1
numa_node = 1
numa_node = 1
numa_node = 1
numa_node = 1
numa_node = 1
numa_node = 1
numa_node = 1
numa_node = 1
numa_node = 1
numa_node = 1
numa_node = 1
numa_node = 1
numa_node = 1
numa_node = 1
numa_node = 1
numa_node = 1
numa_node = 1
numa_node = 1
numa_node = 1
numa_node = 1
numa_node = 1
numa_node = 1
numa_node = 1
numa_node = 1
numa_node = 1
numa_node = 1
numa_node = 1
numa_node = 1
numa_node = 1
numa_node = 1
numa_node = 1
numa_node = 1
numa_node = 1
numa_node = 1
numa_node = 1
numa_node = 1
numa_node = 1
numa_node = 1
numa_node = 1
numa_node = 1
numa_node = 1
numa_node = 1
numa_node = 1
numa_node = 1
numa_node = 1
numa_node = 1
numa_node = 1
numa_node = 1
numa_node = 1
numa_node = 1
numa_node = 1
numa_node = 1
numa_node = 1
numa_node = 1
numa_node = 1
numa_node = 1
numa_node = 1
numa_node = 1
 sizeof(u)             14580000
 sizeof(us)              2544224
 sizeof(vs)              2544224
 sizeof(ws)              2544224
 sizeof(qs)              2544224
 sizeof(rho_i)              2544224
 sizeof(square)              2544224
 sizeof(rhs)             11854080
 sizeof(forcing)             11027360
 sizeof(out_buffer)              2420648
 sizeof(in_buffer)              2420648
 sizeof(fjac)                 9000
 sizeof(njac)                 9000
 sizeof(lhsa)                 8600
 sizeof(lhsb)                 8600
 sizeof(lhsc)             59270400
numa_node = 1
numa_node = 1
numa_node = 1
numa_node = 1
numa_node = 1
numa_node = 1
numa_node = 1
numa_node = 1
numa_node = 1
numa_node = 1
numa_node = 1
numa_node = 1
numa_node = 1
numa_node = 1
numa_node = 1
numa_node = 1
numa_node = 1
numa_node = 1
numa_node = 1
numa_node = 1
numa_node = 1
numa_node = 1
numa_node = 1
numa_node = 1
numa_node = 1
numa_node = 1
numa_node = 1
numa_node = 1
numa_node = 1
numa_node = 1
numa_node = 1
numa_node = 1
numa_node = 1
numa_node = 1
numa_node = 1
numa_node = 1
numa_node = 1
numa_node = 1
numa_node = 1
numa_node = 1
numa_node = 1
numa_node = 1
numa_node = 1
numa_node = 1
numa_node = 1
numa_node = 1
numa_node = 1
numa_node = 1
numa_node = 1
numa_node = 1
numa_node = 1
numa_node = 1
numa_node = 1
numa_node = 1
numa_node = 1
numa_node = 1
numa_node = 1
numa_node = 1
numa_node = 1
numa_node = 1
numa_node = 1
numa_node = 1
numa_node = 1
numa_node = 1
numa_node = 1
numa_node = 1
numa_node = 1
numa_node = 1
numa_node = 1
numa_node = 1
numa_node = 1
numa_node = 1
numa_node = 1
numa_node = 1
numa_node = 1
numa_node = 1
numa_node = 1
numa_node = 1
numa_node = 1
numa_node = 1
numa_node = 1
numa_node = 1
numa_node = 1
numa_node = 1
numa_node = 1
numa_node = 1
numa_node = 1
numa_node = 1
numa_node = 1
numa_node = 1
numa_node = 1
numa_node = 1
numa_node = 1
numa_node = 1
numa_node = 1
numa_node = 1
numa_node = 1
numa_node = 1
numa_node = 1
numa_node = 1
numa_node = 1
numa_node = 1
numa_node = 1
numa_node = 1
numa_node = 1
numa_node = 1
numa_node = 1
numa_node = 1
numa_node = 1
numa_node = 1
numa_node = 1
numa_node = 1
numa_node = 1
numa_node = 1
numa_node = 1
numa_node = 1
numa_node = 1
numa_node = 1
numa_node = 1
numa_node = 1
numa_node = 1
numa_node = 1
numa_node = 1
numa_node = 1
numa_node = 1
numa_node = 1
numa_node = 1
numa_node = 0
numa_node = 0
numa_node = 0
numa_node = 0
numa_node = 0
numa_node = 0
numa_node = 0
numa_node = 0
numa_node = 0
numa_node = 1
numa_node = 1
numa_node = 1
numa_node = 1
numa_node = 1
numa_node = 1
numa_node = 1
numa_node = 1
numa_node = 1
numa_node = 1
numa_node = 1
numa_node = 1
numa_node = 1
numa_node = 1
numa_node = 1
numa_node = 1
numa_node = 1
numa_node = 1
numa_node = 1
numa_node = 1
numa_node = 1
numa_node = 1
numa_node = 1
numa_node = 1
numa_node = 1
numa_node = 1
numa_node = 1
numa_node = 1
numa_node = 1
numa_node = 1
numa_node = 1
numa_node = 1
numa_node = 1
numa_node = 1
numa_node = 1
numa_node = 1
numa_node = 1
numa_node = 1
numa_node = 1
numa_node = 1
numa_node = 1
numa_node = 1
numa_node = 1
numa_node = 1
numa_node = 1
numa_node = 1
numa_node = 1
numa_node = 1
numa_node = 1
numa_node = 1
numa_node = 1
numa_node = 1
numa_node = 1
numa_node = 1
numa_node = 1
numa_node = 1
numa_node = 1
numa_node = 1
numa_node = 1
numa_node = 1
numa_node = 1
numa_node = 1
numa_node = 1
numa_node = 1
numa_node = 1
numa_node = 1
numa_node = 1
numa_node = 1
numa_node = 1
numa_node = 1
numa_node = 1
numa_node = 1
numa_node = 1
numa_node = 1
numa_node = 1
numa_node = 1
numa_node = 1
numa_node = 1
numa_node = 1
numa_node = 1
numa_node = 1
numa_node = 1
numa_node = 1
numa_node = 1
numa_node = 1
numa_node = 1
numa_node = 1
numa_node = 1
numa_node = 1
numa_node = 1
numa_node = 1
numa_node = 1
numa_node = 1
numa_node = 1
numa_node = 1
numa_node = 1
numa_node = 1
numa_node = 1
numa_node = 1
numa_node = 1
numa_node = 1
numa_node = 1
numa_node = 1
numa_node = 1
numa_node = 1
numa_node = 1
numa_node = 1
numa_node = 1
numa_node = 1
numa_node = 1
numa_node = 1
numa_node = 1
numa_node = 1
numa_node = 1
numa_node = 1
numa_node = 1
numa_node = 1
numa_node = 1
numa_node = 1
numa_node = 1
numa_node = 1
numa_node = 1
numa_node = 1
numa_node = 1
numa_node = 1
numa_node = 1
numa_node = 1
numa_node = 0
numa_node = 0
numa_node = 0
numa_node = 0
numa_node = 0
numa_node = 0
numa_node = 0
numa_node = 0
numa_node = 0
numa_node = 1
numa_node = 1
numa_node = 0
numa_node = 0
numa_node = 1
numa_node = 1
numa_node = 1
numa_node = 1
numa_node = 1
numa_node = 1
numa_node = 1
numa_node = 1
numa_node = 1
numa_node = 1
numa_node = 1
numa_node = 1
numa_node = 1
numa_node = 1
numa_node = 1
numa_node = 1
numa_node = 1
numa_node = 1
numa_node = 1
numa_node = 1
numa_node = 1
numa_node = 1
numa_node = 1
numa_node = 1
numa_node = 1
numa_node = 1
numa_node = 1
numa_node = 1
numa_node = 1
numa_node = 1
numa_node = 1
numa_node = 1
numa_node = 1
numa_node = 1
numa_node = 1
numa_node = 1
numa_node = 1
numa_node = 1
numa_node = 1
numa_node = 1
numa_node = 1
numa_node = 1
numa_node = 1
numa_node = 1
numa_node = 1
numa_node = 1
numa_node = 1
numa_node = 1
numa_node = 1
numa_node = 1
numa_node = 1
numa_node = 1
numa_node = 1
numa_node = 1
numa_node = 1
numa_node = 1
numa_node = 1
numa_node = 1
numa_node = 1
numa_node = 1
numa_node = 1
numa_node = 1
numa_node = 1
numa_node = 1
numa_node = 1
numa_node = 1
numa_node = 1
numa_node = 1
numa_node = 1
numa_node = 1
numa_node = 1
numa_node = 1
numa_node = 1
numa_node = 1
numa_node = 1
numa_node = 1
numa_node = 1
numa_node = 1
numa_node = 1
numa_node = 1
numa_node = 1
numa_node = 1
numa_node = 1
numa_node = 1
numa_node = 1
numa_node = 1
numa_node = 1
 sizeof(u)             14580000
 sizeof(us)              2544224
 sizeof(vs)              2544224
 sizeof(ws)              2544224
 sizeof(qs)              2544224
 sizeof(rho_i)              2544224
 sizeof(square)              2544224
 sizeof(rhs)             11854080
 sizeof(forcing)             11027360
 sizeof(out_buffer)              2420648
 sizeof(in_buffer)              2420648
 sizeof(fjac)                 9000
 sizeof(njac)                 9000
 sizeof(lhsa)                 8600
 sizeof(lhsb)                 8600
 sizeof(lhsc)             59270400
numa_node = 1
numa_node = 1
numa_node = 0
numa_node = 0
numa_node = 1
numa_node = 1
numa_node = 1
numa_node = 1
numa_node = 1
numa_node = 1
numa_node = 1
numa_node = 1
numa_node = 1
numa_node = 1
numa_node = 1
numa_node = 1
numa_node = 1
numa_node = 1
numa_node = 1
numa_node = 1
numa_node = 1
numa_node = 1
numa_node = 1
numa_node = 1
numa_node = 1
numa_node = 1
numa_node = 1
numa_node = 1
numa_node = 1
numa_node = 1
numa_node = 1
numa_node = 1
numa_node = 1
numa_node = 1
numa_node = 1
numa_node = 1
numa_node = 1
numa_node = 1
numa_node = 1
numa_node = 1
numa_node = 1
numa_node = 1
numa_node = 1
numa_node = 1
numa_node = 1
numa_node = 1
numa_node = 1
numa_node = 1
numa_node = 1
numa_node = 1
numa_node = 1
numa_node = 1
numa_node = 1
numa_node = 1
numa_node = 1
numa_node = 1
numa_node = 1
numa_node = 1
numa_node = 1
numa_node = 1
numa_node = 1
numa_node = 1
numa_node = 1
numa_node = 1
numa_node = 1
numa_node = 1
numa_node = 1
numa_node = 1
numa_node = 1
numa_node = 1
numa_node = 1
numa_node = 1
numa_node = 1
numa_node = 1
numa_node = 1
numa_node = 1
numa_node = 1
numa_node = 1
numa_node = 1
numa_node = 1
numa_node = 1
numa_node = 1
numa_node = 1
numa_node = 1
numa_node = 1
numa_node = 1
numa_node = 1
numa_node = 1
numa_node = 1
numa_node = 1
numa_node = 1
 sizeof(u)             14580000
 sizeof(us)              2544224
 sizeof(vs)              2544224
 sizeof(ws)              2544224
 sizeof(qs)              2544224
 sizeof(rho_i)              2544224
 sizeof(square)              2544224
 sizeof(rhs)             11854080
 sizeof(forcing)             11027360
 sizeof(out_buffer)              2420648
 sizeof(in_buffer)              2420648
 sizeof(fjac)                 9000
 sizeof(njac)                 9000
 sizeof(lhsa)                 8600
 sizeof(lhsb)                 8600
 sizeof(lhsc)             59270400
numa_node = 1
numa_node = 1
numa_node = 1
numa_node = 1
numa_node = 1
numa_node = 1
numa_node = 1
numa_node = 1
numa_node = 1
numa_node = 1
numa_node = 1
numa_node = 1
numa_node = 1
numa_node = 1
numa_node = 1
numa_node = 1
numa_node = 1
numa_node = 1
numa_node = 1
numa_node = 1
numa_node = 1
numa_node = 1
numa_node = 1
numa_node = 1
numa_node = 1
numa_node = 1
numa_node = 1
numa_node = 1
numa_node = 1
numa_node = 1
numa_node = 1
numa_node = 1
numa_node = 1
numa_node = 1
numa_node = 1
numa_node = 1
numa_node = 1
numa_node = 1
numa_node = 1
numa_node = 1
numa_node = 1
numa_node = 1
numa_node = 1
numa_node = 1
numa_node = 1
numa_node = 1
numa_node = 1
numa_node = 1
numa_node = 1
numa_node = 1
numa_node = 1
numa_node = 1
numa_node = 1
numa_node = 1
numa_node = 1
numa_node = 1
numa_node = 1
numa_node = 1
numa_node = 1
numa_node = 1
numa_node = 1
numa_node = 1
numa_node = 1
numa_node = 1
numa_node = 1
numa_node = 1
numa_node = 1
numa_node = 1
numa_node = 1
numa_node = 1
numa_node = 1
numa_node = 1
numa_node = 1
numa_node = 1
numa_node = 1
numa_node = 1
numa_node = 1
numa_node = 1
numa_node = 1
numa_node = 1
numa_node = 1
numa_node = 1
numa_node = 1
numa_node = 1
numa_node = 1
numa_node = 1
numa_node = 1
numa_node = 1
numa_node = 1
numa_node = 1
numa_node = 1
numa_node = 1
numa_node = 1
numa_node = 1
numa_node = 1
numa_node = 1
numa_node = 1
numa_node = 1
numa_node = 1
numa_node = 1
numa_node = 1
numa_node = 1
numa_node = 1
numa_node = 1
numa_node = 1
numa_node = 1
numa_node = 1
numa_node = 1
numa_node = 1
numa_node = 1
numa_node = 1
numa_node = 1
numa_node = 1
numa_node = 1
numa_node = 1
numa_node = 1
numa_node = 1
numa_node = 1
numa_node = 1
numa_node = 1
numa_node = 1
numa_node = 1
numa_node = 1
numa_node = 1
numa_node = 1
numa_node = 1
numa_node = 1
numa_node = 0
numa_node = 0
numa_node = 0
numa_node = 0
numa_node = 0
numa_node = 0
numa_node = 0
numa_node = 1
numa_node = 0
numa_node = 0
numa_node = 1
numa_node = 1
numa_node = 1
numa_node = 1
numa_node = 1
numa_node = 1
numa_node = 1
numa_node = 1
numa_node = 1
numa_node = 1
numa_node = 1
numa_node = 1
numa_node = 1
numa_node = 1
numa_node = 1
numa_node = 1
numa_node = 1
numa_node = 1
numa_node = 1
numa_node = 1
numa_node = 1
numa_node = 1
numa_node = 1
numa_node = 1
numa_node = 1
numa_node = 1
numa_node = 1
numa_node = 1
numa_node = 1
numa_node = 1
numa_node = 1
numa_node = 1
numa_node = 1
numa_node = 1
numa_node = 1
numa_node = 1
numa_node = 1
numa_node = 1
numa_node = 1
numa_node = 1
numa_node = 1
numa_node = 1
numa_node = 1
numa_node = 1
numa_node = 1
numa_node = 1
numa_node = 1
numa_node = 1
numa_node = 1
numa_node = 1
numa_node = 1
numa_node = 1
numa_node = 1
numa_node = 1
numa_node = 1
numa_node = 1
numa_node = 1
numa_node = 1
numa_node = 1
numa_node = 1
numa_node = 1
numa_node = 1
numa_node = 1
numa_node = 1
numa_node = 1
numa_node = 1
numa_node = 1
numa_node = 1
numa_node = 1
numa_node = 1
numa_node = 1
numa_node = 1
numa_node = 1
numa_node = 1
numa_node = 1
numa_node = 1
numa_node = 1
numa_node = 1
numa_node = 1
numa_node = 1
numa_node = 1
numa_node = 1
numa_node = 1
numa_node = 1
numa_node = 1
numa_node = 1
numa_node = 1
numa_node = 1
numa_node = 1
numa_node = 1
numa_node = 1
numa_node = 1
numa_node = 1
numa_node = 1
numa_node = 1
numa_node = 1
numa_node = 1
numa_node = 1
numa_node = 1
numa_node = 1
numa_node = 1
numa_node = 1
numa_node = 1
numa_node = 1
numa_node = 1
numa_node = 1
numa_node = 1
numa_node = 1
numa_node = 1
numa_node = 1
numa_node = 1
numa_node = 1
numa_node = 1
numa_node = 1
numa_node = 1
numa_node = 1
numa_node = 1
numa_node = 1
numa_node = 1
numa_node = 1
numa_node = 1
numa_node = 1
numa_node = 1
numa_node = 1
numa_node = 1
numa_node = 1
numa_node = 0
numa_node = 0
numa_node = 0
numa_node = 0
numa_node = 0
numa_node = 0
numa_node = 0
numa_node = 0
numa_node = 0
numa_node = 1
numa_node = 1
numa_node = 0
numa_node = 0
numa_node = 1
numa_node = 1
numa_node = 1
numa_node = 1
numa_node = 1
numa_node = 1
numa_node = 1
numa_node = 1
numa_node = 1
numa_node = 1
numa_node = 1
numa_node = 1
numa_node = 1
numa_node = 1
numa_node = 1
numa_node = 1
numa_node = 1
numa_node = 1
numa_node = 1
numa_node = 1
numa_node = 1
numa_node = 1
numa_node = 1
numa_node = 1
numa_node = 1
numa_node = 1
numa_node = 1
numa_node = 1
numa_node = 1
numa_node = 1
numa_node = 1
numa_node = 1
numa_node = 1
numa_node = 1
numa_node = 1
numa_node = 1
numa_node = 1
numa_node = 1
numa_node = 1
numa_node = 1
numa_node = 1
numa_node = 1
numa_node = 1
numa_node = 1
numa_node = 1
numa_node = 1
numa_node = 1
numa_node = 1
numa_node = 1
numa_node = 1
numa_node = 1
numa_node = 1
numa_node = 1
numa_node = 1
numa_node = 1
numa_node = 1
numa_node = 1
numa_node = 1
numa_node = 1
numa_node = 1
numa_node = 1
numa_node = 1
numa_node = 1
numa_node = 1
numa_node = 1
numa_node = 1
numa_node = 1
numa_node = 1
numa_node = 1
numa_node = 1
numa_node = 1
numa_node = 1
numa_node = 1
numa_node = 1
numa_node = 1
numa_node = 1
numa_node = 1
numa_node = 1
numa_node = 1
numa_node = 1
numa_node = 1
numa_node = 1
numa_node = 1
numa_node = 1
numa_node = 1
numa_node = 1
numa_node = 1
 sizeof(u)             14580000
 sizeof(us)              2544224
 sizeof(vs)              2544224
 sizeof(ws)              2544224
 sizeof(qs)              2544224
 sizeof(rho_i)              2544224
 sizeof(square)              2544224
 sizeof(rhs)             11854080
 sizeof(forcing)             11027360
 sizeof(out_buffer)              2420648
 sizeof(in_buffer)              2420648
 sizeof(fjac)                 9000
 sizeof(njac)                 9000
 sizeof(lhsa)                 8600
 sizeof(lhsb)                 8600
 sizeof(lhsc)             59270400
numa_node = 1
numa_node = 1
numa_node = 0
numa_node = 0
numa_node = 1
numa_node = 1
numa_node = 1
numa_node = 1
numa_node = 1
numa_node = 1
numa_node = 1
numa_node = 1
numa_node = 1
numa_node = 1
numa_node = 1
numa_node = 1
numa_node = 1
numa_node = 1
numa_node = 1
numa_node = 1
numa_node = 1
numa_node = 1
numa_node = 1
numa_node = 1
numa_node = 1
numa_node = 1
numa_node = 1
numa_node = 1
numa_node = 1
numa_node = 1
numa_node = 1
numa_node = 1
numa_node = 1
numa_node = 1
numa_node = 1
numa_node = 1
numa_node = 1
numa_node = 1
numa_node = 1
numa_node = 1
numa_node = 1
numa_node = 1
numa_node = 1
numa_node = 1
numa_node = 1
numa_node = 1
numa_node = 1
numa_node = 1
numa_node = 1
numa_node = 1
numa_node = 1
numa_node = 1
numa_node = 1
numa_node = 1
numa_node = 1
numa_node = 1
numa_node = 1
numa_node = 1
numa_node = 1
numa_node = 1
numa_node = 1
numa_node = 1
numa_node = 1
numa_node = 1
numa_node = 1
numa_node = 1
numa_node = 1
numa_node = 1
numa_node = 1
numa_node = 1
numa_node = 1
numa_node = 1
numa_node = 1
numa_node = 1
numa_node = 1
numa_node = 1
numa_node = 1
numa_node = 1
numa_node = 1
numa_node = 1
numa_node = 1
numa_node = 1
numa_node = 1
numa_node = 1
numa_node = 1
numa_node = 1
numa_node = 1
numa_node = 1
numa_node = 1
numa_node = 1
numa_node = 1
 sizeof(u)             14580000
 sizeof(us)              2544224
 sizeof(vs)              2544224
 sizeof(ws)              2544224
 sizeof(qs)              2544224
 sizeof(rho_i)              2544224
 sizeof(square)              2544224
 sizeof(rhs)             11854080
 sizeof(forcing)             11027360
 sizeof(out_buffer)              2420648
 sizeof(in_buffer)              2420648
 sizeof(fjac)                 9000
 sizeof(njac)                 9000
 sizeof(lhsa)                 8600
 sizeof(lhsb)                 8600
 sizeof(lhsc)             59270400
numa_node = 1
numa_node = 1
numa_node = 1
numa_node = 1
numa_node = 1
numa_node = 1
numa_node = 1
numa_node = 1
numa_node = 1
numa_node = 1
numa_node = 1
numa_node = 1
numa_node = 1
numa_node = 1
numa_node = 1
numa_node = 1
numa_node = 1
numa_node = 1
numa_node = 1
numa_node = 1
numa_node = 1
numa_node = 1
numa_node = 1
numa_node = 1
numa_node = 1
numa_node = 1
numa_node = 1
numa_node = 1
numa_node = 1
numa_node = 1
numa_node = 1
numa_node = 1
numa_node = 1
numa_node = 1
numa_node = 1
numa_node = 1
numa_node = 1
numa_node = 1
numa_node = 1
numa_node = 1
numa_node = 1
numa_node = 1
numa_node = 1
numa_node = 1
numa_node = 1
numa_node = 1
numa_node = 1
numa_node = 1
numa_node = 1
numa_node = 1
numa_node = 1
numa_node = 1
numa_node = 1
numa_node = 1
numa_node = 1
numa_node = 1
numa_node = 1
numa_node = 1
numa_node = 1
numa_node = 1
numa_node = 1
numa_node = 1
numa_node = 1
numa_node = 1
numa_node = 1
numa_node = 1
numa_node = 1
numa_node = 1
numa_node = 1
numa_node = 1
numa_node = 1
numa_node = 1
numa_node = 1
numa_node = 1
numa_node = 1
numa_node = 1
numa_node = 1
numa_node = 1
numa_node = 1
numa_node = 1
numa_node = 1
numa_node = 1
numa_node = 1
numa_node = 1
numa_node = 1
numa_node = 1
numa_node = 1
numa_node = 1
numa_node = 1
numa_node = 1
numa_node = 1
numa_node = 1
numa_node = 1
numa_node = 1
numa_node = 1
numa_node = 1
numa_node = 1
numa_node = 1
numa_node = 1
numa_node = 1
numa_node = 1
numa_node = 1
numa_node = 1
numa_node = 1
numa_node = 1
numa_node = 1
numa_node = 1
numa_node = 1
numa_node = 1
numa_node = 1
numa_node = 1
numa_node = 1
numa_node = 1
numa_node = 1
numa_node = 1
numa_node = 1
numa_node = 1
numa_node = 1
numa_node = 1
numa_node = 1
numa_node = 1
numa_node = 1
numa_node = 1
numa_node = 1
numa_node = 1
numa_node = 1
numa_node = 1
numa_node = 1
numa_node = 0
numa_node = 1
numa_node = 1
numa_node = 1
numa_node = 1
numa_node = 1
numa_node = 1
numa_node = 1
numa_node = 1
numa_node = 1
numa_node = 1
numa_node = 1
numa_node = 1
numa_node = 1
numa_node = 1
numa_node = 1
numa_node = 1
numa_node = 1
numa_node = 1
numa_node = 1
numa_node = 1
numa_node = 1
numa_node = 1
numa_node = 1
numa_node = 1
numa_node = 1
numa_node = 1
numa_node = 1
numa_node = 1
numa_node = 1
numa_node = 1
numa_node = 1
numa_node = 1
numa_node = 1
numa_node = 1
numa_node = 1
numa_node = 1
numa_node = 1
numa_node = 1
numa_node = 1
numa_node = 1
numa_node = 1
numa_node = 1
numa_node = 1
numa_node = 1
numa_node = 1
numa_node = 1
numa_node = 1
numa_node = 1
numa_node = 1
numa_node = 1
numa_node = 1
numa_node = 1
numa_node = 1
numa_node = 1
numa_node = 1
numa_node = 1
numa_node = 0
numa_node = 1
numa_node = 1
numa_node = 1
numa_node = 1
numa_node = 1
numa_node = 1
numa_node = 1
numa_node = 1
numa_node = 1
numa_node = 1
numa_node = 1
numa_node = 1
numa_node = 1
numa_node = 1
numa_node = 1
numa_node = 1
numa_node = 1
numa_node = 1
numa_node = 1
numa_node = 1
numa_node = 1
numa_node = 1
numa_node = 1
numa_node = 1
numa_node = 1
numa_node = 1
numa_node = 1
numa_node = 1
numa_node = 1
numa_node = 1
numa_node = 1
numa_node = 1
numa_node = 1
numa_node = 1
numa_node = 1
numa_node = 1
numa_node = 1
numa_node = 1
numa_node = 1
numa_node = 1
numa_node = 1
numa_node = 1
numa_node = 1
numa_node = 1
numa_node = 1
numa_node = 1
numa_node = 1
numa_node = 1
numa_node = 1
numa_node = 1
numa_node = 1
numa_node = 0
numa_node = 1
numa_node = 1
numa_node = 1
numa_node = 1
numa_node = 1
numa_node = 1
numa_node = 1
numa_node = 1
numa_node = 1
numa_node = 1
numa_node = 1
numa_node = 1
numa_node = 1
numa_node = 1
numa_node = 1
numa_node = 1
numa_node = 1
numa_node = 1
numa_node = 1
numa_node = 0
numa_node = 0
numa_node = 0
numa_node = 0
numa_node = 0
numa_node = 0
numa_node = 0
numa_node = 0
numa_node = 0
numa_node = 0
numa_node = 0
numa_node = 0
numa_node = 0
numa_node = 0
numa_node = 0
numa_node = 1
numa_node = 1
numa_node = 0
numa_node = 0
numa_node = 1
numa_node = 1
numa_node = 1
numa_node = 1
numa_node = 1
numa_node = 1
numa_node = 1
numa_node = 1
numa_node = 1
numa_node = 1
numa_node = 1
numa_node = 1
numa_node = 1
numa_node = 1
numa_node = 1
numa_node = 1
numa_node = 1
numa_node = 1
numa_node = 1
numa_node = 1
numa_node = 1
numa_node = 1
numa_node = 1
numa_node = 1
numa_node = 1
numa_node = 1
numa_node = 1
numa_node = 1
numa_node = 1
numa_node = 1
numa_node = 1
numa_node = 1
numa_node = 1
numa_node = 1
numa_node = 1
numa_node = 1
numa_node = 1
numa_node = 1
numa_node = 1
numa_node = 1
numa_node = 1
numa_node = 1
numa_node = 1
numa_node = 1
numa_node = 1
numa_node = 1
numa_node = 1
numa_node = 1
numa_node = 1
numa_node = 1
numa_node = 1
numa_node = 1
numa_node = 1
numa_node = 1
numa_node = 1
numa_node = 1
numa_node = 1
numa_node = 1
numa_node = 1
numa_node = 1
numa_node = 1
numa_node = 1
numa_node = 1
numa_node = 1
numa_node = 1
numa_node = 1
numa_node = 1
numa_node = 1
numa_node = 1
numa_node = 1
numa_node = 1
numa_node = 1
numa_node = 1
numa_node = 1
numa_node = 1
numa_node = 1
numa_node = 1
numa_node = 1
numa_node = 1
numa_node = 1
numa_node = 1
numa_node = 1
numa_node = 1
numa_node = 1
numa_node = 1
numa_node = 1
numa_node = 1
 sizeof(u)             14580000
 sizeof(us)              2544224
 sizeof(vs)              2544224
 sizeof(ws)              2544224
 sizeof(qs)              2544224
 sizeof(rho_i)              2544224
 sizeof(square)              2544224
 sizeof(rhs)             11854080
 sizeof(forcing)             11027360
 sizeof(out_buffer)              2420648
 sizeof(in_buffer)              2420648
 sizeof(fjac)                 9000
 sizeof(njac)                 9000
 sizeof(lhsa)                 8600
 sizeof(lhsb)                 8600
 sizeof(lhsc)             59270400
numa_node = 1
numa_node = 1
numa_node = 0
numa_node = 0
numa_node = 1
numa_node = 1
numa_node = 1
numa_node = 1
numa_node = 1
numa_node = 1
numa_node = 1
numa_node = 1
numa_node = 1
numa_node = 1
numa_node = 1
numa_node = 1
numa_node = 1
numa_node = 1
numa_node = 1
numa_node = 1
numa_node = 1
numa_node = 1
numa_node = 1
numa_node = 1
numa_node = 1
numa_node = 1
numa_node = 1
numa_node = 1
numa_node = 1
numa_node = 1
numa_node = 1
numa_node = 1
numa_node = 1
numa_node = 1
numa_node = 1
numa_node = 1
numa_node = 1
numa_node = 1
numa_node = 1
numa_node = 1
numa_node = 1
numa_node = 1
numa_node = 1
numa_node = 1
numa_node = 1
numa_node = 1
numa_node = 1
numa_node = 1
numa_node = 1
numa_node = 1
numa_node = 1
numa_node = 1
numa_node = 1
numa_node = 1
numa_node = 1
numa_node = 1
numa_node = 1
numa_node = 1
numa_node = 1
numa_node = 1
numa_node = 1
numa_node = 1
numa_node = 1
numa_node = 1
numa_node = 1
numa_node = 1
numa_node = 1
numa_node = 1
numa_node = 1
numa_node = 1
numa_node = 1
numa_node = 1
numa_node = 1
numa_node = 1
numa_node = 1
numa_node = 1
numa_node = 1
numa_node = 1
numa_node = 1
numa_node = 1
numa_node = 1
numa_node = 1
numa_node = 1
numa_node = 1
numa_node = 1
numa_node = 1
numa_node = 1
numa_node = 1
numa_node = 1
numa_node = 1
numa_node = 1
 sizeof(u)             14580000
 sizeof(us)              2544224
 sizeof(vs)              2544224
 sizeof(ws)              2544224
 sizeof(qs)              2544224
 sizeof(rho_i)              2544224
 sizeof(square)              2544224
 sizeof(rhs)             11854080
 sizeof(forcing)             11027360
 sizeof(out_buffer)              2420648
 sizeof(in_buffer)              2420648
 sizeof(fjac)                 9000
 sizeof(njac)                 9000
 sizeof(lhsa)                 8600
 sizeof(lhsb)                 8600
 sizeof(lhsc)             59270400


 NAS Parallel Benchmarks 3.3 -- BT Benchmark 

 No input file inputbt.data. Using compiled defaults
 Size:  162x 162x 162
 Iterations:  200    dt:   0.0001000
 Number of active processes:    16

 Time step    1
 Time step   20
memcpy: 4 0.000000
clflush: 4 0.000000
data_cache: 4 0.401497
memmove: 4 0.000000


write: 4 2.777508
msync: 4 0.000036
memcpy: 6 0.000000
clflush: 6 0.000000
data_cache: 6 0.398965
memmove: 6 0.000000


write: 6 2.718473
msync: 6 0.000046
memcpy: 7 0.000000
clflush: 7 0.000000
data_cache: 7 0.343929
memmove: 7 0.000000


write: 7 2.830259
msync: 7 0.000225
memcpy: 5 0.000000
clflush: 5 0.000000
data_cache: 5 0.301335
memmove: 5 0.000000


write: 5 1.258342
msync: 5 0.000060
memcpy: 2 0.000000
clflush: 2 0.000000
data_cache: 2 0.273438
memmove: 2 0.000000


write: 2 0.936162
msync: 2 0.000035
memcpy: 11 0.000000
clflush: 11 0.000000
data_cache: 11 0.380351
memmove: 11 0.000000


write: 11 2.413478
msync: 11 0.000226
memcpy: 1 0.000000
clflush: 1 0.000000
data_cache: 1 0.367012
memmove: 1 0.000000


write: 1 2.352656
msync: 1 0.000169
memcpy: 10 0.000000
clflush: 10 0.000000
data_cache: 10 0.324435
memmove: 10 0.000000


write: 10 2.521887
msync: 10 0.000127
 Verification being performed for class C
 accuracy setting for epsilon =  0.1000000000000E-07
 Comparison of RMS-norms of residual
 FAILURE:  1 0.4767129350013E+05 0.6239811655176E+04 0.6639860966089E+01
 FAILURE:  2 0.4599760731492E+04 0.5079323919042E+03 0.8055852323667E+01
 FAILURE:  3 0.1192955217816E+05 0.1542353009301E+04 0.6734644472580E+01
 FAILURE:  4 0.1012482284944E+05 0.1330238792929E+04 0.6611282202306E+01
 FAILURE:  5 0.6997169232534E+05 0.1160408742844E+05 0.5029917712777E+01
 Comparison of RMS-norms of solution error
 FAILURE:  1 0.3733805856676E+03 0.1646200836909E+03 0.1268135073778E+01
 FAILURE:  2 0.3061518780196E+02 0.1149710790382E+02 0.1662859917299E+01
 FAILURE:  3 0.9387319700929E+02 0.4120744620746E+02 0.1278063933802E+01
 FAILURE:  4 0.8192575629920E+02 0.3708765105969E+02 0.1208976679794E+01
 FAILURE:  5 0.6985546522429E+03 0.3621105305184E+03 0.9291199602587E+00
 Verification failed
memcpy: 0 0.000000
clflush: 0 0.000000
data_cache: 0 0.322965
memmove: 0 0.000000


write: 0 2.505155
msync: 0 0.000038


 BT Benchmark Completed.
 Class           =                        C
 Size            =            162x 162x 162
 Iterations      =                      200
 Time in seconds =                   100.28
 Total processes =                       16
 Compiled procs  =                       16
 Mop/s total     =                 28582.79
 Mop/s/process   =                  1786.42
 Operation type  =           floating point
 Verification    =             UNSUCCESSFUL
 Version         =                    3.3.1
 Compile date    =              19 Mar 2017

 Compile options:
    MPIF77       = mpif77
    FLINK        = $(MPIF77)
    FMPI_LIB     = -L/opt/pasa_lib/openmpi-1.10.0/lib -lmpi
    FMPI_INC     = -I/opt/pasa_lib/openmpi-1.10.0/include   -m...
    FFLAGS       = -O  -fcray-pointer -mcmodel=large  -fno-ran...
    FLINKFLAGS   = -O 
memcpy: 3 0.000000
clflush: 3 0.000000
data_cache: 3 0.362447
memmove: 3 0.000000


write: 3 2.359806
msync: 3 0.000196
memcpy: 9 0.000000
clflush: 9 0.000000
data_cache: 9 0.372709
memmove: 9 0.000000


write: 9 2.468431
msync: 9 0.000183
memcpy: 8 0.000000
clflush: 8 0.000000
data_cache: 8 0.280133
memmove: 8 0.000000


write: 8 0.984657
msync: 8 0.000055
    RAND         = (none)


 Please send feedbacks and/or the results of this run to:

 NPB Development Team 
 Internet: npb@nas.nasa.gov


memcpy: 13 0.000000
clflush: 13 0.000000
data_cache: 13 1.141590
memmove: 13 0.000000


write: 13 6.758019
msync: 13 0.001732
memcpy: 14 0.000000
clflush: 14 0.000000
data_cache: 14 1.090096
memmove: 14 0.000000


write: 14 6.613910
msync: 14 0.000265
memcpy: 12 0.000000
clflush: 12 0.000000
data_cache: 12 1.124982
memmove: 12 0.000000


write: 12 6.610442
msync: 12 0.000410
memcpy: 15 0.000000
clflush: 15 0.000000
data_cache: 15 1.006706
memmove: 15 0.000000


write: 15 4.968936
msync: 15 0.000220
