          -1
numa_node = 1
numa_node = 1
numa_node = 1
numa_node = 1
numa_node = 1
numa_node = 1
numa_node = 1
numa_node = 1
numa_node = 1
numa_node = 1
numa_node = 1
numa_node = 1
numa_node = 1
numa_node = 1
numa_node = 1
numa_node = 1
numa_node = 1
          -1
numa_node = 1
numa_node = 1
numa_node = 1
numa_node = 1
numa_node = 1
numa_node = 1
numa_node = 1
numa_node = 1
numa_node = 1
numa_node = 1
numa_node = 1
numa_node = 1
numa_node = 1
numa_node = 0
numa_node = 1
numa_node = 1
numa_node = 1
numa_node = 1
numa_node = 1
numa_node = 1
numa_node = 0
numa_node = 1
numa_node = 1
numa_node = 1
numa_node = 1
numa_node = 1
numa_node = 1
numa_node = 1
numa_node = 1
          -1
numa_node = 1
numa_node = 1
numa_node = 1
numa_node = 1
numa_node = 1
numa_node = 1
numa_node = 1
numa_node = 1
numa_node = 1
numa_node = 1
numa_node = 1
numa_node = 1
numa_node = 1
numa_node = 1
numa_node = 1
numa_node = 1
numa_node = 1
          -1
numa_node = 1
numa_node = 1
numa_node = 1
numa_node = 1
numa_node = 1
numa_node = 1
numa_node = 1
numa_node = 1
numa_node = 1
numa_node = 1
numa_node = 1
numa_node = 1
numa_node = 1
numa_node = 1
numa_node = 1
numa_node = 1
numa_node = 1
numa_node = 1
numa_node = 0
numa_node = 1
numa_node = 1
numa_node = 0
numa_node = 1
numa_node = 1
numa_node = 0
numa_node = 0
numa_node = 0
numa_node = 0
numa_node = 1
numa_node = 1
numa_node = 1
numa_node = 1
numa_node = 1
numa_node = 1
numa_node = 1
numa_node = 1
numa_node = 1
numa_node = 1
numa_node = 1
numa_node = 1
numa_node = 1
numa_node = 1
numa_node = 1
numa_node = 1
numa_node = 1
numa_node = 1
numa_node = 1
numa_node = 1
numa_node = 1
numa_node = 1
numa_node = 1
numa_node = 1
numa_node = 1
numa_node = 1
numa_node = 1
numa_node = 1
numa_node = 1
numa_node = 1
numa_node = 1
numa_node = 1
numa_node = 1
 colidx: add:      140450258837504 size:             12150060
 a: add:      140449753366528 size:             24300120
 w: add:      140450254016512 size:               300016
 z: add:      140450255228928 size:               300016
 p: add:      140450254925824 size:               300016
 r: add:      140450254319616 size:               300016
 q: add:      140450254622720 size:               300016
 rowst: size:               600004
 x size:               300016
 v size:              1200008
 aelt size:             24300120
 acol size:             12150060
 arow size:             12150060
 iv size:              1200004
numa_node = 1
numa_node = 0
numa_node = 0
numa_node = 0
numa_node = 0
numa_node = 1
numa_node = 1
numa_node = 1
numa_node = 1
numa_node = 1
numa_node = 1
numa_node = 1
numa_node = 1
numa_node = 1
numa_node = 1
numa_node = 1
numa_node = 1
numa_node = 1
numa_node = 1
numa_node = 1
numa_node = 1
numa_node = 1
numa_node = 1
numa_node = 1
numa_node = 1
numa_node = 1
numa_node = 1
numa_node = 1
numa_node = 1
numa_node = 1
numa_node = 1
numa_node = 1
numa_node = 1
numa_node = 1
numa_node = 1
numa_node = 1
numa_node = 1
 colidx: add:      139644098576384 size:             12150060
 a: add:      139643593105408 size:             24300120
 w: add:      139644093755392 size:               300016
 z: add:      139644094967808 size:               300016
 p: add:      139644094664704 size:               300016
 r: add:      139644094058496 size:               300016
 q: add:      139644094361600 size:               300016
 rowst: size:               600004
 x size:               300016
 v size:              1200008
 aelt size:             24300120
 acol size:             12150060
 arow size:             12150060
 iv size:              1200004
numa_node = 1
numa_node = 1
numa_node = 1
numa_node = 1
numa_node = 1
          -1
numa_node = 1
numa_node = 1
numa_node = 1
numa_node = 1
numa_node = 1
numa_node = 1
numa_node = 1
numa_node = 1
numa_node = 1
numa_node = 1
numa_node = 1
numa_node = 1
numa_node = 1
numa_node = 1
numa_node = 1
numa_node = 1
numa_node = 1
numa_node = 0
numa_node = 1
numa_node = 1
numa_node = 1
numa_node = 1
numa_node = 1
numa_node = 0
numa_node = 0
numa_node = 0
numa_node = 0
numa_node = 1
numa_node = 1
numa_node = 1
numa_node = 1
numa_node = 1
numa_node = 1
numa_node = 1
numa_node = 1
numa_node = 1
numa_node = 1
numa_node = 1
numa_node = 1
numa_node = 1
numa_node = 1
numa_node = 1
numa_node = 1
numa_node = 1
numa_node = 1
numa_node = 1
numa_node = 1
numa_node = 1
numa_node = 1
numa_node = 1
numa_node = 1
numa_node = 1
numa_node = 1
numa_node = 1
numa_node = 1
numa_node = 1
numa_node = 1
numa_node = 1
numa_node = 1
 colidx: add:      140095321567232 size:             12150060
 a: add:      140094816096256 size:             24300120
 w: add:      140095316746240 size:               300016
 z: add:      140095317958656 size:               300016
 p: add:      140095317655552 size:               300016
 r: add:      140095317049344 size:               300016
 q: add:      140095317352448 size:               300016
 rowst: size:               600004
 x size:               300016
 v size:              1200008
 aelt size:             24300120
 acol size:             12150060
 arow size:             12150060
 iv size:              1200004
          -1
numa_node = 0
numa_node = 0
numa_node = 0
numa_node = 1
numa_node = 1
numa_node = 0
numa_node = 1
numa_node = 1
numa_node = 1
numa_node = 1
numa_node = 1
numa_node = 1
numa_node = 1
numa_node = 1
numa_node = 1
numa_node = 1
numa_node = 1
numa_node = 1
numa_node = 1
numa_node = 1
numa_node = 1
numa_node = 1
numa_node = 1
numa_node = 1
numa_node = 1
numa_node = 1
numa_node = 1
numa_node = 1
numa_node = 1
numa_node = 1
numa_node = 1
numa_node = 1
numa_node = 1
numa_node = 1
numa_node = 1
numa_node = 1
numa_node = 1
numa_node = 1
 colidx: add:      140572284047360 size:             12150060
 a: add:      140571778576384 size:             24300120
 w: add:      140572279226368 size:               300016
 z: add:      140572280438784 size:               300016
 p: add:      140572280135680 size:               300016
 r: add:      140572279529472 size:               300016
 q: add:      140572279832576 size:               300016
 rowst: size:               600004
 x size:               300016
 v size:              1200008
 aelt size:             24300120
 acol size:             12150060
 arow size:             12150060
 iv size:              1200004
numa_node = 1
numa_node = 1
numa_node = 1
numa_node = 1
numa_node = 1
numa_node = 1
numa_node = 1
numa_node = 1
numa_node = 1
numa_node = 1
numa_node = 1
numa_node = 1
numa_node = 1
numa_node = 1
numa_node = 1
numa_node = 1
numa_node = 0
numa_node = 1
numa_node = 1
numa_node = 1
          -1
numa_node = 1
numa_node = 1
numa_node = 1
numa_node = 1
numa_node = 1
numa_node = 1
numa_node = 1
numa_node = 1
numa_node = 1
numa_node = 1
numa_node = 1
numa_node = 1
numa_node = 1
numa_node = 1
numa_node = 1
numa_node = 1
numa_node = 1
          -1
numa_node = 1
numa_node = 1
numa_node = 1
numa_node = 1
numa_node = 1
numa_node = 1
numa_node = 1
numa_node = 1
numa_node = 1
numa_node = 1
numa_node = 1
numa_node = 1
numa_node = 1
numa_node = 1
numa_node = 1
numa_node = 1
numa_node = 1
numa_node = 1
numa_node = 0
numa_node = 0
numa_node = 1
numa_node = 1
numa_node = 1
numa_node = 1
numa_node = 1
          -1
numa_node = 1
numa_node = 1
numa_node = 1
numa_node = 1
numa_node = 1
numa_node = 1
numa_node = 1
numa_node = 1
numa_node = 1
numa_node = 1
numa_node = 1
numa_node = 1
numa_node = 1
numa_node = 1
numa_node = 1
numa_node = 1
numa_node = 1
          -1
numa_node = 1
numa_node = 1
numa_node = 1
numa_node = 1
numa_node = 1
numa_node = 1
numa_node = 1
numa_node = 1
numa_node = 1
numa_node = 1
numa_node = 1
numa_node = 1
numa_node = 1
numa_node = 1
numa_node = 1
numa_node = 1
numa_node = 1
numa_node = 1
numa_node = 1
numa_node = 0
numa_node = 1
numa_node = 1
numa_node = 0
numa_node = 0
numa_node = 0
numa_node = 1
numa_node = 0
numa_node = 1
numa_node = 0
numa_node = 1
numa_node = 1
numa_node = 1
numa_node = 1
numa_node = 1
numa_node = 1
numa_node = 1
numa_node = 1
numa_node = 1
numa_node = 1
numa_node = 1
numa_node = 1
numa_node = 1
numa_node = 1
numa_node = 1
numa_node = 1
numa_node = 1
numa_node = 1
numa_node = 1
numa_node = 1
numa_node = 1
numa_node = 1
numa_node = 1
numa_node = 1
numa_node = 1
numa_node = 1
numa_node = 1
numa_node = 1
numa_node = 1
numa_node = 1
numa_node = 1
numa_node = 1
numa_node = 1
 colidx: add:      140237916147712 size:             12150060
 a: add:      140237410676736 size:             24300120
 w: add:      140237911326720 size:               300016
 z: add:      140237912539136 size:               300016
 p: add:      140237912236032 size:               300016
 r: add:      140237911629824 size:               300016
 q: add:      140237911932928 size:               300016
 rowst: size:               600004
 x size:               300016
 v size:              1200008
 aelt size:             24300120
 acol size:             12150060
 arow size:             12150060
 iv size:              1200004
numa_node = 1
numa_node = 1
numa_node = 1
numa_node = 1
numa_node = 1
numa_node = 1
numa_node = 1
numa_node = 1
numa_node = 1
numa_node = 1
numa_node = 0
numa_node = 0
numa_node = 0
numa_node = 0
numa_node = 1
numa_node = 1
numa_node = 1
numa_node = 1
numa_node = 1
numa_node = 1
numa_node = 1
numa_node = 1
numa_node = 1
numa_node = 1
numa_node = 1
numa_node = 1
numa_node = 1
numa_node = 1
numa_node = 1
numa_node = 1
numa_node = 1
numa_node = 1
numa_node = 1
numa_node = 1
numa_node = 1
numa_node = 1
numa_node = 1
numa_node = 1
numa_node = 1
numa_node = 1
numa_node = 1
numa_node = 1
numa_node = 1
numa_node = 1
numa_node = 1
numa_node = 1
 colidx: add:      139905753997312 size:             12150060
 a: add:      139905248526336 size:             24300120
 w: add:      139905749176320 size:               300016
 z: add:      139905750388736 size:               300016
 p: add:      139905750085632 size:               300016
 r: add:      139905749479424 size:               300016
 q: add:      139905749782528 size:               300016
 rowst: size:               600004
 x size:               300016
 v size:              1200008
 aelt size:             24300120
 acol size:             12150060
 arow size:             12150060
 iv size:              1200004
numa_node = 1
numa_node = 1
numa_node = 1
numa_node = 1
numa_node = 1
numa_node = 0
numa_node = 0
numa_node = 0
numa_node = 0
numa_node = 1
numa_node = 1
numa_node = 1
numa_node = 1
numa_node = 1
numa_node = 1
numa_node = 1
numa_node = 1
numa_node = 1
numa_node = 1
numa_node = 0
numa_node = 0
numa_node = 0
numa_node = 0
numa_node = 1
numa_node = 1
numa_node = 1
numa_node = 1
numa_node = 1
numa_node = 1
numa_node = 1
numa_node = 1
numa_node = 1
numa_node = 1
numa_node = 1
numa_node = 1
numa_node = 1
numa_node = 1
numa_node = 1
numa_node = 1
numa_node = 1
numa_node = 1
numa_node = 1
numa_node = 1
numa_node = 1
numa_node = 1
numa_node = 1
numa_node = 1
numa_node = 1
numa_node = 1
numa_node = 1
numa_node = 1
numa_node = 1
numa_node = 1
numa_node = 1
numa_node = 1
numa_node = 1
numa_node = 1
numa_node = 1
numa_node = 1
numa_node = 1
numa_node = 1
numa_node = 1
numa_node = 1
 colidx: add:      140246440783872 size:             12150060
 a: add:      140245935312896 size:             24300120
 w: add:      140246435962880 size:               300016
 z: add:      140246437175296 size:               300016
 p: add:      140246436872192 size:               300016
 r: add:      140246436265984 size:               300016
 q: add:      140246436569088 size:               300016
 rowst: size:               600004
 x size:               300016
 v size:              1200008
 aelt size:             24300120
 acol size:             12150060
 arow size:             12150060
 iv size:              1200004
numa_node = 1
numa_node = 1
numa_node = 1
numa_node = 1
numa_node = 1
numa_node = 1
numa_node = 1
numa_node = 1
numa_node = 1
numa_node = 1
numa_node = 1
numa_node = 1
numa_node = 1
numa_node = 1
 colidx: add:      140453158809600 size:             12150060
 a: add:      140452653338624 size:             24300120
 w: add:      140453153988608 size:               300016
 z: add:      140453155201024 size:               300016
 p: add:      140453154897920 size:               300016
 r: add:      140453154291712 size:               300016
 q: add:      140453154594816 size:               300016
 rowst: size:               600004
 x size:               300016
 v size:              1200008
 aelt size:             24300120
 acol size:             12150060
 arow size:             12150060
 iv size:              1200004
numa_node = 1
numa_node = 0
numa_node = 0
numa_node = 0
numa_node = 0
numa_node = 1
numa_node = 1
numa_node = 1
numa_node = 1
numa_node = 1
numa_node = 1
numa_node = 1
numa_node = 1
numa_node = 1
numa_node = 1
numa_node = 1
numa_node = 1
numa_node = 1
numa_node = 1
numa_node = 1
numa_node = 1
numa_node = 1
numa_node = 1
numa_node = 1
numa_node = 1
numa_node = 1
numa_node = 1
numa_node = 1
numa_node = 1
numa_node = 1
numa_node = 1
numa_node = 1
numa_node = 1
numa_node = 1
numa_node = 1
numa_node = 1
numa_node = 1
 colidx: add:      140398854496256 size:             12150060
 a: add:      140398349025280 size:             24300120
 w: add:      140398849675264 size:               300016
 z: add:      140398850887680 size:               300016
 p: add:      140398850584576 size:               300016
 r: add:      140398849978368 size:               300016
 q: add:      140398850281472 size:               300016
 rowst: size:               600004
 x size:               300016
 v size:              1200008
 aelt size:             24300120
 acol size:             12150060
 arow size:             12150060
 iv size:              1200004
numa_node = 0
numa_node = 0
numa_node = 0
numa_node = 0
numa_node = 1
numa_node = 1
numa_node = 1
numa_node = 1
numa_node = 1
numa_node = 1
numa_node = 1
numa_node = 1
numa_node = 1
numa_node = 1
numa_node = 1
numa_node = 1
numa_node = 1
numa_node = 1
numa_node = 1
numa_node = 1
numa_node = 1
numa_node = 1
numa_node = 1
numa_node = 1
numa_node = 1
numa_node = 1
numa_node = 1
numa_node = 1
numa_node = 1
numa_node = 1
numa_node = 1
numa_node = 1
numa_node = 1
numa_node = 1
numa_node = 1
numa_node = 1
 colidx: add:      140393190793216 size:             12150060
 a: add:      140392685322240 size:             24300120
 w: add:      140393185972224 size:               300016
 z: add:      140393187184640 size:               300016
 p: add:      140393186881536 size:               300016
 r: add:      140393186275328 size:               300016
 q: add:      140393186578432 size:               300016
 rowst: size:               600004
 x size:               300016
 v size:              1200008
 aelt size:             24300120
 acol size:             12150060
 arow size:             12150060
 iv size:              1200004
          -1
numa_node = 1
numa_node = 1
numa_node = 1
numa_node = 1
numa_node = 1
numa_node = 1
numa_node = 1
numa_node = 1
numa_node = 1
numa_node = 1
numa_node = 1
numa_node = 1
numa_node = 1
numa_node = 1
numa_node = 1
numa_node = 1
numa_node = 1
          -1
numa_node = 1
numa_node = 1
numa_node = 1
numa_node = 1
numa_node = 1
numa_node = 1
numa_node = 1
numa_node = 1
numa_node = 1
numa_node = 1
numa_node = 1
numa_node = 1
numa_node = 1
numa_node = 1
numa_node = 1
numa_node = 1
numa_node = 1
numa_node = 0
numa_node = 1
numa_node = 0
numa_node = 1
numa_node = 1
numa_node = 1
numa_node = 1
numa_node = 1
numa_node = 1
numa_node = 1
numa_node = 1
numa_node = 1
numa_node = 1
numa_node = 1
numa_node = 0
numa_node = 0
numa_node = 0
numa_node = 0
numa_node = 1
numa_node = 1
numa_node = 1
numa_node = 1
numa_node = 1
numa_node = 1
numa_node = 1
numa_node = 1
numa_node = 1
numa_node = 1
numa_node = 1
numa_node = 1
numa_node = 1
numa_node = 1
numa_node = 1
numa_node = 1
numa_node = 1
numa_node = 1
numa_node = 1
numa_node = 1
numa_node = 1
numa_node = 1
numa_node = 1
numa_node = 1
numa_node = 1
numa_node = 1
numa_node = 1
numa_node = 1
numa_node = 1
numa_node = 1
numa_node = 1
numa_node = 1
 colidx: add:      140236774047744 size:             12150060
 a: add:      140236268576768 size:             24300120
 w: add:      140236769226752 size:               300016
 z: add:      140236770439168 size:               300016
 p: add:      140236770136064 size:               300016
 r: add:      140236769529856 size:               300016
 q: add:      140236769832960 size:               300016
 rowst: size:               600004
 x size:               300016
 v size:              1200008
 aelt size:             24300120
 acol size:             12150060
 arow size:             12150060
 iv size:              1200004
numa_node = 0
numa_node = 0
numa_node = 0
numa_node = 0
numa_node = 1
numa_node = 1
numa_node = 1
numa_node = 1
numa_node = 1
numa_node = 1
numa_node = 1
numa_node = 1
numa_node = 1
numa_node = 1
numa_node = 1
numa_node = 1
numa_node = 1
numa_node = 1
numa_node = 1
numa_node = 1
numa_node = 1
numa_node = 1
numa_node = 1
numa_node = 1
numa_node = 1
numa_node = 1
numa_node = 1
numa_node = 1
numa_node = 1
numa_node = 1
numa_node = 1
numa_node = 1
numa_node = 1
numa_node = 1
numa_node = 1
numa_node = 1
 colidx: add:      139687928918016 size:             12150060
 a: add:      139687423447040 size:             24300120
 w: add:      139687924097024 size:               300016
 z: add:      139687925309440 size:               300016
 p: add:      139687925006336 size:               300016
 r: add:      139687924400128 size:               300016
 q: add:      139687924703232 size:               300016
 rowst: size:               600004
 x size:               300016
 v size:              1200008
 aelt size:             24300120
 acol size:             12150060
 arow size:             12150060
 iv size:              1200004
          -1
numa_node = 1
numa_node = 1
numa_node = 1
numa_node = 1
numa_node = 1
numa_node = 1
numa_node = 1
numa_node = 1
numa_node = 1
numa_node = 1
numa_node = 1
numa_node = 1
numa_node = 1
numa_node = 1
numa_node = 1
numa_node = 1
numa_node = 1
numa_node = 0
numa_node = 1
          -1
numa_node = 1
numa_node = 1
numa_node = 1
numa_node = 1
numa_node = 1
numa_node = 1
numa_node = 1
numa_node = 1
numa_node = 1
numa_node = 1
numa_node = 1
numa_node = 1
numa_node = 1
numa_node = 1
numa_node = 1
numa_node = 1
numa_node = 1
numa_node = 1
numa_node = 0
numa_node = 1
numa_node = 1
numa_node = 1
numa_node = 1
numa_node = 1
numa_node = 1
numa_node = 1
numa_node = 1
numa_node = 1
numa_node = 1
numa_node = 0
numa_node = 0
numa_node = 0
numa_node = 0
numa_node = 1
numa_node = 1
numa_node = 1
numa_node = 1
numa_node = 1
numa_node = 1
numa_node = 1
numa_node = 1
numa_node = 1
numa_node = 1
numa_node = 1
numa_node = 1
numa_node = 1
numa_node = 1
numa_node = 1
numa_node = 1
numa_node = 1
numa_node = 1
numa_node = 1
numa_node = 1
numa_node = 1
numa_node = 1
numa_node = 1
numa_node = 1
numa_node = 1
numa_node = 1
numa_node = 1
numa_node = 1
numa_node = 1
numa_node = 1
numa_node = 1
numa_node = 1
 colidx: add:      140644672569344 size:             12150060
 a: add:      140644167098368 size:             24300120
 w: add:      140644667748352 size:               300016
 z: add:      140644668960768 size:               300016
 p: add:      140644668657664 size:               300016
 r: add:      140644668051456 size:               300016
 q: add:      140644668354560 size:               300016
 rowst: size:               600004
 x size:               300016
 v size:              1200008
 aelt size:             24300120
 acol size:             12150060
 arow size:             12150060
 iv size:              1200004
numa_node = 0
numa_node = 0
numa_node = 0
numa_node = 0
numa_node = 1
numa_node = 1
numa_node = 1
numa_node = 1
numa_node = 1
numa_node = 1
numa_node = 1
numa_node = 1
numa_node = 1
numa_node = 1
numa_node = 1
numa_node = 1
numa_node = 1
numa_node = 1
numa_node = 1
numa_node = 1
numa_node = 1
numa_node = 1
numa_node = 1
numa_node = 1
numa_node = 1
numa_node = 1
numa_node = 1
numa_node = 1
numa_node = 1
numa_node = 1
numa_node = 1
numa_node = 1
numa_node = 1
numa_node = 1
numa_node = 1
numa_node = 1
 colidx: add:      139632852086784 size:             12150060
 a: add:      139632346615808 size:             24300120
 w: add:      139632847265792 size:               300016
 z: add:      139632848478208 size:               300016
 p: add:      139632848175104 size:               300016
 r: add:      139632847568896 size:               300016
 q: add:      139632847872000 size:               300016
 rowst: size:               600004
 x size:               300016
 v size:              1200008
 aelt size:             24300120
 acol size:             12150060
 arow size:             12150060
 iv size:              1200004
          -1
numa_node = 1
numa_node = 1
numa_node = 1
numa_node = 1
numa_node = 1
numa_node = 1
numa_node = 1
numa_node = 1
numa_node = 1
numa_node = 1
numa_node = 1
numa_node = 1
numa_node = 1
numa_node = 1
numa_node = 1
numa_node = 1
numa_node = 1
          -1
numa_node = 0
numa_node = 1
numa_node = 1
numa_node = 1
numa_node = 1
numa_node = 1
numa_node = 1
numa_node = 1
numa_node = 1
numa_node = 1
numa_node = 1
numa_node = 1
numa_node = 1
numa_node = 1
numa_node = 1
numa_node = 1
numa_node = 1
numa_node = 1
numa_node = 1
numa_node = 1
numa_node = 0
numa_node = 1
numa_node = 1
numa_node = 1
numa_node = 1
numa_node = 1
numa_node = 1
numa_node = 1
numa_node = 1
numa_node = 1
numa_node = 1
numa_node = 0
numa_node = 0
numa_node = 0
numa_node = 0
numa_node = 1
numa_node = 1
numa_node = 1
numa_node = 1
numa_node = 1
numa_node = 1
numa_node = 1
numa_node = 1
numa_node = 1
numa_node = 1
numa_node = 1
numa_node = 1
numa_node = 1
numa_node = 1
numa_node = 1
numa_node = 1
numa_node = 1
numa_node = 1
numa_node = 1
numa_node = 1
numa_node = 1
numa_node = 1
numa_node = 1
numa_node = 1
numa_node = 1
numa_node = 1
numa_node = 1
numa_node = 1
numa_node = 1
numa_node = 1
numa_node = 1
numa_node = 1
 colidx: add:      140443470245888 size:             12150060
 a: add:      140442964774912 size:             24300120
 w: add:      140443465424896 size:               300016
 z: add:      140443466637312 size:               300016
 p: add:      140443466334208 size:               300016
 r: add:      140443465728000 size:               300016
 q: add:      140443466031104 size:               300016
 rowst: size:               600004
 x size:               300016
 v size:              1200008
 aelt size:             24300120
 acol size:             12150060
 arow size:             12150060
 iv size:              1200004
numa_node = 0
numa_node = 0
numa_node = 0
numa_node = 0
numa_node = 1
numa_node = 1
numa_node = 1
numa_node = 1
numa_node = 1
numa_node = 1
numa_node = 1
numa_node = 1
numa_node = 1
numa_node = 1
numa_node = 1
numa_node = 1
numa_node = 1
numa_node = 1
numa_node = 1
numa_node = 1
numa_node = 1
numa_node = 1
numa_node = 1
numa_node = 1
numa_node = 1
numa_node = 1
numa_node = 1
numa_node = 1
numa_node = 1
numa_node = 1
numa_node = 1
numa_node = 1
numa_node = 1
numa_node = 1
numa_node = 1
numa_node = 1
 colidx: add:      139737014079488 size:             12150060
 a: add:      139736508608512 size:             24300120
 w: add:      139737009258496 size:               300016
 z: add:      139737010470912 size:               300016
 p: add:      139737010167808 size:               300016
 r: add:      139737009561600 size:               300016
 q: add:      139737009864704 size:               300016
 rowst: size:               600004
 x size:               300016
 v size:              1200008
 aelt size:             24300120
 acol size:             12150060
 arow size:             12150060
 iv size:              1200004


 NAS Parallel Benchmarks 3.3 -- CG Benchmark

 Size:     150000
 Iterations:    75
 Number of active processes:    16
 Number of nonzeroes per row:       15
 Eigenvalue shift: .110E+03

   iteration           ||r||                 zeta
        1       0.25684152458809E-12   109.9994423237398
        2       0.73904271878851E-15    27.3920437146526
        3       0.73031584712266E-15    28.0339761840275
        4       0.73565193896639E-15    28.4191507551287
        5       0.73349711397114E-15    28.6471670038893
        6       0.73360204398854E-15    28.7812969418412
        7       0.73366515021104E-15    28.8600458537343
        8       0.73390040878766E-15    28.9063145572685
        9       0.73670170986433E-15    28.9335649214622
       10       0.73571071517574E-15    28.9496695449003
       11       0.73648526442789E-15    28.9592263353755
       12       0.73847208067229E-15    28.9649233484889
       13       0.73405007716800E-15    28.9683359248936
       14       0.73296555546106E-15    28.9703903960005
       15       0.73033004640843E-15    28.9716336228371
       16       0.73643024376707E-15    28.9723898600853
       17       0.73361604597501E-15    28.9728522692229
       18       0.73459221640257E-15    28.9731364797778
       19       0.73587226514251E-15    28.9733120569287
       20       0.73080537355320E-15    28.9734210663747
       21       0.73403975619047E-15    28.9734890760554
       22       0.73635096642455E-15    28.9735317064871
       23       0.73521677593124E-15    28.9735585497258
       24       0.73388492060584E-15    28.9735755256648
       25       0.73114465989435E-15    28.9735863059382
       26       0.72929964592206E-15    28.9735931787374
       27       0.72814591157688E-15    28.9735975767371
       28       0.73460352772814E-15    28.9736004009989
       29       0.73271188433475E-15    28.9736022206771
       30       0.73315053133034E-15    28.9736033967627
       31       0.73083321601352E-15    28.9736041591157
       32       0.73158546822823E-15    28.9736046546405
       33       0.73148984069934E-15    28.9736049775614
       34       0.72807801168839E-15    28.9736051885099
       35       0.72896232937332E-15    28.9736053266246
       36       0.72891084612344E-15    28.9736054172454
       37       0.73016385169892E-15    28.9736054768226
       38       0.73138507323994E-15    28.9736055160638
       39       0.72703215994026E-15    28.9736055419574
       40       0.72921046240435E-15    28.9736055590700
       41       0.72899824318846E-15    28.9736055703976
       42       0.72698896731495E-15    28.9736055779073
       43       0.73020781285315E-15    28.9736055828934
       44       0.72909981170735E-15    28.9736055862072
       45       0.73199816886206E-15    28.9736055884132
       46       0.72597725666719E-15    28.9736055898824
       47       0.72606160037997E-15    28.9736055908630
       48       0.72965411019657E-15    28.9736055915179
       49       0.72835841342896E-15    28.9736055919554
       50       0.72508406402431E-15    28.9736055922485
       51       0.73170000686206E-15    28.9736055924449
       52       0.72622417388123E-15    28.9736055925761
       53       0.72757680055017E-15    28.9736055926646
       54       0.72917191017288E-15    28.9736055927236
       55       0.72793759015979E-15    28.9736055927632
       56       0.72425801793153E-15    28.9736055927904
       57       0.72610764785750E-15    28.9736055928077
       58       0.72614933126561E-15    28.9736055928208
       59       0.72509034658993E-15    28.9736055928281
       60       0.72308226746960E-15    28.9736055928339
       61       0.72368508145046E-15    28.9736055928376
       62       0.72546545050030E-15    28.9736055928397
       63       0.72844701695366E-15    28.9736055928419
       64       0.72359005314445E-15    28.9736055928432
       65       0.72558602502673E-15    28.9736055928440
       66       0.72484160487195E-15    28.9736055928439
       67       0.72808226996462E-15    28.9736055928450
       68       0.72662520677211E-15    28.9736055928445
       69       0.72403102458641E-15    28.9736055928450
       70       0.72378150618886E-15    28.9736055928455
       71       0.72578893473459E-15    28.9736055928456
       72       0.72289215929556E-15    28.9736055928456
       73       0.72654040771579E-15    28.9736055928458
       74       0.72401061283166E-15    28.9736055928451
       75       0.72186248070828E-15    28.9736055928458
 Benchmark completed 
 VERIFICATION SUCCESSFUL 
 Zeta is     0.2897360559285E+02
 Error is    0.2857022004072E-13
memcpy: 0 0.000000
clflush: 0 0.000000
memmove: 0 0.000000


 CG Benchmark Completed.
 Class           =                        C
 Size            =                   150000
 Iterations      =                       75
 Time in seconds =                    56.03
 Total processes =                       16
 Compiled procs  =                       16
 Mop/s total     =                  2558.48
 Mop/s/process   =                   159.91
 Operation type  =           floating point
 Verification    =               SUCCESSFUL
 Version         =                    3.3.1
 Compile date    =              11 Mar 2017

 Compile options:
    MPIF77       = mpif77
    FLINK        = $(MPIF77)
    FMPI_LIB     = -L/opt/pasa_lib/openmpi-1.10.0/lib -lmpi
    FMPI_INC     = -I/opt/pasa_lib/openmpi-1.10.0/include   -m...
    FFLAGS       = -O  -fcray-pointer -mcmodel=large  -fno-ran...
    FLINKFLAGS   = -O 
    RAND         = randi8


 Please send feedbacks and/or the results of this run to:

 NPB Development Team 
 Internet: npb@nas.nasa.gov


