          -1
numa_node = 1
numa_node = 1
numa_node = 1
numa_node = 1
numa_node = 1
numa_node = 1
numa_node = 1
numa_node = 1
numa_node = 1
numa_node = 1
numa_node = 1
numa_node = 1
numa_node = 1
numa_node = 1
numa_node = 1
numa_node = 1
numa_node = 1
numa_node = 1
numa_node = 1
numa_node = 1
numa_node = 0
numa_node = 1
numa_node = 1
numa_node = 1
numa_node = 1
numa_node = 1
          -1
numa_node = 1
numa_node = 1
numa_node = 1
numa_node = 1
numa_node = 1
numa_node = 1
numa_node = 1
numa_node = 1
numa_node = 1
numa_node = 1
numa_node = 1
numa_node = 1
numa_node = 1
numa_node = 1
numa_node = 1
numa_node = 1
numa_node = 1
numa_node = 1
numa_node = 1
numa_node = 1
numa_node = 1
numa_node = 0
numa_node = 1
numa_node = 1
numa_node = 0
numa_node = 0
numa_node = 0
numa_node = 0
numa_node = 1
numa_node = 1
numa_node = 1
numa_node = 1
numa_node = 1
numa_node = 1
numa_node = 1
numa_node = 1
numa_node = 1
numa_node = 1
numa_node = 1
numa_node = 1
numa_node = 1
numa_node = 1
numa_node = 1
numa_node = 1
numa_node = 1
numa_node = 1
numa_node = 1
numa_node = 1
numa_node = 1
numa_node = 1
numa_node = 1
numa_node = 1
numa_node = 1
numa_node = 1
numa_node = 1
numa_node = 1
numa_node = 1
numa_node = 1
numa_node = 1
numa_node = 1
 colidx: add:      140678160924672 size:             12150060
 a: add:      140677656363008 size:             24300120
 w: add:      140678156103680 size:               300016
 z: add:      140678157316096 size:               300016
 p: add:      140678157012992 size:               300016
 r: add:      140678156406784 size:               300016
 q: add:      140678156709888 size:               300016
 rowst: size:               600004
 x size:               300016
 v size:              1200008
 aelt size:             24300120
 acol size:             12150060
 arow size:             12150060
 iv size:              1200004
numa_node = 1
numa_node = 1
numa_node = 1
numa_node = 1
numa_node = 0
numa_node = 0
numa_node = 0
numa_node = 0
numa_node = 1
numa_node = 1
numa_node = 1
numa_node = 1
numa_node = 1
numa_node = 1
numa_node = 1
numa_node = 1
numa_node = 1
numa_node = 1
numa_node = 1
numa_node = 1
numa_node = 1
numa_node = 1
numa_node = 1
numa_node = 1
numa_node = 1
numa_node = 1
numa_node = 1
numa_node = 1
numa_node = 1
numa_node = 1
numa_node = 1
numa_node = 1
numa_node = 1
numa_node = 1
numa_node = 1
numa_node = 1
numa_node = 1
numa_node = 1
numa_node = 1
numa_node = 1
 colidx: add:      139834375864320 size:             12150060
 a: add:      139833871302656 size:             24300120
 w: add:      139834371043328 size:               300016
 z: add:      139834372255744 size:               300016
 p: add:      139834371952640 size:               300016
 r: add:      139834371346432 size:               300016
 q: add:      139834371649536 size:               300016
 rowst: size:               600004
 x size:               300016
 v size:              1200008
 aelt size:             24300120
 acol size:             12150060
 arow size:             12150060
 iv size:              1200004
          -1
numa_node = 1
numa_node = 1
numa_node = 1
numa_node = 1
numa_node = 1
numa_node = 1
numa_node = 1
numa_node = 1
numa_node = 1
numa_node = 1
numa_node = 1
numa_node = 1
numa_node = 1
numa_node = 1
numa_node = 1
numa_node = 1
numa_node = 1
numa_node = 1
numa_node = 1
numa_node = 1
          -1
numa_node = 1
numa_node = 1
numa_node = 1
numa_node = 1
numa_node = 1
numa_node = 1
numa_node = 1
numa_node = 1
numa_node = 1
numa_node = 1
numa_node = 1
numa_node = 1
numa_node = 1
numa_node = 1
numa_node = 1
numa_node = 1
numa_node = 1
numa_node = 1
numa_node = 1
numa_node = 1
numa_node = 0
numa_node = 1
numa_node = 1
numa_node = 0
numa_node = 1
numa_node = 1
numa_node = 1
numa_node = 1
numa_node = 1
          -1
numa_node = 1
numa_node = 1
numa_node = 1
numa_node = 1
numa_node = 1
numa_node = 1
numa_node = 1
numa_node = 1
numa_node = 1
numa_node = 1
numa_node = 1
numa_node = 1
numa_node = 1
numa_node = 1
numa_node = 1
numa_node = 1
numa_node = 1
numa_node = 1
numa_node = 1
numa_node = 1
numa_node = 1
numa_node = 1
numa_node = 1
numa_node = 0
numa_node = 1
numa_node = 1
numa_node = 1
numa_node = 1
numa_node = 1
numa_node = 1
numa_node = 1
numa_node = 0
numa_node = 0
numa_node = 0
numa_node = 0
numa_node = 1
numa_node = 1
numa_node = 1
numa_node = 1
numa_node = 1
numa_node = 1
numa_node = 1
numa_node = 1
numa_node = 1
numa_node = 1
numa_node = 1
numa_node = 1
numa_node = 1
numa_node = 1
numa_node = 1
numa_node = 1
numa_node = 1
numa_node = 1
numa_node = 1
numa_node = 1
numa_node = 1
numa_node = 1
numa_node = 1
numa_node = 1
numa_node = 1
numa_node = 1
numa_node = 1
numa_node = 1
numa_node = 1
numa_node = 1
numa_node = 1
numa_node = 1
 colidx: add:      139672674201600 size:             12150060
 a: add:      139672169639936 size:             24300120
 w: add:      139672669380608 size:               300016
 z: add:      139672670593024 size:               300016
 p: add:      139672670289920 size:               300016
 r: add:      139672669683712 size:               300016
 q: add:      139672669986816 size:               300016
 rowst: size:               600004
 x size:               300016
 v size:              1200008
 aelt size:             24300120
 acol size:             12150060
 arow size:             12150060
 iv size:              1200004
numa_node = 0
numa_node = 0
numa_node = 0
numa_node = 0
numa_node = 1
numa_node = 1
numa_node = 1
numa_node = 1
numa_node = 1
numa_node = 1
numa_node = 1
numa_node = 1
numa_node = 1
numa_node = 1
numa_node = 1
numa_node = 1
numa_node = 1
numa_node = 1
numa_node = 1
numa_node = 1
numa_node = 1
numa_node = 1
numa_node = 1
numa_node = 1
numa_node = 1
numa_node = 1
numa_node = 1
numa_node = 1
numa_node = 1
numa_node = 1
numa_node = 1
numa_node = 1
numa_node = 1
numa_node = 1
numa_node = 1
numa_node = 1
 colidx: add:      139701832568832 size:             12150060
 a: add:      139701328007168 size:             24300120
 w: add:      139701827747840 size:               300016
 z: add:      139701828960256 size:               300016
 p: add:      139701828657152 size:               300016
 r: add:      139701828050944 size:               300016
 q: add:      139701828354048 size:               300016
 rowst: size:               600004
 x size:               300016
 v size:              1200008
 aelt size:             24300120
 acol size:             12150060
 arow size:             12150060
 iv size:              1200004
numa_node = 1
numa_node = 0
numa_node = 0
numa_node = 0
numa_node = 0
numa_node = 1
numa_node = 1
numa_node = 1
numa_node = 1
numa_node = 1
numa_node = 1
numa_node = 1
numa_node = 1
numa_node = 1
numa_node = 1
numa_node = 1
numa_node = 1
numa_node = 1
numa_node = 1
numa_node = 1
numa_node = 1
numa_node = 1
numa_node = 1
numa_node = 1
numa_node = 1
numa_node = 1
numa_node = 1
numa_node = 1
numa_node = 1
numa_node = 1
numa_node = 1
numa_node = 1
numa_node = 1
numa_node = 1
numa_node = 1
numa_node = 1
numa_node = 1
 colidx: add:      139662857105408 size:             12150060
 a: add:      139662352543744 size:             24300120
 w: add:      139662852284416 size:               300016
 z: add:      139662853496832 size:               300016
 p: add:      139662853193728 size:               300016
 r: add:      139662852587520 size:               300016
 q: add:      139662852890624 size:               300016
 rowst: size:               600004
 x size:               300016
 v size:              1200008
 aelt size:             24300120
 acol size:             12150060
 arow size:             12150060
 iv size:              1200004
          -1
numa_node = 1
numa_node = 1
numa_node = 1
numa_node = 1
numa_node = 1
numa_node = 1
numa_node = 1
numa_node = 1
numa_node = 1
numa_node = 1
numa_node = 1
numa_node = 1
          -1
numa_node = 1
numa_node = 1
numa_node = 1
numa_node = 1
numa_node = 1
numa_node = 1
numa_node = 1
numa_node = 1
numa_node = 1
numa_node = 1
numa_node = 1
numa_node = 1
numa_node = 1
numa_node = 1
numa_node = 1
numa_node = 1
numa_node = 1
numa_node = 1
numa_node = 1
numa_node = 1
numa_node = 1
numa_node = 1
numa_node = 1
numa_node = 1
numa_node = 1
numa_node = 1
numa_node = 1
numa_node = 1
numa_node = 0
numa_node = 0
numa_node = 1
          -1
numa_node = 1
numa_node = 1
numa_node = 1
numa_node = 1
numa_node = 1
numa_node = 1
numa_node = 1
numa_node = 1
numa_node = 1
numa_node = 1
numa_node = 1
numa_node = 1
numa_node = 1
numa_node = 1
numa_node = 1
numa_node = 1
numa_node = 1
numa_node = 1
numa_node = 1
numa_node = 1
numa_node = 1
numa_node = 1
numa_node = 1
numa_node = 0
numa_node = 1
numa_node = 1
numa_node = 1
numa_node = 1
numa_node = 1
numa_node = 1
numa_node = 1
numa_node = 1
numa_node = 1
numa_node = 1
numa_node = 1
numa_node = 1
numa_node = 0
numa_node = 0
numa_node = 0
numa_node = 0
numa_node = 1
numa_node = 1
numa_node = 1
numa_node = 1
numa_node = 1
numa_node = 1
numa_node = 1
numa_node = 1
numa_node = 1
numa_node = 1
numa_node = 1
numa_node = 1
numa_node = 1
numa_node = 1
numa_node = 1
numa_node = 1
numa_node = 1
numa_node = 1
numa_node = 1
numa_node = 1
numa_node = 1
numa_node = 1
numa_node = 1
numa_node = 1
numa_node = 1
numa_node = 1
numa_node = 1
numa_node = 1
numa_node = 1
numa_node = 1
numa_node = 1
numa_node = 1
numa_node = 1
 colidx: add:      140581101350912 size:             12150060
 a: add:      140580596789248 size:             24300120
 w: add:      140581096529920 size:               300016
 z: add:      140581097742336 size:               300016
 p: add:      140581097439232 size:               300016
 r: add:      140581096833024 size:               300016
 q: add:      140581097136128 size:               300016
 rowst: size:               600004
 x size:               300016
 v size:              1200008
 aelt size:             24300120
 acol size:             12150060
 arow size:             12150060
 iv size:              1200004
          -1
numa_node = 1
numa_node = 1
numa_node = 1
numa_node = 1
numa_node = 1
          -1
numa_node = 1
numa_node = 1
numa_node = 1
numa_node = 1
numa_node = 1
numa_node = 1
numa_node = 1
numa_node = 1
numa_node = 1
numa_node = 1
numa_node = 1
numa_node = 1
numa_node = 1
numa_node = 1
numa_node = 1
numa_node = 1
numa_node = 1
numa_node = 1
numa_node = 1
numa_node = 1
numa_node = 1
numa_node = 1
numa_node = 1
numa_node = 1
numa_node = 1
numa_node = 1
numa_node = 1
numa_node = 1
numa_node = 1
numa_node = 1
numa_node = 1
numa_node = 1
numa_node = 1
numa_node = 1
numa_node = 1
numa_node = 1
numa_node = 0
numa_node = 1
numa_node = 0
numa_node = 0
numa_node = 0
numa_node = 0
numa_node = 1
numa_node = 1
numa_node = 1
numa_node = 1
numa_node = 1
numa_node = 1
numa_node = 1
numa_node = 1
numa_node = 1
numa_node = 1
numa_node = 1
numa_node = 1
numa_node = 1
numa_node = 1
numa_node = 1
numa_node = 1
numa_node = 1
numa_node = 1
numa_node = 1
numa_node = 1
numa_node = 1
numa_node = 1
numa_node = 1
numa_node = 1
numa_node = 1
numa_node = 1
numa_node = 1
numa_node = 1
numa_node = 1
numa_node = 1
numa_node = 1
numa_node = 1
numa_node = 1
 colidx: add:      140022147710976 size:             12150060
 a: add:      140021643149312 size:             24300120
 w: add:      140022142889984 size:               300016
 z: add:      140022144102400 size:               300016
 p: add:      140022143799296 size:               300016
 r: add:      140022143193088 size:               300016
 q: add:      140022143496192 size:               300016
 rowst: size:               600004
 x size:               300016
 v size:              1200008
 aelt size:             24300120
 acol size:             12150060
 arow size:             12150060
 iv size:              1200004
numa_node = 0
numa_node = 1
numa_node = 1
numa_node = 0
numa_node = 0
numa_node = 0
numa_node = 0
numa_node = 1
numa_node = 1
numa_node = 1
numa_node = 1
numa_node = 1
numa_node = 1
numa_node = 1
numa_node = 1
numa_node = 1
numa_node = 1
numa_node = 1
numa_node = 1
numa_node = 1
numa_node = 1
numa_node = 1
numa_node = 1
numa_node = 1
numa_node = 1
numa_node = 1
numa_node = 1
numa_node = 1
numa_node = 1
numa_node = 1
numa_node = 1
numa_node = 1
numa_node = 1
numa_node = 1
numa_node = 1
numa_node = 1
numa_node = 1
numa_node = 1
numa_node = 1
 colidx: add:      139897295724544 size:             12150060
 a: add:      139896791162880 size:             24300120
 w: add:      139897290903552 size:               300016
 z: add:      139897292115968 size:               300016
 p: add:      139897291812864 size:               300016
 r: add:      139897291206656 size:               300016
 q: add:      139897291509760 size:               300016
 rowst: size:               600004
 x size:               300016
 v size:              1200008
 aelt size:             24300120
 acol size:             12150060
 arow size:             12150060
 iv size:              1200004
numa_node = 1
numa_node = 1
numa_node = 1
numa_node = 1
numa_node = 1
numa_node = 1
numa_node = 1
          -1
numa_node = 1
numa_node = 1
numa_node = 1
numa_node = 1
numa_node = 1
numa_node = 1
numa_node = 1
numa_node = 1
numa_node = 1
numa_node = 1
numa_node = 1
numa_node = 1
numa_node = 1
numa_node = 1
numa_node = 1
numa_node = 1
numa_node = 1
numa_node = 1
numa_node = 1
numa_node = 1
numa_node = 1
numa_node = 0
numa_node = 1
numa_node = 1
numa_node = 0
numa_node = 0
numa_node = 0
numa_node = 0
numa_node = 1
numa_node = 1
numa_node = 1
numa_node = 1
numa_node = 1
numa_node = 1
numa_node = 1
numa_node = 1
numa_node = 1
numa_node = 1
numa_node = 1
numa_node = 1
numa_node = 1
numa_node = 1
numa_node = 1
numa_node = 1
numa_node = 1
numa_node = 1
numa_node = 1
numa_node = 1
numa_node = 1
numa_node = 1
numa_node = 1
numa_node = 1
numa_node = 1
numa_node = 1
numa_node = 1
numa_node = 1
numa_node = 1
numa_node = 1
numa_node = 1
numa_node = 1
 colidx: add:      140665852624896 size:             12150060
 a: add:      140665348063232 size:             24300120
 w: add:      140665847803904 size:               300016
 z: add:      140665849016320 size:               300016
 p: add:      140665848713216 size:               300016
 r: add:      140665848107008 size:               300016
 q: add:      140665848410112 size:               300016
 rowst: size:               600004
 x size:               300016
 v size:              1200008
 aelt size:             24300120
 acol size:             12150060
 arow size:             12150060
 iv size:              1200004
numa_node = 0
numa_node = 0
numa_node = 0
numa_node = 0
numa_node = 1
numa_node = 1
numa_node = 1
numa_node = 1
numa_node = 1
numa_node = 1
numa_node = 1
numa_node = 1
numa_node = 1
numa_node = 1
numa_node = 1
numa_node = 1
numa_node = 1
numa_node = 1
numa_node = 1
numa_node = 1
numa_node = 1
numa_node = 1
numa_node = 1
numa_node = 1
numa_node = 1
numa_node = 1
numa_node = 1
numa_node = 1
numa_node = 1
numa_node = 1
numa_node = 1
numa_node = 1
numa_node = 1
numa_node = 1
numa_node = 1
numa_node = 1
 colidx: add:      139831053328384 size:             12150060
 a: add:      139830548766720 size:             24300120
 w: add:      139831048507392 size:               300016
 z: add:      139831049719808 size:               300016
 p: add:      139831049416704 size:               300016
 r: add:      139831048810496 size:               300016
 q: add:      139831049113600 size:               300016
 rowst: size:               600004
 x size:               300016
 v size:              1200008
 aelt size:             24300120
 acol size:             12150060
 arow size:             12150060
 iv size:              1200004
numa_node = 1
numa_node = 1
numa_node = 1
numa_node = 1
numa_node = 0
numa_node = 0
numa_node = 0
numa_node = 0
numa_node = 1
numa_node = 1
numa_node = 1
numa_node = 1
numa_node = 1
numa_node = 1
numa_node = 1
numa_node = 1
numa_node = 1
numa_node = 1
numa_node = 1
numa_node = 1
numa_node = 1
numa_node = 1
numa_node = 1
numa_node = 1
numa_node = 1
numa_node = 1
numa_node = 1
numa_node = 1
numa_node = 1
numa_node = 1
numa_node = 1
numa_node = 1
numa_node = 1
numa_node = 1
numa_node = 1
numa_node = 1
numa_node = 1
numa_node = 1
numa_node = 1
numa_node = 1
 colidx: add:      139749106819072 size:             12150060
 a: add:      139748602257408 size:             24300120
 w: add:      139749101998080 size:               300016
 z: add:      139749103210496 size:               300016
 p: add:      139749102907392 size:               300016
 r: add:      139749102301184 size:               300016
 q: add:      139749102604288 size:               300016
 rowst: size:               600004
 x size:               300016
 v size:              1200008
 aelt size:             24300120
 acol size:             12150060
 arow size:             12150060
 iv size:              1200004
          -1
numa_node = 1
numa_node = 1
numa_node = 1
numa_node = 1
numa_node = 1
numa_node = 1
numa_node = 1
numa_node = 1
numa_node = 1
numa_node = 1
numa_node = 1
numa_node = 1
numa_node = 1
numa_node = 1
numa_node = 1
numa_node = 1
numa_node = 1
numa_node = 1
numa_node = 1
numa_node = 1
numa_node = 0
numa_node = 1
numa_node = 1
numa_node = 1
numa_node = 1
numa_node = 1
numa_node = 1
numa_node = 0
numa_node = 0
numa_node = 0
numa_node = 0
numa_node = 1
numa_node = 1
numa_node = 1
numa_node = 1
numa_node = 1
numa_node = 1
numa_node = 1
numa_node = 1
numa_node = 1
numa_node = 1
numa_node = 1
numa_node = 1
numa_node = 1
numa_node = 1
numa_node = 1
numa_node = 1
numa_node = 1
numa_node = 1
numa_node = 1
numa_node = 1
numa_node = 1
numa_node = 1
numa_node = 1
numa_node = 1
numa_node = 1
numa_node = 1
numa_node = 1
numa_node = 1
numa_node = 1
numa_node = 1
numa_node = 1
numa_node = 1
 colidx: add:      140447780900864 size:             12150060
 a: add:      140447276339200 size:             24300120
 w: add:      140447776079872 size:               300016
 z: add:      140447777292288 size:               300016
 p: add:      140447776989184 size:               300016
 r: add:      140447776382976 size:               300016
 q: add:      140447776686080 size:               300016
 rowst: size:               600004
 x size:               300016
 v size:              1200008
 aelt size:             24300120
 acol size:             12150060
 arow size:             12150060
 iv size:              1200004
          -1
numa_node = 1
numa_node = 1
numa_node = 1
numa_node = 1
numa_node = 1
          -1
numa_node = 1
numa_node = 1
numa_node = 1
numa_node = 1
numa_node = 1
numa_node = 1
numa_node = 1
numa_node = 1
numa_node = 1
numa_node = 1
numa_node = 1
numa_node = 1
numa_node = 1
numa_node = 1
numa_node = 1
numa_node = 1
numa_node = 1
numa_node = 1
numa_node = 1
numa_node = 1
numa_node = 1
numa_node = 1
numa_node = 1
numa_node = 1
numa_node = 1
numa_node = 1
numa_node = 1
numa_node = 1
numa_node = 1
numa_node = 1
numa_node = 1
numa_node = 1
numa_node = 1
numa_node = 1
numa_node = 1
numa_node = 0
numa_node = 0
numa_node = 1
numa_node = 1
numa_node = 1
numa_node = 1
numa_node = 1
numa_node = 1
numa_node = 1
numa_node = 1
numa_node = 1
numa_node = 1
numa_node = 1
numa_node = 1
numa_node = 0
numa_node = 0
numa_node = 0
numa_node = 0
numa_node = 0
numa_node = 0
numa_node = 0
numa_node = 1
numa_node = 1
numa_node = 1
numa_node = 1
numa_node = 1
numa_node = 1
numa_node = 1
numa_node = 1
numa_node = 1
numa_node = 1
numa_node = 1
numa_node = 1
numa_node = 1
numa_node = 1
numa_node = 0
numa_node = 1
numa_node = 1
numa_node = 1
numa_node = 1
numa_node = 1
numa_node = 1
numa_node = 1
numa_node = 1
numa_node = 1
numa_node = 1
numa_node = 1
numa_node = 1
numa_node = 1
numa_node = 1
numa_node = 1
numa_node = 1
numa_node = 1
numa_node = 1
numa_node = 1
numa_node = 1
numa_node = 1
numa_node = 1
numa_node = 1
numa_node = 1
numa_node = 1
numa_node = 1
numa_node = 1
numa_node = 1
numa_node = 1
numa_node = 1
numa_node = 1
numa_node = 1
numa_node = 1
numa_node = 1
numa_node = 1
numa_node = 1
numa_node = 1
numa_node = 1
numa_node = 1
numa_node = 1
numa_node = 1
numa_node = 1
numa_node = 1
numa_node = 1
 colidx: add:      140632058216448 size:             12150060
 a: add:      140631553654784 size:             24300120
numa_node = 1
numa_node = 1
numa_node = 1
 w: add:      140632053395456 size:               300016
 z: add:      140632054607872 size:               300016
 p: add:      140632054304768 size:               300016
 r: add:      140632053698560 size:               300016
 q: add:      140632054001664 size:               300016
 rowst: size:               600004
 x size:               300016
 v size:              1200008
 aelt size:             24300120
 acol size:             12150060
 arow size:             12150060
 iv size:              1200004
numa_node = 1
numa_node = 1
numa_node = 1
 colidx: add:      140280641302528 size:             12150060
 a: add:      140280136740864 size:             24300120
 w: add:      140280636481536 size:               300016
 z: add:      140280637693952 size:               300016
 p: add:      140280637390848 size:               300016
 r: add:      140280636784640 size:               300016
 q: add:      140280637087744 size:               300016
 rowst: size:               600004
 x size:               300016
 v size:              1200008
 aelt size:             24300120
 acol size:             12150060
 arow size:             12150060
 iv size:              1200004
          -1
numa_node = 1
numa_node = 1
numa_node = 1
numa_node = 1
numa_node = 1
numa_node = 1
numa_node = 1
numa_node = 1
numa_node = 1
numa_node = 1
numa_node = 1
numa_node = 1
numa_node = 1
numa_node = 1
numa_node = 1
numa_node = 1
numa_node = 1
numa_node = 1
numa_node = 1
numa_node = 1
numa_node = 0
numa_node = 1
numa_node = 1
          -1
numa_node = 1
numa_node = 1
numa_node = 1
numa_node = 1
numa_node = 1
numa_node = 1
numa_node = 1
numa_node = 1
numa_node = 1
numa_node = 1
numa_node = 1
numa_node = 1
numa_node = 1
numa_node = 1
numa_node = 1
numa_node = 1
numa_node = 1
numa_node = 1
numa_node = 1
numa_node = 1
numa_node = 1
numa_node = 0
numa_node = 1
numa_node = 1
numa_node = 1
numa_node = 1
numa_node = 1
numa_node = 1
numa_node = 1
numa_node = 1
numa_node = 0
numa_node = 0
numa_node = 0
numa_node = 0
numa_node = 1
numa_node = 1
numa_node = 1
numa_node = 1
numa_node = 1
numa_node = 1
numa_node = 1
numa_node = 1
numa_node = 1
numa_node = 1
numa_node = 1
numa_node = 1
numa_node = 1
numa_node = 1
numa_node = 1
numa_node = 1
numa_node = 1
numa_node = 1
numa_node = 1
numa_node = 1
numa_node = 1
numa_node = 1
numa_node = 1
numa_node = 1
numa_node = 1
numa_node = 1
numa_node = 1
numa_node = 1
numa_node = 1
numa_node = 1
numa_node = 1
numa_node = 1
 colidx: add:      140709010333696 size:             12150060
 a: add:      140708505772032 size:             24300120
 w: add:      140709005512704 size:               300016
 z: add:      140709006725120 size:               300016
 p: add:      140709006422016 size:               300016
 r: add:      140709005815808 size:               300016
 q: add:      140709006118912 size:               300016
 rowst: size:               600004
 x size:               300016
 v size:              1200008
 aelt size:             24300120
 acol size:             12150060
 arow size:             12150060
 iv size:              1200004
numa_node = 1
numa_node = 0
numa_node = 0
numa_node = 0
numa_node = 0
numa_node = 1
numa_node = 1
numa_node = 1
numa_node = 1
numa_node = 1
numa_node = 1
numa_node = 1
numa_node = 1
numa_node = 1
numa_node = 1
numa_node = 1
numa_node = 1
numa_node = 1
numa_node = 1
numa_node = 1
numa_node = 1
numa_node = 1
numa_node = 1
numa_node = 1
numa_node = 1
numa_node = 1
numa_node = 1
numa_node = 1
numa_node = 1
numa_node = 1
numa_node = 1
numa_node = 1
numa_node = 1
numa_node = 1
numa_node = 1
numa_node = 1
numa_node = 1
 colidx: add:      139938361987072 size:             12150060
 a: add:      139937857425408 size:             24300120
 w: add:      139938357166080 size:               300016
 z: add:      139938358378496 size:               300016
 p: add:      139938358075392 size:               300016
 r: add:      139938357469184 size:               300016
 q: add:      139938357772288 size:               300016
 rowst: size:               600004
 x size:               300016
 v size:              1200008
 aelt size:             24300120
 acol size:             12150060
 arow size:             12150060
 iv size:              1200004


 NAS Parallel Benchmarks 3.3 -- CG Benchmark

 Size:     150000
 Iterations:    75
 Number of active processes:    16
 Number of nonzeroes per row:       15
 Eigenvalue shift: .110E+03

   iteration           ||r||                 zeta
        1       0.25684152458809E-12   109.9994423237398
        2       0.73904271878851E-15    27.3920437146526
        3       0.73031584712266E-15    28.0339761840275
        4       0.73565193896639E-15    28.4191507551287
        5       0.73349711397114E-15    28.6471670038893
        6       0.73360204398854E-15    28.7812969418412
        7       0.73366515021104E-15    28.8600458537343
        8       0.73390040878766E-15    28.9063145572685
        9       0.73670170986433E-15    28.9335649214622
       10       0.73571071517574E-15    28.9496695449003
       11       0.73648526442789E-15    28.9592263353755
       12       0.73847208067229E-15    28.9649233484889
       13       0.73405007716800E-15    28.9683359248936
       14       0.73296555546106E-15    28.9703903960005
       15       0.73033004640843E-15    28.9716336228371
       16       0.73643024376707E-15    28.9723898600853
       17       0.73361604597501E-15    28.9728522692229
       18       0.73459221640257E-15    28.9731364797778
       19       0.73587226514251E-15    28.9733120569287
       20       0.73080537355320E-15    28.9734210663747
       21       0.73403975619047E-15    28.9734890760554
       22       0.73635096642455E-15    28.9735317064871
       23       0.73521677593124E-15    28.9735585497258
       24       0.73388492060584E-15    28.9735755256648
       25       0.73114465989435E-15    28.9735863059382
       26       0.72929964592206E-15    28.9735931787374
       27       0.72814591157688E-15    28.9735975767371
       28       0.73460352772814E-15    28.9736004009989
       29       0.73271188433475E-15    28.9736022206771
       30       0.73315053133034E-15    28.9736033967627
       31       0.73083321601352E-15    28.9736041591157
       32       0.73158546822823E-15    28.9736046546405
       33       0.73148984069934E-15    28.9736049775614
       34       0.72807801168839E-15    28.9736051885099
       35       0.72896232937332E-15    28.9736053266246
       36       0.72891084612344E-15    28.9736054172454
       37       0.73016385169892E-15    28.9736054768226
       38       0.73138507323994E-15    28.9736055160638
       39       0.72703215994026E-15    28.9736055419574
       40       0.72921046240435E-15    28.9736055590700
       41       0.72899824318846E-15    28.9736055703976
       42       0.72698896731495E-15    28.9736055779073
       43       0.73020781285315E-15    28.9736055828934
       44       0.72909981170735E-15    28.9736055862072
       45       0.73199816886206E-15    28.9736055884132
       46       0.72597725666719E-15    28.9736055898824
       47       0.72606160037997E-15    28.9736055908630
       48       0.72965411019657E-15    28.9736055915179
       49       0.72835841342896E-15    28.9736055919554
       50       0.72508406402431E-15    28.9736055922485
       51       0.73170000686206E-15    28.9736055924449
       52       0.72622417388123E-15    28.9736055925761
       53       0.72757680055017E-15    28.9736055926646
       54       0.72917191017288E-15    28.9736055927236
       55       0.72793759015979E-15    28.9736055927632
       56       0.72425801793153E-15    28.9736055927904
       57       0.72610764785750E-15    28.9736055928077
       58       0.72614933126561E-15    28.9736055928208
       59       0.72509034658993E-15    28.9736055928281
       60       0.72308226746960E-15    28.9736055928339
       61       0.72368508145046E-15    28.9736055928376
       62       0.72546545050030E-15    28.9736055928397
       63       0.72844701695366E-15    28.9736055928419
       64       0.72359005314445E-15    28.9736055928432
       65       0.72558602502673E-15    28.9736055928440
       66       0.72484160487195E-15    28.9736055928439
       67       0.72808226996462E-15    28.9736055928450
       68       0.72662520677211E-15    28.9736055928445
       69       0.72403102458641E-15    28.9736055928450
       70       0.72378150618886E-15    28.9736055928455
       71       0.72578893473459E-15    28.9736055928456
       72       0.72289215929556E-15    28.9736055928456
       73       0.72654040771579E-15    28.9736055928458
       74       0.72401061283166E-15    28.9736055928451
       75       0.72186248070828E-15    28.9736055928458
memcpy: 1 0.000000
clflush: 1 0.000000
data_cache: 1 1.621803
memmove: 1 0.000000


write: 1 6.003742
msync: 1 0.003482
memcpy: 0 0.000000
clflush: 0 0.000000
data_cache: 0 1.613959
memmove: 0 0.000000


write: 0 5.842131
msync: 0 0.003091
memcpy: 3 0.000000
clflush: 3 0.000000
data_cache: 3 1.623576
memmove: 3 0.000000


write: 3 5.981025
msync: 3 0.003335
memcpy: 2 0.000000
clflush: 2 0.000000
data_cache: 2 1.624229
memmove: 2 0.000000


write: 2 5.970279
msync: 2 0.003334
memcpy: 13 0.000000
clflush: 13 0.000000
data_cache: 13 1.636882
memmove: 13 0.000000


write: 13 9.609114
msync: 13 0.004113
memcpy: 15 0.000000
clflush: 15 0.000000
data_cache: 15 1.642795
memmove: 15 0.000000


write: 15 9.811126
msync: 15 0.003817
memcpy: 11 0.000000
clflush: 11 0.000000
data_cache: 11 2.035821
memmove: 11 0.000000


write: 11 10.051511
msync: 11 0.004985
memcpy: 12 0.000000
clflush: 12 0.000000
data_cache: 12 1.636358
memmove: 12 0.000000


write: 12 9.563925
msync: 12 0.004067
memcpy: 8 0.000000
clflush: 8 0.000000
data_cache: 8 2.051010
memmove: 8 0.000000


write: 8 10.217457
msync: 8 0.004238
memcpy: 14 0.000000
clflush: 14 0.000000
data_cache: 14 1.640769
memmove: 14 0.000000


write: 14 9.654015
msync: 14 0.004143
memcpy: 9 0.000000
clflush: 9 0.000000
data_cache: 9 2.070514
memmove: 9 0.000000


write: 9 10.202477
msync: 9 0.004045
memcpy: 10 0.000000
clflush: 10 0.000000
data_cache: 10 2.055674
memmove: 10 0.000000


write: 10 10.019390
msync: 10 0.004101
memcpy: 4 0.000000
clflush: 4 0.000000
data_cache: 4 1.851862
memmove: 4 0.000000


write: 4 9.415669
msync: 4 0.004368
memcpy: 5 0.000000
clflush: 5 0.000000
data_cache: 5 1.863755
memmove: 5 0.000000


write: 5 9.414570
msync: 5 0.004347
memcpy: 6 0.000000
clflush: 6 0.000000
data_cache: 6 1.860952
memmove: 6 0.000000


write: 6 9.239996
msync: 6 0.003425
memcpy: 7 0.000000
clflush: 7 0.000000
data_cache: 7 1.870707
memmove: 7 0.000000


write: 7 9.349626
msync: 7 0.003730
 Benchmark completed 
 VERIFICATION SUCCESSFUL 
 Zeta is     0.2897360559285E+02
 Error is    0.2857022004072E-13


 CG Benchmark Completed.
 Class           =                        C
 Size            =                   150000
 Iterations      =                       75
 Time in seconds =                    78.89
 Total processes =                       16
 Compiled procs  =                       16
 Mop/s total     =                  1816.95
 Mop/s/process   =                   113.56
 Operation type  =           floating point
 Verification    =               SUCCESSFUL
 Version         =                    3.3.1
 Compile date    =              19 Mar 2017

 Compile options:
    MPIF77       = mpif77
    FLINK        = $(MPIF77)
    FMPI_LIB     = -L/opt/pasa_lib/openmpi-1.10.0/lib -lmpi
    FMPI_INC     = -I/opt/pasa_lib/openmpi-1.10.0/include   -m...
    FFLAGS       = -O  -fcray-pointer -mcmodel=large  -fno-ran...
    FLINKFLAGS   = -O 
    RAND         = randi8


 Please send feedbacks and/or the results of this run to:

 NPB Development Team 
 Internet: npb@nas.nasa.gov


