numa_node = 1
numa_node = 1
numa_node = 1
numa_node = 1
numa_node = 1
numa_node = 1
numa_node = 1
numa_node = 1
numa_node = 1
numa_node = 1
numa_node = 1
numa_node = 1
numa_node = 1
numa_node = 1
numa_node = 1
numa_node = 1
numa_node = 1
numa_node = 1
numa_node = 1
numa_node = 1
numa_node = 1
numa_node = 1
numa_node = 1
numa_node = 1
numa_node = 1
numa_node = 1
numa_node = 1
numa_node = 1
numa_node = 1
numa_node = 1
numa_node = 1
numa_node = 1
numa_node = 1
numa_node = 1
numa_node = 1
numa_node = 1
numa_node = 1
numa_node = 1
numa_node = 1
numa_node = 1
numa_node = 1
numa_node = 1
numa_node = 1
numa_node = 1
numa_node = 0
numa_node = 1
numa_node = 1
numa_node = 1
numa_node = 1
numa_node = 1
numa_node = 1
numa_node = 1
numa_node = 1
numa_node = 1
numa_node = 1
numa_node = 1
numa_node = 1
numa_node = 1
numa_node = 1
numa_node = 1
numa_node = 1
numa_node = 1
numa_node = 1
numa_node = 1
numa_node = 1
numa_node = 1
numa_node = 1
numa_node = 1
numa_node = 1
numa_node = 1
numa_node = 1
numa_node = 1
numa_node = 1
numa_node = 1
numa_node = 1
numa_node = 1
numa_node = 1
numa_node = 1
numa_node = 1
numa_node = 1
numa_node = 1
numa_node = 1
numa_node = 1
numa_node = 1
numa_node = 1
numa_node = 1
numa_node = 1
numa_node = 1
numa_node = 1
numa_node = 1
numa_node = 1
numa_node = 1
numa_node = 1
numa_node = 1
numa_node = 1
numa_node = 1
numa_node = 1
numa_node = 1
numa_node = 1
numa_node = 1
numa_node = 1
numa_node = 1
numa_node = 1
numa_node = 1
numa_node = 1
numa_node = 1
numa_node = 1
numa_node = 1
numa_node = 1
numa_node = 1
numa_node = 1
numa_node = 1
numa_node = 1
numa_node = 1
numa_node = 1
numa_node = 1
numa_node = 1
numa_node = 0
numa_node = 1
numa_node = 1
numa_node = 1
numa_node = 1
numa_node = 1
numa_node = 1
numa_node = 1
numa_node = 1
numa_node = 1
numa_node = 1
numa_node = 1
numa_node = 1
numa_node = 1
numa_node = 1
numa_node = 1
numa_node = 1
numa_node = 1
numa_node = 1
numa_node = 1
numa_node = 1
numa_node = 1
numa_node = 1
numa_node = 1
numa_node = 1
numa_node = 1
numa_node = 1
numa_node = 1
numa_node = 1
numa_node = 1
numa_node = 1
numa_node = 1
numa_node = 1
numa_node = 1
numa_node = 1
numa_node = 1
numa_node = 1
numa_node = 1
numa_node = 1
numa_node = 1
numa_node = 1
numa_node = 1
numa_node = 1
numa_node = 1
numa_node = 1
numa_node = 1
numa_node = 1
numa_node = 1
numa_node = 1
numa_node = 1
numa_node = 1
numa_node = 1
numa_node = 1
numa_node = 1
numa_node = 1
numa_node = 1
numa_node = 1
numa_node = 1
numa_node = 1
numa_node = 1
numa_node = 1
numa_node = 1
numa_node = 0
numa_node = 0
numa_node = 1
numa_node = 1
numa_node = 1
numa_node = 1
numa_node = 1
numa_node = 1
numa_node = 1
numa_node = 1
numa_node = 1
numa_node = 1
numa_node = 1
numa_node = 1
numa_node = 1
numa_node = 1
numa_node = 1
numa_node = 1
numa_node = 1
numa_node = 1
numa_node = 1
numa_node = 1
numa_node = 1
numa_node = 1
numa_node = 1
numa_node = 1
numa_node = 1
 sizeof(nbr)                  360
 sizeof(msg_type)                   36
 sizeof(msg_id)                   72
 sizeof(ir)                   40
 sizeof(m1)                   40
 sizeof(m2)                   40
 sizeof(m3)                   40
 sizeof(buff)              4260096
 sizeof(u)             79737088
 sizeof(v)             69226560
 sizeof(r)             79737088
numa_node = 1
numa_node = 1
numa_node = 1
numa_node = 1
numa_node = 1
numa_node = 1
numa_node = 1
numa_node = 1
numa_node = 1
numa_node = 1
numa_node = 1
numa_node = 1
numa_node = 1
numa_node = 1
numa_node = 1
numa_node = 1
numa_node = 1
numa_node = 1
numa_node = 1
numa_node = 1
numa_node = 1
numa_node = 1
numa_node = 1
numa_node = 1
numa_node = 1
numa_node = 1
numa_node = 1
numa_node = 1
numa_node = 1
numa_node = 1
numa_node = 1
numa_node = 1
numa_node = 1
numa_node = 1
numa_node = 1
numa_node = 1
numa_node = 1
numa_node = 1
numa_node = 1
numa_node = 1
numa_node = 1
numa_node = 1
numa_node = 1
numa_node = 1
numa_node = 1
numa_node = 1
numa_node = 1
numa_node = 1
numa_node = 1
numa_node = 1
numa_node = 1
 sizeof(nbr)                  360
 sizeof(msg_type)                   36
 sizeof(msg_id)                   72
 sizeof(ir)                   40
 sizeof(m1)                   40
 sizeof(m2)                   40
 sizeof(m3)                   40
 sizeof(buff)              4260096
 sizeof(u)             79737088
 sizeof(v)             69226560
 sizeof(r)             79737088
numa_node = 1
numa_node = 1
numa_node = 1
numa_node = 1
numa_node = 1
numa_node = 1
numa_node = 1
numa_node = 1
numa_node = 1
numa_node = 1
numa_node = 1
numa_node = 1
numa_node = 1
numa_node = 1
numa_node = 1
numa_node = 1
numa_node = 1
numa_node = 1
numa_node = 1
numa_node = 1
numa_node = 1
numa_node = 1
numa_node = 1
numa_node = 1
numa_node = 1
numa_node = 1
numa_node = 1
numa_node = 1
numa_node = 1
numa_node = 1
numa_node = 1
numa_node = 1
numa_node = 1
numa_node = 1
numa_node = 1
numa_node = 1
numa_node = 1
numa_node = 1
numa_node = 1
numa_node = 1
numa_node = 1
numa_node = 1
numa_node = 1
numa_node = 1
numa_node = 1
numa_node = 1
numa_node = 1
numa_node = 1
numa_node = 1
numa_node = 1
numa_node = 1
numa_node = 1
numa_node = 1
numa_node = 1
numa_node = 1
numa_node = 1
numa_node = 1
numa_node = 1
numa_node = 1
numa_node = 1
numa_node = 1
numa_node = 0
numa_node = 0
numa_node = 1
numa_node = 1
numa_node = 1
numa_node = 1
numa_node = 1
numa_node = 1
numa_node = 1
numa_node = 1
numa_node = 1
numa_node = 1
numa_node = 1
numa_node = 1
numa_node = 1
numa_node = 1
numa_node = 1
numa_node = 1
numa_node = 1
numa_node = 1
numa_node = 1
numa_node = 1
numa_node = 1
numa_node = 1
numa_node = 1
 sizeof(nbr)                  360
 sizeof(msg_type)                   36
 sizeof(msg_id)                   72
 sizeof(ir)                   40
 sizeof(m1)                   40
 sizeof(m2)                   40
 sizeof(m3)                   40
 sizeof(buff)              4260096
 sizeof(u)             79737088
 sizeof(v)             69226560
 sizeof(r)             79737088
numa_node = 1
numa_node = 1
numa_node = 1
numa_node = 1
numa_node = 1
numa_node = 1
numa_node = 1
numa_node = 1
numa_node = 1
numa_node = 1
numa_node = 1
numa_node = 1
numa_node = 1
numa_node = 1
numa_node = 1
numa_node = 1
numa_node = 1
numa_node = 1
numa_node = 1
numa_node = 1
numa_node = 1
numa_node = 1
numa_node = 1
 sizeof(nbr)                  360
 sizeof(msg_type)                   36
 sizeof(msg_id)                   72
 sizeof(ir)                   40
 sizeof(m1)                   40
 sizeof(m2)                   40
 sizeof(m3)                   40
 sizeof(buff)              4260096
 sizeof(u)             79737088
 sizeof(v)             69226560
 sizeof(r)             79737088
numa_node = 1
numa_node = 1
numa_node = 1
numa_node = 1
numa_node = 1
numa_node = 1
numa_node = 1
numa_node = 1
numa_node = 1
numa_node = 1
numa_node = 1
numa_node = 1
numa_node = 1
numa_node = 1
numa_node = 1
numa_node = 1
numa_node = 1
numa_node = 1
numa_node = 1
numa_node = 1
numa_node = 1
numa_node = 1
numa_node = 1
numa_node = 1
numa_node = 1
numa_node = 1
numa_node = 1
numa_node = 1
numa_node = 1
numa_node = 1
numa_node = 1
numa_node = 1
numa_node = 1
numa_node = 1
numa_node = 1
numa_node = 1
numa_node = 1
numa_node = 1
numa_node = 1
numa_node = 1
numa_node = 1
numa_node = 1
numa_node = 1
numa_node = 1
numa_node = 1
numa_node = 1
numa_node = 1
numa_node = 1
numa_node = 1
numa_node = 1
numa_node = 1
numa_node = 1
numa_node = 1
numa_node = 1
numa_node = 1
numa_node = 1
numa_node = 1
numa_node = 1
numa_node = 1
numa_node = 1
numa_node = 1
numa_node = 1
numa_node = 1
numa_node = 1
numa_node = 1
numa_node = 1
numa_node = 1
numa_node = 1
numa_node = 1
numa_node = 1
numa_node = 1
numa_node = 1
numa_node = 1
numa_node = 1
numa_node = 1
numa_node = 1
numa_node = 1
numa_node = 1
numa_node = 1
numa_node = 1
numa_node = 1
numa_node = 1
numa_node = 1
numa_node = 1
numa_node = 1
numa_node = 1
numa_node = 1
numa_node = 1
numa_node = 1
numa_node = 1
numa_node = 1
numa_node = 1
numa_node = 1
numa_node = 1
numa_node = 1
numa_node = 1
numa_node = 1
 sizeof(nbr)                  360
 sizeof(msg_type)                   36
 sizeof(msg_id)                   72
 sizeof(ir)                   40
 sizeof(m1)                   40
 sizeof(m2)                   40
 sizeof(m3)                   40
 sizeof(buff)              4260096
 sizeof(u)             79737088
 sizeof(v)             69226560
 sizeof(r)             79737088
numa_node = 1
numa_node = 1
numa_node = 1
numa_node = 1
numa_node = 1
numa_node = 1
numa_node = 1
numa_node = 1
numa_node = 1
numa_node = 1
numa_node = 1
numa_node = 1
numa_node = 1
numa_node = 1
numa_node = 1
numa_node = 1
numa_node = 1
numa_node = 1
numa_node = 1
numa_node = 1
numa_node = 1
numa_node = 1
numa_node = 1
numa_node = 1
numa_node = 1
numa_node = 1
numa_node = 1
numa_node = 1
numa_node = 1
numa_node = 1
numa_node = 1
numa_node = 1
numa_node = 1
numa_node = 1
numa_node = 1
numa_node = 1
numa_node = 1
numa_node = 1
numa_node = 1
numa_node = 1
numa_node = 1
 sizeof(nbr)                  360
 sizeof(msg_type)                   36
 sizeof(msg_id)                   72
 sizeof(ir)                   40
 sizeof(m1)                   40
 sizeof(m2)                   40
 sizeof(m3)                   40
 sizeof(buff)              4260096
 sizeof(u)             79737088
 sizeof(v)             69226560
 sizeof(r)             79737088
numa_node = 1
numa_node = 1
numa_node = 1
numa_node = 1
numa_node = 1
numa_node = 1
numa_node = 1
numa_node = 1
numa_node = 1
numa_node = 1
numa_node = 1
numa_node = 1
numa_node = 1
numa_node = 1
numa_node = 1
numa_node = 1
numa_node = 1
numa_node = 1
numa_node = 1
numa_node = 1
numa_node = 1
numa_node = 1
numa_node = 1
numa_node = 1
numa_node = 1
numa_node = 0
numa_node = 0
numa_node = 1
numa_node = 1
numa_node = 1
numa_node = 1
numa_node = 1
numa_node = 1
numa_node = 1
numa_node = 1
numa_node = 1
numa_node = 1
numa_node = 1
numa_node = 1
numa_node = 1
numa_node = 1
numa_node = 1
numa_node = 1
numa_node = 1
numa_node = 1
numa_node = 0
numa_node = 1
numa_node = 1
numa_node = 1
numa_node = 1
numa_node = 1
numa_node = 1
numa_node = 1
numa_node = 1
numa_node = 1
numa_node = 1
numa_node = 1
numa_node = 1
numa_node = 1
numa_node = 1
numa_node = 1
numa_node = 1
numa_node = 1
numa_node = 1
numa_node = 1
numa_node = 1
numa_node = 1
numa_node = 1
numa_node = 1
numa_node = 1
numa_node = 1
numa_node = 1
numa_node = 1
numa_node = 1
numa_node = 1
numa_node = 1
numa_node = 1
numa_node = 1
numa_node = 1
numa_node = 1
numa_node = 1
numa_node = 1
numa_node = 1
numa_node = 1
numa_node = 1
numa_node = 1
numa_node = 1
numa_node = 1
numa_node = 1
numa_node = 0
numa_node = 1
numa_node = 1
numa_node = 1
numa_node = 1
numa_node = 1
numa_node = 1
numa_node = 1
numa_node = 1
numa_node = 1
numa_node = 1
numa_node = 1
numa_node = 1
numa_node = 1
numa_node = 1
numa_node = 1
numa_node = 1
numa_node = 1
numa_node = 1
numa_node = 1
numa_node = 1
numa_node = 1
numa_node = 1
numa_node = 1
numa_node = 1
numa_node = 1
numa_node = 1
numa_node = 1
numa_node = 1
numa_node = 1
numa_node = 1
numa_node = 1
numa_node = 1
numa_node = 1
numa_node = 1
numa_node = 1
numa_node = 1
numa_node = 1
numa_node = 1
numa_node = 1
numa_node = 1
numa_node = 1
numa_node = 1
numa_node = 1
numa_node = 1
numa_node = 1
numa_node = 1
numa_node = 1
numa_node = 1
numa_node = 1
numa_node = 1
numa_node = 1
numa_node = 1
numa_node = 1
numa_node = 1
numa_node = 1
numa_node = 1
numa_node = 1
numa_node = 1
numa_node = 1
numa_node = 1
numa_node = 1
numa_node = 1
numa_node = 1
numa_node = 1
numa_node = 1
numa_node = 1
numa_node = 1
numa_node = 1
numa_node = 1
numa_node = 1
numa_node = 1
 sizeof(nbr)                  360
 sizeof(msg_type)                   36
 sizeof(msg_id)                   72
 sizeof(ir)                   40
 sizeof(m1)                   40
 sizeof(m2)                   40
 sizeof(m3)                   40
 sizeof(buff)              4260096
 sizeof(u)             79737088
 sizeof(v)             69226560
 sizeof(r)             79737088
numa_node = 1
numa_node = 1
numa_node = 1
numa_node = 1
numa_node = 1
numa_node = 1
numa_node = 1
numa_node = 1
numa_node = 1
numa_node = 1
numa_node = 1
numa_node = 1
numa_node = 1
numa_node = 1
numa_node = 1
numa_node = 1
numa_node = 1
numa_node = 1
numa_node = 1
numa_node = 1
numa_node = 1
numa_node = 1
numa_node = 1
 sizeof(nbr)                  360
 sizeof(msg_type)                   36
 sizeof(msg_id)                   72
 sizeof(ir)                   40
 sizeof(m1)                   40
 sizeof(m2)                   40
 sizeof(m3)                   40
 sizeof(buff)              4260096
 sizeof(u)             79737088
 sizeof(v)             69226560
 sizeof(r)             79737088
numa_node = 1
numa_node = 1
numa_node = 1
numa_node = 1
numa_node = 1
numa_node = 1
numa_node = 1
numa_node = 1
numa_node = 1
numa_node = 1
numa_node = 1
numa_node = 1
numa_node = 1
numa_node = 1
numa_node = 1
numa_node = 1
numa_node = 1
numa_node = 1
numa_node = 1
numa_node = 1
numa_node = 1
numa_node = 1
numa_node = 1
 sizeof(nbr)                  360
 sizeof(msg_type)                   36
 sizeof(msg_id)                   72
 sizeof(ir)                   40
 sizeof(m1)                   40
 sizeof(m2)                   40
 sizeof(m3)                   40
 sizeof(buff)              4260096
 sizeof(u)             79737088
 sizeof(v)             69226560
 sizeof(r)             79737088
numa_node = 0
numa_node = 1
numa_node = 1
numa_node = 1
numa_node = 1
numa_node = 1
numa_node = 1
numa_node = 1
numa_node = 1
numa_node = 1
numa_node = 1
numa_node = 1
numa_node = 1
numa_node = 1
numa_node = 1
numa_node = 1
numa_node = 1
numa_node = 1
numa_node = 1
numa_node = 1
numa_node = 1
numa_node = 1
numa_node = 1
numa_node = 1
 sizeof(nbr)                  360
 sizeof(msg_type)                   36
 sizeof(msg_id)                   72
 sizeof(ir)                   40
 sizeof(m1)                   40
 sizeof(m2)                   40
 sizeof(m3)                   40
 sizeof(buff)              4260096
 sizeof(u)             79737088
 sizeof(v)             69226560
 sizeof(r)             79737088
numa_node = 1
numa_node = 1
numa_node = 1
numa_node = 1
numa_node = 1
numa_node = 1
numa_node = 1
numa_node = 1
numa_node = 1
numa_node = 1
numa_node = 1
numa_node = 1
numa_node = 1
numa_node = 1
numa_node = 1
numa_node = 1
numa_node = 1
numa_node = 1
numa_node = 1
numa_node = 1
numa_node = 1
numa_node = 1
numa_node = 1
numa_node = 1
numa_node = 1
numa_node = 1
numa_node = 1
numa_node = 1
numa_node = 1
numa_node = 1
numa_node = 1
numa_node = 1
numa_node = 1
numa_node = 1
numa_node = 1
numa_node = 1
numa_node = 1
numa_node = 1
numa_node = 1
numa_node = 1
numa_node = 1
numa_node = 1
numa_node = 1
numa_node = 1
numa_node = 1
numa_node = 0
numa_node = 1
numa_node = 1
numa_node = 1
numa_node = 1
numa_node = 1
numa_node = 1
numa_node = 1
numa_node = 1
numa_node = 1
numa_node = 1
numa_node = 1
numa_node = 1
numa_node = 1
numa_node = 1
numa_node = 1
numa_node = 1
numa_node = 1
numa_node = 1
numa_node = 1
numa_node = 1
numa_node = 1
numa_node = 1
numa_node = 1
 sizeof(nbr)                  360
 sizeof(msg_type)                   36
 sizeof(msg_id)                   72
 sizeof(ir)                   40
 sizeof(m1)                   40
 sizeof(m2)                   40
 sizeof(m3)                   40
 sizeof(buff)              4260096
 sizeof(u)             79737088
 sizeof(v)             69226560
 sizeof(r)             79737088
numa_node = 1
numa_node = 1
numa_node = 1
numa_node = 1
numa_node = 1
numa_node = 1
numa_node = 1
numa_node = 1
numa_node = 1
numa_node = 1
numa_node = 1
numa_node = 1
numa_node = 1
numa_node = 1
numa_node = 1
numa_node = 1
numa_node = 1
numa_node = 1
numa_node = 1
numa_node = 1
numa_node = 1
numa_node = 1
numa_node = 1
numa_node = 1
 sizeof(nbr)                  360
 sizeof(msg_type)                   36
 sizeof(msg_id)                   72
 sizeof(ir)                   40
 sizeof(m1)                   40
 sizeof(m2)                   40
 sizeof(m3)                   40
 sizeof(buff)              4260096
 sizeof(u)             79737088
 sizeof(v)             69226560
 sizeof(r)             79737088
numa_node = 1
numa_node = 1
numa_node = 1
numa_node = 1
numa_node = 1
numa_node = 1
numa_node = 1
numa_node = 1
numa_node = 1
numa_node = 1
numa_node = 1
numa_node = 1
numa_node = 1
numa_node = 1
numa_node = 1
numa_node = 1
numa_node = 1
numa_node = 1
numa_node = 1
numa_node = 1
numa_node = 1
numa_node = 1
numa_node = 1
numa_node = 1
numa_node = 1
numa_node = 1
numa_node = 1
numa_node = 1
numa_node = 1
numa_node = 1
numa_node = 1
numa_node = 1
numa_node = 1
numa_node = 1
numa_node = 1
numa_node = 1
numa_node = 1
numa_node = 1
numa_node = 1
numa_node = 1
numa_node = 1
numa_node = 1
numa_node = 1
numa_node = 1
numa_node = 1
numa_node = 1
numa_node = 1
numa_node = 1
numa_node = 1
numa_node = 1
numa_node = 1
numa_node = 1
numa_node = 1
numa_node = 1
numa_node = 1
numa_node = 1
numa_node = 1
numa_node = 1
numa_node = 1
numa_node = 1
numa_node = 1
numa_node = 1
numa_node = 1
numa_node = 1
numa_node = 1
numa_node = 1
numa_node = 1
numa_node = 1
numa_node = 1
numa_node = 1
numa_node = 0
numa_node = 1
numa_node = 1
numa_node = 1
numa_node = 1
numa_node = 1
numa_node = 1
numa_node = 1
numa_node = 1
numa_node = 1
numa_node = 1
numa_node = 1
numa_node = 1
numa_node = 1
numa_node = 1
numa_node = 1
numa_node = 1
numa_node = 1
numa_node = 1
numa_node = 0
numa_node = 1
numa_node = 1
numa_node = 1
numa_node = 1
numa_node = 1
numa_node = 1
numa_node = 1
numa_node = 1
numa_node = 1
numa_node = 1
numa_node = 1
numa_node = 1
numa_node = 1
numa_node = 1
numa_node = 1
numa_node = 1
numa_node = 1
numa_node = 1
numa_node = 1
numa_node = 1
numa_node = 1
numa_node = 1
numa_node = 1
numa_node = 1
numa_node = 1
 sizeof(nbr)                  360
 sizeof(msg_type)                   36
 sizeof(msg_id)                   72
 sizeof(ir)                   40
 sizeof(m1)                   40
 sizeof(m2)                   40
 sizeof(m3)                   40
 sizeof(buff)              4260096
 sizeof(u)             79737088
 sizeof(v)             69226560
 sizeof(r)             79737088
numa_node = 1
numa_node = 1
numa_node = 1
numa_node = 1
numa_node = 1
numa_node = 1
numa_node = 1
numa_node = 1
numa_node = 1
numa_node = 1
numa_node = 1
numa_node = 1
numa_node = 1
numa_node = 1
numa_node = 1
numa_node = 1
numa_node = 1
numa_node = 1
numa_node = 1
numa_node = 1
numa_node = 1
numa_node = 1
numa_node = 1
 sizeof(nbr)                  360
 sizeof(msg_type)                   36
 sizeof(msg_id)                   72
 sizeof(ir)                   40
 sizeof(m1)                   40
 sizeof(m2)                   40
 sizeof(m3)                   40
 sizeof(buff)              4260096
 sizeof(u)             79737088
 sizeof(v)             69226560
 sizeof(r)             79737088
numa_node = 1
numa_node = 1
numa_node = 1
numa_node = 1
numa_node = 1
numa_node = 1
numa_node = 1
numa_node = 1
numa_node = 1
numa_node = 1
numa_node = 1
numa_node = 1
numa_node = 1
numa_node = 1
numa_node = 1
numa_node = 1
numa_node = 1
numa_node = 1
numa_node = 1
numa_node = 1
numa_node = 1
numa_node = 1
numa_node = 1
numa_node = 1
numa_node = 1
numa_node = 1
numa_node = 1
numa_node = 1
numa_node = 1
numa_node = 1
numa_node = 1
numa_node = 1
numa_node = 1
numa_node = 1
numa_node = 1
numa_node = 1
numa_node = 1
numa_node = 1
numa_node = 1
numa_node = 1
numa_node = 1
numa_node = 1
numa_node = 1
numa_node = 1
numa_node = 1
numa_node = 1
numa_node = 1
numa_node = 1
numa_node = 1
numa_node = 1
numa_node = 1
numa_node = 1
numa_node = 1
numa_node = 1
numa_node = 1
numa_node = 1
numa_node = 1
numa_node = 1
numa_node = 1
numa_node = 1
numa_node = 1
numa_node = 1
numa_node = 1
numa_node = 1
numa_node = 1
numa_node = 1
numa_node = 1
numa_node = 1
numa_node = 1
numa_node = 1
numa_node = 0
numa_node = 1
numa_node = 1
numa_node = 1
numa_node = 1
numa_node = 1
numa_node = 1
numa_node = 1
numa_node = 1
numa_node = 1
numa_node = 1
numa_node = 1
numa_node = 1
numa_node = 1
numa_node = 1
numa_node = 1
numa_node = 1
numa_node = 1
numa_node = 1
numa_node = 0
numa_node = 1
numa_node = 1
numa_node = 1
numa_node = 1
numa_node = 1
numa_node = 1
numa_node = 1
numa_node = 1
numa_node = 1
numa_node = 1
numa_node = 1
numa_node = 1
numa_node = 1
numa_node = 1
numa_node = 1
numa_node = 1
numa_node = 1
numa_node = 1
numa_node = 1
numa_node = 1
numa_node = 1
numa_node = 1
numa_node = 1
numa_node = 1
numa_node = 1
 sizeof(nbr)                  360
 sizeof(msg_type)                   36
 sizeof(msg_id)                   72
 sizeof(ir)                   40
 sizeof(m1)                   40
 sizeof(m2)                   40
 sizeof(m3)                   40
 sizeof(buff)              4260096
 sizeof(u)             79737088
 sizeof(v)             69226560
 sizeof(r)             79737088
numa_node = 1
numa_node = 1
numa_node = 1
numa_node = 1
numa_node = 1
numa_node = 1
numa_node = 1
numa_node = 1
numa_node = 1
numa_node = 1
numa_node = 1
numa_node = 1
numa_node = 1
numa_node = 1
numa_node = 1
numa_node = 1
numa_node = 1
numa_node = 1
numa_node = 1
numa_node = 1
numa_node = 1
numa_node = 1
numa_node = 1
 sizeof(nbr)                  360
 sizeof(msg_type)                   36
 sizeof(msg_id)                   72
 sizeof(ir)                   40
 sizeof(m1)                   40
 sizeof(m2)                   40
 sizeof(m3)                   40
 sizeof(buff)              4260096
 sizeof(u)             79737088
 sizeof(v)             69226560
 sizeof(r)             79737088


 NAS Parallel Benchmarks 3.3 -- MG Benchmark

 No input file. Using compiled defaults 
 Size:  512x 512x 512  (class C)
 Iterations:   20
 Number of processes:     16

 Initialization time:          14.164 seconds

  iter    1
  iter    5
  iter   10
  iter   15
  iter   20
memcpy: 6 9.189538
clflush: 6 1.260548
data_cache: 6 0.000000
memmove: 6 -1.260548


memcpy: 4 9.108482
clflush: 4 1.863442
data_cache: 4 0.000000
memmove: 4 -1.863442


memcpy: 5 9.120149
clflush: 5 2.110218
data_cache: 5 0.000000
memmove: 5 -2.110218


memcpy: 7 9.032479
clflush: 7 2.150862
data_cache: 7 0.000000
memmove: 7 -2.150862


memcpy: 9 8.835780
clflush: 9 1.054656
data_cache: 9 0.000000
memmove: 9 -1.054656


memcpy: 8 8.912583
clflush: 8 1.159181
data_cache: 8 0.000000
memmove: 8 -1.159181


memcpy: 10 8.981889
clflush: 10 1.098416
data_cache: 10 0.000000
memmove: 10 -1.098416


memcpy: 11 8.790411
clflush: 11 1.795360
data_cache: 11 0.000000
memmove: 11 -1.795360


memcpy: 2 8.978053
clflush: 2 0.990078
data_cache: 2 0.000000
memmove: 2 -0.990078


memcpy: 1 8.821301
clflush: 1 0.948880
data_cache: 1 0.000000
memmove: 1 -0.948880


memcpy: 3 8.809690
clflush: 3 1.294601
data_cache: 3 0.000000
memmove: 3 -1.294601


memcpy: 0 8.891077
clflush: 0 0.985615
data_cache: 0 0.000000
memmove: 0 -0.985615



 Benchmark completed 
 VERIFICATION SUCCESSFUL 
 L2 Norm is  0.5706732285740E-06
 Error is    0.7421348197557E-15


 MG Benchmark Completed.
 Class           =                        C
 Size            =            512x 512x 512
 Iterations      =                       20
 Time in seconds =                   121.17
 Total processes =                       16
 Compiled procs  =                       16
 Mop/s total     =                  1284.92
 Mop/s/process   =                    80.31
 Operation type  =           floating point
 Verification    =               SUCCESSFUL
 Version         =                    3.3.1
 Compile date    =              14 Mar 2017

 Compile options:
    MPIF77       = mpif77
    FLINK        = $(MPIF77)
    FMPI_LIB     = -L/opt/pasa_lib/openmpi-1.10.0/lib -lmpi
    FMPI_INC     = -I/opt/pasa_lib/openmpi-1.10.0/include   -m...
    FFLAGS       = -O  -fcray-pointer -mcmodel=large  -fno-ran...
    FLINKFLAGS   = -O 
    RAND         = randi8


 Please send feedbacks and/or the results of this run to:

 NPB Development Team 
 Internet: npb@nas.nasa.gov


memcpy: 13 18.964809
clflush: 13 1.770952
data_cache: 13 0.000000
memmove: 13 -1.770952


memcpy: 12 19.205997
clflush: 12 0.964351
data_cache: 12 0.000000
memmove: 12 -0.964351


memcpy: 15 18.842935
clflush: 15 2.112666
data_cache: 15 0.000000
memmove: 15 -2.112666


memcpy: 14 19.285030
clflush: 14 1.212088
data_cache: 14 0.000000
memmove: 14 -1.212088


