numa_node = 1
numa_node = 1
numa_node = 1
numa_node = 1
numa_node = 1
numa_node = 1
numa_node = 1
numa_node = 1
numa_node = 1
numa_node = 1
numa_node = 1
numa_node = 1
numa_node = 1
numa_node = 1
numa_node = 1
numa_node = 1
numa_node = 1
numa_node = 1
numa_node = 1
numa_node = 1
numa_node = 1
numa_node = 1
numa_node = 1
numa_node = 1
numa_node = 1
numa_node = 1
numa_node = 1
numa_node = 1
numa_node = 1
numa_node = 1
numa_node = 1
numa_node = 1
numa_node = 1
numa_node = 1
numa_node = 1
numa_node = 1
numa_node = 1
numa_node = 1
numa_node = 1
numa_node = 1
numa_node = 1
numa_node = 1
numa_node = 1
numa_node = 1
numa_node = 1
numa_node = 1
numa_node = 1
numa_node = 1
numa_node = 1
numa_node = 1
numa_node = 1
numa_node = 1
numa_node = 1
numa_node = 1
numa_node = 1
numa_node = 1
numa_node = 1
numa_node = 1
numa_node = 1
numa_node = 1
numa_node = 1
numa_node = 1
numa_node = 1
numa_node = 1
numa_node = 1
numa_node = 1
numa_node = 1
numa_node = 1
numa_node = 1
numa_node = 1
numa_node = 1
numa_node = 1
numa_node = 1
numa_node = 1
numa_node = 1
numa_node = 1
numa_node = 1
numa_node = 1
numa_node = 1
numa_node = 1
numa_node = 1
numa_node = 1
numa_node = 1
numa_node = 1
numa_node = 1
numa_node = 1
numa_node = 1
numa_node = 1
numa_node = 1
numa_node = 1
numa_node = 1
numa_node = 1
numa_node = 1
numa_node = 1
numa_node = 1
numa_node = 1
numa_node = 1
numa_node = 1
numa_node = 1
numa_node = 1
numa_node = 1
numa_node = 1
numa_node = 1
numa_node = 1
numa_node = 1
numa_node = 1
numa_node = 1
numa_node = 1
numa_node = 1
numa_node = 1
numa_node = 1
numa_node = 1
numa_node = 1
numa_node = 1
numa_node = 1
numa_node = 1
numa_node = 1
numa_node = 1
numa_node = 1
numa_node = 1
numa_node = 1
numa_node = 1
numa_node = 1
numa_node = 0
numa_node = 1
numa_node = 1
numa_node = 1
numa_node = 1
numa_node = 1
numa_node = 1
numa_node = 1
numa_node = 1
numa_node = 1
numa_node = 1
numa_node = 1
numa_node = 1
numa_node = 1
numa_node = 1
numa_node = 1
numa_node = 1
numa_node = 1
numa_node = 1
numa_node = 1
numa_node = 1
numa_node = 1
numa_node = 1
numa_node = 1
numa_node = 1
numa_node = 1
numa_node = 1
numa_node = 1
numa_node = 1
numa_node = 1
numa_node = 1
numa_node = 1
numa_node = 1
numa_node = 1
numa_node = 1
numa_node = 1
numa_node = 1
numa_node = 1
numa_node = 1
numa_node = 1
numa_node = 1
numa_node = 1
numa_node = 1
numa_node = 1
numa_node = 1
numa_node = 1
numa_node = 1
numa_node = 1
numa_node = 1
numa_node = 1
numa_node = 1
numa_node = 1
numa_node = 1
numa_node = 1
numa_node = 1
numa_node = 1
numa_node = 1
numa_node = 1
numa_node = 1
numa_node = 1
numa_node = 1
numa_node = 1
numa_node = 1
numa_node = 1
numa_node = 1
numa_node = 1
numa_node = 1
numa_node = 1
numa_node = 1
numa_node = 1
numa_node = 1
numa_node = 1
numa_node = 1
numa_node = 1
numa_node = 1
numa_node = 1
numa_node = 1
numa_node = 1
numa_node = 1
numa_node = 1
numa_node = 1
numa_node = 1
numa_node = 1
numa_node = 1
numa_node = 1
numa_node = 1
numa_node = 1
numa_node = 1
numa_node = 1
numa_node = 1
numa_node = 1
numa_node = 1
numa_node = 1
numa_node = 1
numa_node = 1
numa_node = 1
numa_node = 1
numa_node = 1
numa_node = 1
numa_node = 1
numa_node = 1
numa_node = 1
numa_node = 1
numa_node = 1
numa_node = 1
numa_node = 1
numa_node = 1
numa_node = 1
numa_node = 1
numa_node = 1
numa_node = 1
numa_node = 1
numa_node = 1
numa_node = 1
numa_node = 1
numa_node = 1
numa_node = 1
numa_node = 1
numa_node = 1
numa_node = 1
numa_node = 1
numa_node = 1
numa_node = 1
numa_node = 1
numa_node = 1
numa_node = 1
numa_node = 1
numa_node = 0
numa_node = 1
numa_node = 1
numa_node = 1
numa_node = 1
numa_node = 1
numa_node = 1
numa_node = 0
numa_node = 1
numa_node = 1
numa_node = 0
numa_node = 1
numa_node = 1
numa_node = 1
numa_node = 1
numa_node = 1
numa_node = 0
numa_node = 1
numa_node = 1
numa_node = 1
numa_node = 1
numa_node = 1
numa_node = 0
numa_node = 1
numa_node = 1
numa_node = 1
numa_node = 1
numa_node = 1
numa_node = 1
numa_node = 1
numa_node = 1
numa_node = 1
numa_node = 1
numa_node = 1
numa_node = 1
numa_node = 1
numa_node = 1
numa_node = 1
numa_node = 1
numa_node = 1
numa_node = 1
numa_node = 1
numa_node = 1
numa_node = 1
numa_node = 1
numa_node = 1
numa_node = 1
numa_node = 1
numa_node = 1
numa_node = 1
numa_node = 1
numa_node = 1
numa_node = 1
numa_node = 1
numa_node = 1
numa_node = 1
numa_node = 1
numa_node = 1
numa_node = 1
numa_node = 1
numa_node = 1
numa_node = 1
numa_node = 1
numa_node = 1
numa_node = 1
numa_node = 1
numa_node = 1
numa_node = 1
numa_node = 1
numa_node = 1
numa_node = 1
numa_node = 1
numa_node = 1
numa_node = 1
numa_node = 1
numa_node = 1
numa_node = 1
numa_node = 1
numa_node = 1
numa_node = 1
numa_node = 1
numa_node = 1
numa_node = 1
numa_node = 1
numa_node = 1
numa_node = 1
numa_node = 1
numa_node = 1
numa_node = 1
numa_node = 1
numa_node = 1
numa_node = 1
numa_node = 1
numa_node = 1
numa_node = 1
numa_node = 1
numa_node = 1
numa_node = 1
numa_node = 1
numa_node = 1
numa_node = 1
numa_node = 1
numa_node = 1
numa_node = 1
numa_node = 1
numa_node = 1
numa_node = 1
numa_node = 1
numa_node = 1
numa_node = 1
numa_node = 1
numa_node = 1
numa_node = 1
numa_node = 1
numa_node = 1
numa_node = 1
numa_node = 1
numa_node = 1
numa_node = 1
numa_node = 1
numa_node = 1
numa_node = 1
numa_node = 1
numa_node = 1
numa_node = 1
numa_node = 1
numa_node = 1
numa_node = 1
numa_node = 1
numa_node = 1
numa_node = 1
numa_node = 1
numa_node = 1
numa_node = 1
numa_node = 1
numa_node = 1
numa_node = 1
numa_node = 1
numa_node = 1
numa_node = 0
numa_node = 1
numa_node = 1
numa_node = 1
numa_node = 1
numa_node = 1
numa_node = 1
numa_node = 1
numa_node = 1
numa_node = 1
numa_node = 1
numa_node = 1
numa_node = 1
numa_node = 1
numa_node = 1
numa_node = 1
numa_node = 1
numa_node = 1
numa_node = 1
numa_node = 1
numa_node = 1
numa_node = 1
numa_node = 1
numa_node = 1
numa_node = 1
numa_node = 1
numa_node = 1
numa_node = 1
numa_node = 1
numa_node = 1
numa_node = 1
numa_node = 1
numa_node = 1
numa_node = 1
numa_node = 1
numa_node = 1
numa_node = 1
numa_node = 1
numa_node = 1
numa_node = 1
numa_node = 1
numa_node = 1
numa_node = 1
numa_node = 1
numa_node = 1
numa_node = 1
numa_node = 1
numa_node = 1
numa_node = 1
numa_node = 1
numa_node = 1
numa_node = 1
numa_node = 1
numa_node = 1
numa_node = 1
numa_node = 1
numa_node = 1
numa_node = 1
numa_node = 1
numa_node = 1
numa_node = 1
numa_node = 1
numa_node = 1
numa_node = 1
numa_node = 1
numa_node = 1
numa_node = 1
numa_node = 1
numa_node = 1
numa_node = 1
numa_node = 1
numa_node = 1
numa_node = 1
numa_node = 1
numa_node = 1
numa_node = 1
numa_node = 1
numa_node = 1
numa_node = 1
numa_node = 1
numa_node = 1
numa_node = 1
numa_node = 1
numa_node = 1
numa_node = 1
numa_node = 1
numa_node = 1
numa_node = 1
numa_node = 1
numa_node = 1
numa_node = 1
numa_node = 1
numa_node = 1
numa_node = 1
numa_node = 1
numa_node = 1
numa_node = 1
numa_node = 1
numa_node = 1
numa_node = 1
numa_node = 1
numa_node = 1
numa_node = 1
numa_node = 1
numa_node = 1
numa_node = 1
numa_node = 1
numa_node = 1
numa_node = 1
numa_node = 1
numa_node = 1
numa_node = 1
numa_node = 1
numa_node = 1
numa_node = 1
numa_node = 1
numa_node = 1
numa_node = 1
numa_node = 1
numa_node = 1
numa_node = 1
numa_node = 1
numa_node = 1
numa_node = 1
numa_node = 1
numa_node = 1
numa_node = 1
numa_node = 1
numa_node = 1
numa_node = 1
numa_node = 1
numa_node = 1
numa_node = 1
numa_node = 1
numa_node = 1
numa_node = 1
numa_node = 1
numa_node = 1
numa_node = 1
numa_node = 1
numa_node = 1
numa_node = 1
numa_node = 1
numa_node = 1
numa_node = 1
numa_node = 1
numa_node = 1
numa_node = 1
numa_node = 1
numa_node = 1
numa_node = 1
numa_node = 1
numa_node = 1
numa_node = 1
numa_node = 1
numa_node = 1
numa_node = 1
numa_node = 1
numa_node = 1
numa_node = 1
numa_node = 1
numa_node = 1
numa_node = 1
numa_node = 1
numa_node = 1
numa_node = 1
numa_node = 1
numa_node = 1
numa_node = 1
numa_node = 1
numa_node = 1
numa_node = 1
numa_node = 1
numa_node = 1
numa_node = 1
numa_node = 1
numa_node = 1
numa_node = 1
 sizeof(u)             14580000
 sizeof(us)              2544224
 sizeof(vs)              2544224
 sizeof(ws)              2544224
 sizeof(qs)              2544224
 sizeof(rho_i)              2544224
 sizeof(square)              2544224
 sizeof(rhs)             11027360
 sizeof(forcing)             11027360
 sizeof(out_buffer)              4841288
 sizeof(in_buffer)              4841288
 sizeof(lhs)             33082080
numa_node = 0
numa_node = 1
numa_node = 0
numa_node = 1
numa_node = 0
numa_node = 1
numa_node = 1
numa_node = 1
numa_node = 1
numa_node = 1
numa_node = 1
numa_node = 1
numa_node = 1
numa_node = 1
numa_node = 1
numa_node = 1
numa_node = 1
numa_node = 1
numa_node = 1
numa_node = 1
numa_node = 1
numa_node = 1
numa_node = 1
numa_node = 1
numa_node = 1
numa_node = 1
numa_node = 1
numa_node = 1
numa_node = 1
numa_node = 1
numa_node = 1
numa_node = 1
numa_node = 1
numa_node = 1
numa_node = 1
numa_node = 1
numa_node = 1
numa_node = 1
numa_node = 1
numa_node = 1
numa_node = 1
numa_node = 1
numa_node = 1
numa_node = 1
numa_node = 1
numa_node = 1
numa_node = 1
numa_node = 1
numa_node = 1
numa_node = 1
numa_node = 1
numa_node = 1
numa_node = 1
numa_node = 1
numa_node = 1
numa_node = 1
numa_node = 1
numa_node = 1
numa_node = 1
numa_node = 1
numa_node = 1
numa_node = 1
numa_node = 1
numa_node = 1
numa_node = 1
numa_node = 1
numa_node = 1
 sizeof(u)             14580000
 sizeof(us)              2544224
 sizeof(vs)              2544224
 sizeof(ws)              2544224
 sizeof(qs)              2544224
 sizeof(rho_i)              2544224
 sizeof(square)              2544224
 sizeof(rhs)             11027360
 sizeof(forcing)             11027360
 sizeof(out_buffer)              4841288
 sizeof(in_buffer)              4841288
 sizeof(lhs)             33082080
numa_node = 1
numa_node = 1
numa_node = 1
numa_node = 1
numa_node = 1
numa_node = 1
numa_node = 1
numa_node = 0
numa_node = 1
numa_node = 0
numa_node = 0
numa_node = 0
numa_node = 0
numa_node = 1
numa_node = 0
numa_node = 1
numa_node = 1
numa_node = 1
numa_node = 1
numa_node = 1
numa_node = 1
numa_node = 1
numa_node = 1
numa_node = 1
numa_node = 1
numa_node = 1
numa_node = 1
numa_node = 1
numa_node = 1
numa_node = 1
numa_node = 1
numa_node = 1
numa_node = 1
numa_node = 1
numa_node = 1
numa_node = 1
numa_node = 1
numa_node = 1
numa_node = 1
numa_node = 1
numa_node = 1
numa_node = 1
numa_node = 1
numa_node = 1
numa_node = 1
numa_node = 1
numa_node = 1
numa_node = 1
numa_node = 1
numa_node = 1
numa_node = 1
numa_node = 1
numa_node = 1
numa_node = 1
numa_node = 1
numa_node = 1
numa_node = 1
numa_node = 1
numa_node = 1
numa_node = 1
numa_node = 1
numa_node = 1
numa_node = 1
numa_node = 1
numa_node = 1
numa_node = 1
numa_node = 1
numa_node = 1
numa_node = 1
numa_node = 1
numa_node = 1
numa_node = 1
numa_node = 1
 sizeof(u)             14580000
 sizeof(us)              2544224
 sizeof(vs)              2544224
 sizeof(ws)              2544224
 sizeof(qs)              2544224
 sizeof(rho_i)              2544224
 sizeof(square)              2544224
 sizeof(rhs)             11027360
 sizeof(forcing)             11027360
 sizeof(out_buffer)              4841288
 sizeof(in_buffer)              4841288
 sizeof(lhs)             33082080
numa_node = 1
numa_node = 1
numa_node = 1
numa_node = 1
numa_node = 1
numa_node = 1
numa_node = 1
numa_node = 1
numa_node = 1
numa_node = 1
numa_node = 1
numa_node = 1
numa_node = 1
numa_node = 1
numa_node = 1
numa_node = 1
numa_node = 1
numa_node = 1
numa_node = 1
numa_node = 1
numa_node = 1
numa_node = 1
numa_node = 1
numa_node = 1
numa_node = 1
numa_node = 1
numa_node = 1
numa_node = 1
numa_node = 1
numa_node = 1
numa_node = 1
numa_node = 1
numa_node = 1
numa_node = 1
numa_node = 1
numa_node = 1
numa_node = 1
numa_node = 1
numa_node = 1
numa_node = 1
numa_node = 1
numa_node = 1
numa_node = 1
numa_node = 1
numa_node = 1
numa_node = 1
numa_node = 1
numa_node = 1
numa_node = 1
numa_node = 1
numa_node = 1
numa_node = 1
numa_node = 1
numa_node = 1
numa_node = 1
numa_node = 1
 sizeof(u)             14580000
 sizeof(us)              2544224
 sizeof(vs)              2544224
 sizeof(ws)              2544224
 sizeof(qs)              2544224
 sizeof(rho_i)              2544224
 sizeof(square)              2544224
 sizeof(rhs)             11027360
 sizeof(forcing)             11027360
 sizeof(out_buffer)              4841288
 sizeof(in_buffer)              4841288
 sizeof(lhs)             33082080
numa_node = 1
numa_node = 1
numa_node = 1
numa_node = 1
numa_node = 1
numa_node = 1
numa_node = 1
numa_node = 1
numa_node = 1
numa_node = 1
numa_node = 1
numa_node = 1
numa_node = 1
numa_node = 1
numa_node = 1
numa_node = 1
numa_node = 1
numa_node = 1
numa_node = 1
numa_node = 1
numa_node = 1
numa_node = 1
numa_node = 1
numa_node = 1
numa_node = 1
numa_node = 1
numa_node = 1
numa_node = 1
numa_node = 1
numa_node = 1
numa_node = 1
numa_node = 1
numa_node = 1
numa_node = 1
numa_node = 1
numa_node = 1
numa_node = 1
numa_node = 1
numa_node = 1
numa_node = 1
numa_node = 1
numa_node = 1
numa_node = 1
numa_node = 1
numa_node = 1
numa_node = 1
numa_node = 1
numa_node = 1
numa_node = 1
numa_node = 1
numa_node = 1
numa_node = 1
numa_node = 1
numa_node = 1
numa_node = 1
numa_node = 1
numa_node = 1
numa_node = 1
numa_node = 1
numa_node = 1
numa_node = 1
numa_node = 1
numa_node = 1
numa_node = 1
numa_node = 1
numa_node = 1
numa_node = 1
numa_node = 1
numa_node = 1
numa_node = 1
numa_node = 1
numa_node = 1
numa_node = 1
numa_node = 1
numa_node = 1
numa_node = 1
numa_node = 1
numa_node = 1
numa_node = 1
numa_node = 1
numa_node = 1
numa_node = 1
numa_node = 1
numa_node = 1
numa_node = 1
numa_node = 1
numa_node = 1
numa_node = 1
numa_node = 1
numa_node = 1
numa_node = 1
numa_node = 1
numa_node = 1
numa_node = 1
numa_node = 1
numa_node = 1
numa_node = 1
numa_node = 1
numa_node = 1
numa_node = 1
numa_node = 1
numa_node = 1
numa_node = 1
numa_node = 1
numa_node = 1
numa_node = 1
numa_node = 1
numa_node = 1
numa_node = 1
numa_node = 1
numa_node = 1
numa_node = 1
numa_node = 1
numa_node = 1
numa_node = 1
numa_node = 1
numa_node = 1
numa_node = 1
numa_node = 1
numa_node = 1
numa_node = 1
numa_node = 1
numa_node = 1
numa_node = 1
numa_node = 1
numa_node = 1
numa_node = 1
numa_node = 1
numa_node = 1
numa_node = 1
numa_node = 1
numa_node = 1
numa_node = 1
numa_node = 1
numa_node = 1
numa_node = 1
numa_node = 1
numa_node = 1
numa_node = 1
numa_node = 1
numa_node = 1
numa_node = 1
numa_node = 1
numa_node = 1
numa_node = 1
numa_node = 1
numa_node = 1
numa_node = 1
numa_node = 1
numa_node = 1
numa_node = 1
numa_node = 1
numa_node = 1
numa_node = 1
numa_node = 1
numa_node = 1
numa_node = 1
numa_node = 1
numa_node = 1
numa_node = 1
numa_node = 1
numa_node = 1
numa_node = 1
numa_node = 1
numa_node = 1
numa_node = 1
numa_node = 1
numa_node = 1
numa_node = 1
numa_node = 1
numa_node = 1
numa_node = 1
numa_node = 1
numa_node = 1
numa_node = 1
numa_node = 1
numa_node = 1
numa_node = 1
numa_node = 1
numa_node = 1
numa_node = 1
numa_node = 1
numa_node = 1
numa_node = 1
numa_node = 1
numa_node = 1
numa_node = 1
numa_node = 1
numa_node = 1
numa_node = 1
numa_node = 1
numa_node = 1
numa_node = 1
numa_node = 1
numa_node = 1
numa_node = 1
numa_node = 1
numa_node = 1
numa_node = 1
numa_node = 1
numa_node = 1
numa_node = 1
numa_node = 1
numa_node = 1
numa_node = 1
numa_node = 1
numa_node = 1
numa_node = 1
numa_node = 1
numa_node = 1
numa_node = 1
numa_node = 1
numa_node = 1
numa_node = 1
numa_node = 1
numa_node = 1
numa_node = 1
numa_node = 1
numa_node = 1
numa_node = 1
numa_node = 1
numa_node = 1
numa_node = 1
numa_node = 1
numa_node = 1
numa_node = 1
numa_node = 1
numa_node = 1
numa_node = 1
numa_node = 1
numa_node = 1
numa_node = 1
numa_node = 1
numa_node = 1
numa_node = 1
numa_node = 1
numa_node = 1
numa_node = 1
numa_node = 1
numa_node = 1
numa_node = 1
numa_node = 1
numa_node = 1
numa_node = 1
numa_node = 1
numa_node = 1
numa_node = 1
numa_node = 1
numa_node = 1
numa_node = 1
numa_node = 1
numa_node = 1
numa_node = 1
numa_node = 1
numa_node = 1
numa_node = 1
numa_node = 1
numa_node = 1
numa_node = 1
numa_node = 1
numa_node = 1
numa_node = 1
numa_node = 1
numa_node = 1
numa_node = 1
numa_node = 1
numa_node = 1
numa_node = 1
numa_node = 1
numa_node = 1
numa_node = 1
numa_node = 1
numa_node = 1
numa_node = 1
numa_node = 1
numa_node = 1
numa_node = 1
numa_node = 1
numa_node = 1
numa_node = 1
numa_node = 1
numa_node = 1
numa_node = 1
numa_node = 1
numa_node = 1
numa_node = 1
numa_node = 1
numa_node = 1
numa_node = 1
numa_node = 1
numa_node = 1
numa_node = 1
numa_node = 1
numa_node = 1
numa_node = 1
numa_node = 1
numa_node = 1
numa_node = 1
numa_node = 1
numa_node = 1
numa_node = 1
numa_node = 1
numa_node = 1
numa_node = 1
numa_node = 1
numa_node = 1
numa_node = 1
numa_node = 1
numa_node = 1
numa_node = 1
numa_node = 1
numa_node = 1
numa_node = 1
numa_node = 1
numa_node = 1
numa_node = 1
numa_node = 1
numa_node = 1
numa_node = 1
numa_node = 1
numa_node = 1
numa_node = 1
numa_node = 1
numa_node = 1
numa_node = 1
numa_node = 1
numa_node = 1
numa_node = 1
numa_node = 1
numa_node = 1
numa_node = 1
numa_node = 1
numa_node = 1
numa_node = 1
numa_node = 1
numa_node = 1
numa_node = 1
numa_node = 1
numa_node = 1
numa_node = 1
numa_node = 1
numa_node = 1
numa_node = 1
numa_node = 1
numa_node = 1
numa_node = 1
numa_node = 1
numa_node = 1
numa_node = 1
numa_node = 1
numa_node = 1
numa_node = 1
numa_node = 1
numa_node = 1
numa_node = 1
numa_node = 1
numa_node = 1
numa_node = 1
numa_node = 1
numa_node = 1
numa_node = 1
numa_node = 1
numa_node = 1
numa_node = 1
numa_node = 0
numa_node = 1
numa_node = 0
numa_node = 0
numa_node = 1
numa_node = 1
numa_node = 1
numa_node = 1
numa_node = 1
numa_node = 1
numa_node = 1
numa_node = 1
numa_node = 1
numa_node = 1
numa_node = 1
numa_node = 1
numa_node = 1
numa_node = 1
numa_node = 1
numa_node = 1
numa_node = 1
numa_node = 1
numa_node = 1
numa_node = 1
numa_node = 1
numa_node = 1
numa_node = 1
numa_node = 1
numa_node = 1
numa_node = 1
numa_node = 1
numa_node = 1
numa_node = 1
numa_node = 1
numa_node = 1
numa_node = 1
numa_node = 1
numa_node = 1
numa_node = 1
numa_node = 1
numa_node = 1
numa_node = 1
numa_node = 1
numa_node = 1
numa_node = 1
numa_node = 1
numa_node = 1
numa_node = 1
numa_node = 1
numa_node = 1
numa_node = 1
numa_node = 1
numa_node = 1
numa_node = 1
numa_node = 1
numa_node = 1
numa_node = 1
numa_node = 1
numa_node = 1
numa_node = 1
numa_node = 1
numa_node = 1
numa_node = 1
numa_node = 1
numa_node = 1
numa_node = 1
numa_node = 1
numa_node = 1
numa_node = 1
numa_node = 1
numa_node = 1
numa_node = 1
numa_node = 1
numa_node = 1
numa_node = 1
numa_node = 1
numa_node = 1
numa_node = 1
numa_node = 1
numa_node = 1
numa_node = 1
numa_node = 1
numa_node = 1
numa_node = 1
numa_node = 1
numa_node = 1
numa_node = 1
numa_node = 1
numa_node = 1
numa_node = 1
numa_node = 1
numa_node = 1
numa_node = 1
numa_node = 1
numa_node = 1
numa_node = 1
numa_node = 1
numa_node = 1
numa_node = 1
numa_node = 1
numa_node = 1
numa_node = 1
numa_node = 1
numa_node = 1
numa_node = 1
numa_node = 1
numa_node = 1
numa_node = 1
numa_node = 1
numa_node = 1
numa_node = 1
numa_node = 1
numa_node = 1
numa_node = 1
numa_node = 1
numa_node = 1
numa_node = 1
numa_node = 1
numa_node = 1
numa_node = 1
numa_node = 1
numa_node = 1
numa_node = 1
numa_node = 1
numa_node = 1
numa_node = 1
numa_node = 1
numa_node = 1
numa_node = 1
numa_node = 1
numa_node = 1
numa_node = 1
numa_node = 1
numa_node = 1
numa_node = 1
numa_node = 1
numa_node = 1
numa_node = 0
numa_node = 1
numa_node = 1
numa_node = 1
numa_node = 1
numa_node = 1
numa_node = 1
numa_node = 1
numa_node = 1
numa_node = 0
numa_node = 1
numa_node = 1
numa_node = 1
numa_node = 1
numa_node = 0
numa_node = 1
numa_node = 1
numa_node = 1
numa_node = 1
numa_node = 1
numa_node = 1
numa_node = 1
numa_node = 1
numa_node = 1
numa_node = 0
numa_node = 1
numa_node = 1
numa_node = 1
numa_node = 1
numa_node = 1
numa_node = 1
numa_node = 1
numa_node = 1
numa_node = 1
numa_node = 1
numa_node = 1
numa_node = 1
numa_node = 1
numa_node = 1
numa_node = 1
numa_node = 1
numa_node = 1
numa_node = 1
numa_node = 1
numa_node = 1
numa_node = 1
numa_node = 1
numa_node = 1
numa_node = 1
numa_node = 1
numa_node = 1
numa_node = 1
numa_node = 1
numa_node = 1
numa_node = 1
numa_node = 1
numa_node = 1
numa_node = 1
numa_node = 1
numa_node = 1
numa_node = 1
numa_node = 1
numa_node = 1
numa_node = 1
numa_node = 1
numa_node = 1
numa_node = 1
numa_node = 1
numa_node = 1
numa_node = 1
numa_node = 1
numa_node = 1
numa_node = 1
numa_node = 1
numa_node = 1
numa_node = 1
numa_node = 1
numa_node = 1
numa_node = 1
numa_node = 1
numa_node = 1
numa_node = 1
numa_node = 1
numa_node = 1
numa_node = 1
numa_node = 1
numa_node = 1
numa_node = 1
numa_node = 1
numa_node = 1
numa_node = 1
numa_node = 1
numa_node = 1
numa_node = 1
numa_node = 1
numa_node = 1
numa_node = 0
numa_node = 1
numa_node = 1
numa_node = 1
numa_node = 1
numa_node = 1
numa_node = 1
numa_node = 1
numa_node = 1
numa_node = 1
numa_node = 1
numa_node = 1
numa_node = 1
numa_node = 1
numa_node = 1
numa_node = 1
numa_node = 1
numa_node = 1
numa_node = 1
numa_node = 1
numa_node = 1
numa_node = 1
numa_node = 1
numa_node = 1
numa_node = 1
numa_node = 1
numa_node = 1
numa_node = 1
numa_node = 1
numa_node = 1
numa_node = 1
numa_node = 0
numa_node = 1
numa_node = 1
numa_node = 1
numa_node = 1
numa_node = 1
numa_node = 1
numa_node = 1
numa_node = 1
numa_node = 1
numa_node = 1
numa_node = 1
numa_node = 1
numa_node = 1
numa_node = 1
numa_node = 1
numa_node = 1
numa_node = 1
numa_node = 1
numa_node = 1
numa_node = 1
numa_node = 0
numa_node = 0
numa_node = 0
numa_node = 0
numa_node = 1
numa_node = 1
numa_node = 1
numa_node = 1
numa_node = 1
numa_node = 1
numa_node = 1
numa_node = 1
numa_node = 1
numa_node = 1
numa_node = 1
numa_node = 1
numa_node = 1
numa_node = 1
numa_node = 1
numa_node = 1
numa_node = 1
numa_node = 1
numa_node = 1
numa_node = 1
numa_node = 1
numa_node = 1
numa_node = 1
numa_node = 1
numa_node = 1
numa_node = 1
numa_node = 1
numa_node = 1
numa_node = 1
numa_node = 1
numa_node = 1
numa_node = 1
numa_node = 1
numa_node = 1
numa_node = 1
numa_node = 1
numa_node = 1
numa_node = 1
numa_node = 1
numa_node = 1
numa_node = 1
numa_node = 1
numa_node = 1
numa_node = 1
numa_node = 1
numa_node = 1
numa_node = 1
numa_node = 1
numa_node = 1
numa_node = 1
numa_node = 1
numa_node = 1
numa_node = 1
numa_node = 1
numa_node = 1
numa_node = 1
numa_node = 1
numa_node = 1
numa_node = 1
numa_node = 1
numa_node = 1
numa_node = 1
numa_node = 1
numa_node = 1
numa_node = 1
numa_node = 1
numa_node = 1
numa_node = 1
numa_node = 1
numa_node = 1
numa_node = 1
numa_node = 1
numa_node = 1
numa_node = 1
numa_node = 1
numa_node = 1
numa_node = 1
numa_node = 1
numa_node = 1
numa_node = 1
numa_node = 1
numa_node = 1
numa_node = 1
numa_node = 1
numa_node = 1
numa_node = 1
numa_node = 1
numa_node = 1
numa_node = 1
numa_node = 1
numa_node = 1
numa_node = 1
numa_node = 1
numa_node = 1
numa_node = 1
numa_node = 1
numa_node = 1
numa_node = 1
numa_node = 1
numa_node = 1
numa_node = 1
numa_node = 1
numa_node = 1
numa_node = 1
numa_node = 1
numa_node = 1
numa_node = 1
numa_node = 1
numa_node = 1
numa_node = 1
numa_node = 0
numa_node = 1
numa_node = 1
numa_node = 1
numa_node = 1
numa_node = 1
numa_node = 1
numa_node = 1
numa_node = 1
numa_node = 1
numa_node = 1
numa_node = 1
numa_node = 1
numa_node = 1
numa_node = 1
numa_node = 1
numa_node = 1
numa_node = 1
numa_node = 1
numa_node = 1
numa_node = 1
numa_node = 1
numa_node = 1
numa_node = 1
numa_node = 1
numa_node = 1
numa_node = 1
numa_node = 1
numa_node = 1
numa_node = 1
numa_node = 1
numa_node = 1
numa_node = 1
numa_node = 1
numa_node = 1
numa_node = 1
numa_node = 1
numa_node = 1
numa_node = 1
numa_node = 1
numa_node = 1
numa_node = 1
numa_node = 1
numa_node = 1
numa_node = 1
numa_node = 1
numa_node = 1
numa_node = 1
numa_node = 1
numa_node = 1
numa_node = 1
numa_node = 1
numa_node = 1
numa_node = 1
numa_node = 1
numa_node = 1
numa_node = 1
numa_node = 1
numa_node = 1
numa_node = 1
numa_node = 1
numa_node = 1
numa_node = 1
numa_node = 1
numa_node = 1
numa_node = 1
numa_node = 1
numa_node = 1
numa_node = 1
 sizeof(u)             14580000
 sizeof(us)              2544224
 sizeof(vs)              2544224
 sizeof(ws)              2544224
 sizeof(qs)              2544224
 sizeof(rho_i)              2544224
 sizeof(square)              2544224
 sizeof(rhs)             11027360
 sizeof(forcing)             11027360
 sizeof(out_buffer)              4841288
 sizeof(in_buffer)              4841288
 sizeof(lhs)             33082080
numa_node = 1
numa_node = 0
numa_node = 1
numa_node = 1
numa_node = 1
numa_node = 0
numa_node = 0
numa_node = 0
numa_node = 1
numa_node = 1
numa_node = 1
numa_node = 1
numa_node = 1
numa_node = 1
numa_node = 1
numa_node = 1
numa_node = 1
numa_node = 1
numa_node = 1
numa_node = 1
numa_node = 1
numa_node = 1
numa_node = 1
numa_node = 1
numa_node = 1
numa_node = 1
numa_node = 1
numa_node = 1
numa_node = 1
numa_node = 1
numa_node = 1
numa_node = 1
numa_node = 1
numa_node = 1
numa_node = 1
numa_node = 1
numa_node = 1
numa_node = 1
numa_node = 1
numa_node = 1
numa_node = 1
numa_node = 1
numa_node = 1
numa_node = 1
numa_node = 1
numa_node = 1
numa_node = 1
numa_node = 1
numa_node = 1
numa_node = 1
numa_node = 1
numa_node = 1
numa_node = 1
numa_node = 1
numa_node = 1
numa_node = 1
numa_node = 1
numa_node = 1
numa_node = 1
numa_node = 1
numa_node = 1
numa_node = 1
numa_node = 1
numa_node = 1
numa_node = 1
numa_node = 1
numa_node = 1
numa_node = 1
numa_node = 1
numa_node = 1
numa_node = 1
numa_node = 1
numa_node = 1
numa_node = 1
 sizeof(u)             14580000
 sizeof(us)              2544224
 sizeof(vs)              2544224
 sizeof(ws)              2544224
 sizeof(qs)              2544224
 sizeof(rho_i)              2544224
 sizeof(square)              2544224
 sizeof(rhs)             11027360
 sizeof(forcing)             11027360
 sizeof(out_buffer)              4841288
 sizeof(in_buffer)              4841288
 sizeof(lhs)             33082080
numa_node = 1
numa_node = 1
numa_node = 1
numa_node = 1
numa_node = 1
numa_node = 1
numa_node = 1
numa_node = 1
numa_node = 1
numa_node = 1
numa_node = 1
numa_node = 1
numa_node = 1
numa_node = 1
numa_node = 1
numa_node = 1
numa_node = 1
numa_node = 1
numa_node = 1
numa_node = 1
numa_node = 1
numa_node = 1
numa_node = 1
numa_node = 1
numa_node = 1
numa_node = 1
numa_node = 1
numa_node = 1
numa_node = 1
numa_node = 1
numa_node = 1
numa_node = 1
numa_node = 1
numa_node = 1
numa_node = 1
numa_node = 1
numa_node = 1
numa_node = 1
numa_node = 1
numa_node = 1
numa_node = 1
numa_node = 1
numa_node = 1
numa_node = 1
numa_node = 1
numa_node = 1
numa_node = 1
numa_node = 1
numa_node = 1
numa_node = 1
numa_node = 1
numa_node = 1
numa_node = 1
numa_node = 1
numa_node = 1
numa_node = 1
 sizeof(u)             14580000
 sizeof(us)              2544224
 sizeof(vs)              2544224
 sizeof(ws)              2544224
 sizeof(qs)              2544224
 sizeof(rho_i)              2544224
 sizeof(square)              2544224
 sizeof(rhs)             11027360
 sizeof(forcing)             11027360
 sizeof(out_buffer)              4841288
 sizeof(in_buffer)              4841288
 sizeof(lhs)             33082080
numa_node = 1
numa_node = 1
numa_node = 1
numa_node = 1
numa_node = 1
numa_node = 1
numa_node = 1
numa_node = 1
numa_node = 1
numa_node = 1
numa_node = 1
numa_node = 1
numa_node = 1
numa_node = 1
numa_node = 1
numa_node = 1
numa_node = 1
numa_node = 1
numa_node = 1
numa_node = 1
numa_node = 1
numa_node = 1
numa_node = 1
numa_node = 1
numa_node = 1
numa_node = 1
numa_node = 1
numa_node = 1
numa_node = 1
numa_node = 1
numa_node = 1
numa_node = 1
numa_node = 1
numa_node = 1
numa_node = 1
numa_node = 1
numa_node = 1
numa_node = 1
numa_node = 1
numa_node = 1
numa_node = 1
numa_node = 1
numa_node = 1
numa_node = 1
numa_node = 1
numa_node = 1
numa_node = 1
numa_node = 1
numa_node = 1
numa_node = 1
numa_node = 1
numa_node = 1
numa_node = 1
numa_node = 1
numa_node = 1
numa_node = 1
 sizeof(u)             14580000
 sizeof(us)              2544224
 sizeof(vs)              2544224
 sizeof(ws)              2544224
 sizeof(qs)              2544224
 sizeof(rho_i)              2544224
 sizeof(square)              2544224
 sizeof(rhs)             11027360
 sizeof(forcing)             11027360
 sizeof(out_buffer)              4841288
 sizeof(in_buffer)              4841288
 sizeof(lhs)             33082080
numa_node = 0
numa_node = 1
numa_node = 0
numa_node = 0
numa_node = 0
numa_node = 0
numa_node = 1
numa_node = 0
numa_node = 1
numa_node = 1
numa_node = 1
numa_node = 1
numa_node = 1
numa_node = 1
numa_node = 1
numa_node = 1
numa_node = 1
numa_node = 1
numa_node = 1
numa_node = 1
numa_node = 1
numa_node = 1
numa_node = 1
numa_node = 1
numa_node = 1
numa_node = 1
numa_node = 1
numa_node = 1
numa_node = 1
numa_node = 1
numa_node = 1
numa_node = 1
numa_node = 1
numa_node = 1
numa_node = 1
numa_node = 1
numa_node = 1
numa_node = 1
numa_node = 1
numa_node = 1
numa_node = 1
numa_node = 1
numa_node = 1
numa_node = 1
numa_node = 1
numa_node = 1
numa_node = 1
numa_node = 1
numa_node = 1
numa_node = 1
numa_node = 1
numa_node = 1
numa_node = 1
numa_node = 1
numa_node = 1
numa_node = 1
numa_node = 1
numa_node = 1
numa_node = 1
numa_node = 1
numa_node = 1
numa_node = 1
numa_node = 1
 sizeof(u)             14580000
 sizeof(us)              2544224
 sizeof(vs)              2544224
 sizeof(ws)              2544224
 sizeof(qs)              2544224
 sizeof(rho_i)              2544224
 sizeof(square)              2544224
 sizeof(rhs)             11027360
 sizeof(forcing)             11027360
 sizeof(out_buffer)              4841288
 sizeof(in_buffer)              4841288
 sizeof(lhs)             33082080
numa_node = 1
numa_node = 1
numa_node = 1
numa_node = 1
numa_node = 1
numa_node = 1
numa_node = 1
numa_node = 1
numa_node = 1
numa_node = 1
numa_node = 1
numa_node = 1
numa_node = 1
numa_node = 1
numa_node = 1
numa_node = 1
numa_node = 1
numa_node = 1
numa_node = 1
numa_node = 1
numa_node = 1
numa_node = 1
numa_node = 1
numa_node = 1
numa_node = 1
numa_node = 1
numa_node = 1
numa_node = 1
numa_node = 1
numa_node = 1
numa_node = 1
numa_node = 1
numa_node = 1
numa_node = 1
numa_node = 1
numa_node = 1
numa_node = 1
numa_node = 1
numa_node = 1
numa_node = 1
numa_node = 1
numa_node = 1
numa_node = 1
numa_node = 1
numa_node = 1
numa_node = 1
numa_node = 1
numa_node = 1
numa_node = 1
numa_node = 1
numa_node = 1
numa_node = 1
numa_node = 1
numa_node = 1
numa_node = 1
numa_node = 1
 sizeof(u)             14580000
 sizeof(us)              2544224
 sizeof(vs)              2544224
 sizeof(ws)              2544224
 sizeof(qs)              2544224
 sizeof(rho_i)              2544224
 sizeof(square)              2544224
 sizeof(rhs)             11027360
 sizeof(forcing)             11027360
 sizeof(out_buffer)              4841288
 sizeof(in_buffer)              4841288
 sizeof(lhs)             33082080
numa_node = 1
numa_node = 1
numa_node = 1
numa_node = 1
numa_node = 1
numa_node = 1
numa_node = 1
numa_node = 1
numa_node = 1
numa_node = 1
numa_node = 1
numa_node = 1
numa_node = 1
numa_node = 1
numa_node = 1
numa_node = 1
numa_node = 1
numa_node = 1
numa_node = 1
numa_node = 1
numa_node = 1
numa_node = 1
numa_node = 1
numa_node = 1
numa_node = 1
numa_node = 1
numa_node = 1
numa_node = 1
numa_node = 1
numa_node = 1
numa_node = 1
numa_node = 1
numa_node = 1
numa_node = 1
numa_node = 1
numa_node = 1
numa_node = 1
numa_node = 1
numa_node = 1
numa_node = 1
numa_node = 1
numa_node = 1
numa_node = 1
numa_node = 1
numa_node = 1
numa_node = 1
numa_node = 1
numa_node = 1
numa_node = 1
numa_node = 1
numa_node = 1
numa_node = 1
numa_node = 1
numa_node = 1
numa_node = 1
numa_node = 1
numa_node = 1
numa_node = 1
numa_node = 1
numa_node = 1
numa_node = 1
numa_node = 1
numa_node = 1
numa_node = 1
numa_node = 1
numa_node = 1
numa_node = 1
numa_node = 1
numa_node = 1
numa_node = 1
numa_node = 1
numa_node = 1
numa_node = 1
numa_node = 1
numa_node = 1
numa_node = 1
numa_node = 1
numa_node = 1
numa_node = 1
numa_node = 1
numa_node = 1
numa_node = 1
numa_node = 1
numa_node = 1
numa_node = 1
numa_node = 1
numa_node = 1
numa_node = 1
numa_node = 1
numa_node = 1
numa_node = 1
numa_node = 1
numa_node = 1
numa_node = 1
numa_node = 1
numa_node = 1
numa_node = 1
numa_node = 1
numa_node = 1
numa_node = 1
numa_node = 1
numa_node = 1
numa_node = 1
numa_node = 1
numa_node = 1
numa_node = 1
numa_node = 1
numa_node = 1
numa_node = 1
numa_node = 1
numa_node = 1
numa_node = 1
numa_node = 1
numa_node = 1
numa_node = 1
numa_node = 1
numa_node = 1
numa_node = 1
numa_node = 1
numa_node = 1
numa_node = 1
numa_node = 1
numa_node = 1
numa_node = 0
numa_node = 1
numa_node = 1
numa_node = 1
numa_node = 1
numa_node = 1
numa_node = 1
numa_node = 1
numa_node = 1
numa_node = 1
numa_node = 1
numa_node = 1
numa_node = 1
numa_node = 1
numa_node = 1
numa_node = 1
numa_node = 1
numa_node = 1
numa_node = 1
numa_node = 1
numa_node = 1
numa_node = 1
numa_node = 1
numa_node = 1
numa_node = 1
numa_node = 1
numa_node = 1
numa_node = 1
numa_node = 1
numa_node = 1
numa_node = 1
numa_node = 1
numa_node = 1
numa_node = 1
numa_node = 1
numa_node = 1
numa_node = 1
numa_node = 1
numa_node = 1
numa_node = 1
numa_node = 1
numa_node = 1
numa_node = 1
numa_node = 1
numa_node = 1
numa_node = 1
numa_node = 1
numa_node = 1
numa_node = 1
numa_node = 1
numa_node = 1
numa_node = 1
numa_node = 1
numa_node = 1
numa_node = 1
numa_node = 1
numa_node = 1
numa_node = 1
numa_node = 1
numa_node = 1
numa_node = 1
numa_node = 1
numa_node = 1
numa_node = 1
numa_node = 1
numa_node = 1
numa_node = 1
numa_node = 1
numa_node = 1
numa_node = 1
numa_node = 1
numa_node = 1
numa_node = 1
numa_node = 1
numa_node = 1
numa_node = 1
numa_node = 1
numa_node = 1
numa_node = 1
numa_node = 1
numa_node = 1
numa_node = 1
numa_node = 1
numa_node = 1
numa_node = 1
numa_node = 1
numa_node = 1
numa_node = 1
numa_node = 1
numa_node = 1
numa_node = 1
numa_node = 1
numa_node = 1
numa_node = 1
numa_node = 1
numa_node = 1
numa_node = 1
numa_node = 1
numa_node = 1
numa_node = 1
numa_node = 1
numa_node = 1
numa_node = 1
numa_node = 1
numa_node = 1
numa_node = 1
numa_node = 1
numa_node = 1
numa_node = 1
numa_node = 1
numa_node = 1
numa_node = 1
numa_node = 1
numa_node = 1
numa_node = 1
numa_node = 1
numa_node = 1
numa_node = 1
numa_node = 1
numa_node = 1
numa_node = 1
numa_node = 1
numa_node = 1
numa_node = 1
numa_node = 1
numa_node = 1
numa_node = 1
numa_node = 0
numa_node = 1
numa_node = 1
numa_node = 1
numa_node = 1
numa_node = 1
numa_node = 1
numa_node = 1
numa_node = 0
numa_node = 1
numa_node = 1
numa_node = 1
numa_node = 0
numa_node = 1
numa_node = 0
numa_node = 0
numa_node = 0
numa_node = 1
numa_node = 1
numa_node = 1
numa_node = 1
numa_node = 1
numa_node = 1
numa_node = 1
numa_node = 1
numa_node = 1
numa_node = 1
numa_node = 1
numa_node = 1
numa_node = 1
numa_node = 1
numa_node = 1
numa_node = 1
numa_node = 1
numa_node = 1
numa_node = 1
numa_node = 1
numa_node = 1
numa_node = 1
numa_node = 1
numa_node = 1
numa_node = 1
numa_node = 1
numa_node = 1
numa_node = 1
numa_node = 1
numa_node = 1
numa_node = 1
numa_node = 1
numa_node = 1
numa_node = 1
numa_node = 1
numa_node = 1
numa_node = 1
numa_node = 1
numa_node = 1
numa_node = 1
numa_node = 1
numa_node = 1
numa_node = 1
numa_node = 1
numa_node = 1
numa_node = 1
numa_node = 1
numa_node = 1
numa_node = 1
numa_node = 1
numa_node = 1
numa_node = 1
numa_node = 1
numa_node = 1
numa_node = 1
numa_node = 1
 sizeof(u)             14580000
 sizeof(us)              2544224
 sizeof(vs)              2544224
 sizeof(ws)              2544224
 sizeof(qs)              2544224
 sizeof(rho_i)              2544224
 sizeof(square)              2544224
 sizeof(rhs)             11027360
 sizeof(forcing)             11027360
 sizeof(out_buffer)              4841288
 sizeof(in_buffer)              4841288
 sizeof(lhs)             33082080
numa_node = 0
numa_node = 1
numa_node = 1
numa_node = 1
numa_node = 1
numa_node = 1
numa_node = 1
numa_node = 1
numa_node = 1
numa_node = 1
numa_node = 1
numa_node = 1
numa_node = 1
numa_node = 1
numa_node = 1
numa_node = 1
numa_node = 1
numa_node = 1
numa_node = 1
numa_node = 1
numa_node = 1
numa_node = 1
numa_node = 1
numa_node = 1
numa_node = 1
numa_node = 1
numa_node = 1
numa_node = 1
numa_node = 1
numa_node = 1
numa_node = 1
numa_node = 1
numa_node = 1
numa_node = 1
numa_node = 1
numa_node = 1
numa_node = 1
numa_node = 1
numa_node = 1
numa_node = 1
numa_node = 1
numa_node = 1
numa_node = 1
numa_node = 1
numa_node = 1
numa_node = 1
numa_node = 1
numa_node = 1
numa_node = 1
numa_node = 1
numa_node = 1
numa_node = 1
numa_node = 1
numa_node = 1
numa_node = 1
numa_node = 1
numa_node = 1
 sizeof(u)             14580000
 sizeof(us)              2544224
 sizeof(vs)              2544224
 sizeof(ws)              2544224
 sizeof(qs)              2544224
 sizeof(rho_i)              2544224
 sizeof(square)              2544224
 sizeof(rhs)             11027360
 sizeof(forcing)             11027360
 sizeof(out_buffer)              4841288
 sizeof(in_buffer)              4841288
 sizeof(lhs)             33082080
numa_node = 1
numa_node = 1
numa_node = 1
numa_node = 1
numa_node = 1
numa_node = 1
numa_node = 1
numa_node = 1
numa_node = 1
numa_node = 1
numa_node = 1
numa_node = 1
numa_node = 1
numa_node = 1
numa_node = 1
numa_node = 1
numa_node = 1
numa_node = 1
numa_node = 1
numa_node = 1
numa_node = 1
numa_node = 1
numa_node = 1
numa_node = 1
numa_node = 1
numa_node = 1
numa_node = 1
numa_node = 1
numa_node = 1
numa_node = 1
numa_node = 1
numa_node = 1
numa_node = 1
numa_node = 1
numa_node = 1
numa_node = 1
numa_node = 1
numa_node = 1
numa_node = 1
numa_node = 1
numa_node = 1
numa_node = 1
numa_node = 1
numa_node = 1
numa_node = 1
numa_node = 1
numa_node = 1
numa_node = 1
numa_node = 1
numa_node = 1
numa_node = 1
numa_node = 1
numa_node = 1
numa_node = 1
numa_node = 1
numa_node = 1
numa_node = 1
numa_node = 1
numa_node = 1
numa_node = 1
numa_node = 1
numa_node = 1
numa_node = 1
numa_node = 1
numa_node = 1
numa_node = 1
numa_node = 1
numa_node = 1
numa_node = 1
numa_node = 1
numa_node = 1
numa_node = 1
numa_node = 1
numa_node = 1
numa_node = 1
numa_node = 1
numa_node = 1
numa_node = 1
numa_node = 1
numa_node = 1
numa_node = 1
numa_node = 1
numa_node = 1
numa_node = 1
numa_node = 1
numa_node = 1
numa_node = 1
numa_node = 1
numa_node = 1
numa_node = 1
numa_node = 1
numa_node = 1
numa_node = 1
numa_node = 1
numa_node = 1
numa_node = 1
numa_node = 1
numa_node = 1
numa_node = 1
numa_node = 1
numa_node = 1
numa_node = 1
numa_node = 1
numa_node = 1
numa_node = 1
numa_node = 1
numa_node = 1
numa_node = 1
numa_node = 1
numa_node = 1
numa_node = 1
numa_node = 1
numa_node = 1
numa_node = 1
numa_node = 1
numa_node = 1
numa_node = 1
numa_node = 1
numa_node = 1
numa_node = 1
numa_node = 1
numa_node = 1
numa_node = 1
numa_node = 0
numa_node = 1
numa_node = 1
numa_node = 1
numa_node = 1
numa_node = 1
numa_node = 1
numa_node = 1
numa_node = 1
numa_node = 1
numa_node = 1
numa_node = 1
numa_node = 1
numa_node = 1
numa_node = 1
numa_node = 1
numa_node = 1
numa_node = 1
numa_node = 1
numa_node = 1
numa_node = 1
numa_node = 1
numa_node = 1
numa_node = 1
numa_node = 1
numa_node = 1
numa_node = 1
numa_node = 1
numa_node = 1
numa_node = 1
numa_node = 1
numa_node = 1
numa_node = 1
numa_node = 1
numa_node = 1
numa_node = 1
numa_node = 1
numa_node = 1
numa_node = 1
numa_node = 1
numa_node = 1
numa_node = 1
numa_node = 1
numa_node = 1
numa_node = 1
numa_node = 1
numa_node = 1
numa_node = 1
numa_node = 1
numa_node = 1
numa_node = 1
numa_node = 1
numa_node = 1
numa_node = 1
numa_node = 1
numa_node = 1
numa_node = 1
numa_node = 1
numa_node = 1
numa_node = 1
numa_node = 1
numa_node = 1
numa_node = 1
numa_node = 1
numa_node = 1
numa_node = 1
numa_node = 1
numa_node = 1
numa_node = 1
numa_node = 1
numa_node = 1
numa_node = 1
numa_node = 1
numa_node = 1
numa_node = 1
numa_node = 1
numa_node = 1
numa_node = 1
numa_node = 1
numa_node = 1
numa_node = 1
numa_node = 1
numa_node = 1
numa_node = 1
numa_node = 1
numa_node = 1
numa_node = 1
numa_node = 1
numa_node = 1
numa_node = 1
numa_node = 1
numa_node = 1
numa_node = 1
numa_node = 1
numa_node = 1
numa_node = 1
numa_node = 1
numa_node = 1
numa_node = 1
numa_node = 1
numa_node = 1
numa_node = 1
numa_node = 1
numa_node = 1
numa_node = 1
numa_node = 1
numa_node = 1
numa_node = 1
numa_node = 1
numa_node = 1
numa_node = 1
numa_node = 1
numa_node = 1
numa_node = 1
numa_node = 1
numa_node = 1
numa_node = 1
numa_node = 1
numa_node = 1
numa_node = 1
numa_node = 1
numa_node = 1
numa_node = 1
numa_node = 1
numa_node = 1
numa_node = 0
numa_node = 1
numa_node = 1
numa_node = 1
numa_node = 1
numa_node = 1
numa_node = 1
numa_node = 1
numa_node = 1
numa_node = 1
numa_node = 0
numa_node = 1
numa_node = 1
numa_node = 0
numa_node = 1
numa_node = 1
numa_node = 0
numa_node = 0
numa_node = 0
numa_node = 1
numa_node = 1
numa_node = 1
numa_node = 1
numa_node = 1
numa_node = 1
numa_node = 1
numa_node = 1
numa_node = 1
numa_node = 1
numa_node = 1
numa_node = 1
numa_node = 1
numa_node = 1
numa_node = 1
numa_node = 1
numa_node = 1
numa_node = 1
numa_node = 1
numa_node = 1
numa_node = 1
numa_node = 1
numa_node = 1
numa_node = 1
numa_node = 1
numa_node = 1
numa_node = 1
numa_node = 1
numa_node = 1
numa_node = 1
numa_node = 1
numa_node = 1
numa_node = 1
numa_node = 1
numa_node = 1
numa_node = 1
numa_node = 1
numa_node = 1
numa_node = 1
numa_node = 1
numa_node = 1
numa_node = 1
numa_node = 1
numa_node = 1
numa_node = 1
numa_node = 1
numa_node = 1
numa_node = 1
numa_node = 1
numa_node = 1
numa_node = 1
numa_node = 1
numa_node = 1
numa_node = 1
numa_node = 1
numa_node = 1
 sizeof(u)             14580000
 sizeof(us)              2544224
 sizeof(vs)              2544224
 sizeof(ws)              2544224
 sizeof(qs)              2544224
 sizeof(rho_i)              2544224
 sizeof(square)              2544224
 sizeof(rhs)             11027360
 sizeof(forcing)             11027360
 sizeof(out_buffer)              4841288
 sizeof(in_buffer)              4841288
 sizeof(lhs)             33082080
numa_node = 0
numa_node = 1
numa_node = 1
numa_node = 1
numa_node = 1
numa_node = 1
numa_node = 1
numa_node = 1
numa_node = 1
numa_node = 1
numa_node = 1
numa_node = 1
numa_node = 1
numa_node = 1
numa_node = 1
numa_node = 1
numa_node = 1
numa_node = 1
numa_node = 1
numa_node = 1
numa_node = 1
numa_node = 1
numa_node = 1
numa_node = 1
numa_node = 1
numa_node = 1
numa_node = 1
numa_node = 1
numa_node = 1
numa_node = 1
numa_node = 1
numa_node = 1
numa_node = 1
numa_node = 1
numa_node = 1
numa_node = 1
numa_node = 1
numa_node = 1
numa_node = 1
numa_node = 1
numa_node = 1
numa_node = 1
numa_node = 1
numa_node = 1
numa_node = 1
numa_node = 1
numa_node = 1
numa_node = 1
numa_node = 1
numa_node = 1
numa_node = 1
numa_node = 1
numa_node = 1
numa_node = 1
numa_node = 1
numa_node = 1
numa_node = 1
 sizeof(u)             14580000
 sizeof(us)              2544224
 sizeof(vs)              2544224
 sizeof(ws)              2544224
 sizeof(qs)              2544224
 sizeof(rho_i)              2544224
 sizeof(square)              2544224
 sizeof(rhs)             11027360
 sizeof(forcing)             11027360
 sizeof(out_buffer)              4841288
 sizeof(in_buffer)              4841288
 sizeof(lhs)             33082080
numa_node = 1
numa_node = 1
numa_node = 1
numa_node = 1
numa_node = 1
numa_node = 1
numa_node = 1
numa_node = 1
numa_node = 1
numa_node = 1
numa_node = 1
numa_node = 1
numa_node = 1
numa_node = 1
numa_node = 1
numa_node = 1
numa_node = 1
numa_node = 1
numa_node = 1
numa_node = 1
numa_node = 1
numa_node = 1
numa_node = 1
numa_node = 1
numa_node = 1
numa_node = 1
numa_node = 1
numa_node = 1
numa_node = 1
numa_node = 1
numa_node = 1
numa_node = 1
numa_node = 1
numa_node = 1
numa_node = 1
numa_node = 1
numa_node = 1
numa_node = 1
numa_node = 1
numa_node = 1
numa_node = 1
numa_node = 1
numa_node = 1
numa_node = 1
numa_node = 1
numa_node = 1
numa_node = 1
numa_node = 1
numa_node = 1
numa_node = 1
numa_node = 1
numa_node = 1
numa_node = 1
numa_node = 1
numa_node = 1
numa_node = 1
numa_node = 1
numa_node = 1
numa_node = 1
numa_node = 1
numa_node = 1
numa_node = 1
numa_node = 1
numa_node = 1
numa_node = 1
numa_node = 1
numa_node = 1
numa_node = 1
numa_node = 1
numa_node = 1
numa_node = 1
numa_node = 1
numa_node = 1
numa_node = 1
numa_node = 1
numa_node = 1
numa_node = 1
numa_node = 1
numa_node = 1
numa_node = 1
numa_node = 1
numa_node = 1
numa_node = 1
numa_node = 1
numa_node = 1
numa_node = 1
numa_node = 1
numa_node = 1
numa_node = 1
numa_node = 1
numa_node = 1
numa_node = 1
numa_node = 1
numa_node = 1
numa_node = 1
numa_node = 1
numa_node = 1
numa_node = 1
numa_node = 1
numa_node = 1
numa_node = 1
numa_node = 1
numa_node = 1
numa_node = 1
numa_node = 1
numa_node = 1
numa_node = 1
numa_node = 1
numa_node = 1
numa_node = 1
numa_node = 1
numa_node = 1
numa_node = 1
numa_node = 1
numa_node = 1
numa_node = 1
numa_node = 1
numa_node = 1
numa_node = 1
numa_node = 1
numa_node = 1
numa_node = 1
numa_node = 1
numa_node = 0
numa_node = 1
numa_node = 1
numa_node = 1
numa_node = 1
numa_node = 1
numa_node = 1
numa_node = 1
numa_node = 1
numa_node = 1
numa_node = 1
numa_node = 1
numa_node = 1
numa_node = 1
numa_node = 1
numa_node = 1
numa_node = 1
numa_node = 1
numa_node = 1
numa_node = 1
numa_node = 1
numa_node = 1
numa_node = 1
numa_node = 1
numa_node = 1
numa_node = 1
numa_node = 1
numa_node = 1
numa_node = 1
numa_node = 1
numa_node = 1
numa_node = 1
numa_node = 1
numa_node = 1
numa_node = 1
numa_node = 1
numa_node = 1
numa_node = 1
numa_node = 1
numa_node = 1
numa_node = 1
numa_node = 1
numa_node = 1
numa_node = 1
numa_node = 1
numa_node = 1
numa_node = 1
numa_node = 1
numa_node = 1
numa_node = 1
numa_node = 1
numa_node = 1
numa_node = 1
numa_node = 1
numa_node = 1
numa_node = 1
numa_node = 1
numa_node = 1
numa_node = 1
numa_node = 1
numa_node = 1
numa_node = 1
numa_node = 1
numa_node = 1
numa_node = 1
numa_node = 1
numa_node = 1
numa_node = 1
numa_node = 1
numa_node = 1
numa_node = 1
numa_node = 1
numa_node = 1
numa_node = 1
numa_node = 1
numa_node = 1
numa_node = 1
numa_node = 1
numa_node = 1
numa_node = 1
numa_node = 1
numa_node = 1
numa_node = 1
numa_node = 1
numa_node = 1
numa_node = 1
numa_node = 1
numa_node = 1
numa_node = 1
numa_node = 1
numa_node = 1
numa_node = 1
numa_node = 1
numa_node = 1
numa_node = 1
numa_node = 1
numa_node = 1
numa_node = 1
numa_node = 1
numa_node = 1
numa_node = 1
numa_node = 1
numa_node = 1
numa_node = 1
numa_node = 1
numa_node = 1
numa_node = 1
numa_node = 1
numa_node = 1
numa_node = 1
numa_node = 1
numa_node = 1
numa_node = 1
numa_node = 1
numa_node = 1
numa_node = 1
numa_node = 1
numa_node = 1
numa_node = 1
numa_node = 1
numa_node = 1
numa_node = 1
numa_node = 1
numa_node = 1
numa_node = 1
numa_node = 1
numa_node = 1
numa_node = 0
numa_node = 1
numa_node = 1
numa_node = 1
numa_node = 1
numa_node = 1
numa_node = 1
numa_node = 1
numa_node = 0
numa_node = 1
numa_node = 1
numa_node = 0
numa_node = 1
numa_node = 1
numa_node = 0
numa_node = 0
numa_node = 0
numa_node = 1
numa_node = 1
numa_node = 1
numa_node = 1
numa_node = 1
numa_node = 1
numa_node = 1
numa_node = 1
numa_node = 1
numa_node = 1
numa_node = 1
numa_node = 1
numa_node = 1
numa_node = 1
numa_node = 1
numa_node = 1
numa_node = 1
numa_node = 1
numa_node = 1
numa_node = 1
numa_node = 1
numa_node = 1
numa_node = 1
numa_node = 1
numa_node = 1
numa_node = 1
numa_node = 1
numa_node = 1
numa_node = 1
numa_node = 1
numa_node = 1
numa_node = 1
numa_node = 1
numa_node = 1
numa_node = 1
numa_node = 1
numa_node = 1
numa_node = 1
numa_node = 1
numa_node = 1
numa_node = 1
numa_node = 1
numa_node = 1
numa_node = 1
numa_node = 1
numa_node = 1
numa_node = 1
numa_node = 1
numa_node = 1
numa_node = 1
numa_node = 1
numa_node = 1
numa_node = 1
numa_node = 1
numa_node = 1
numa_node = 1
 sizeof(u)             14580000
 sizeof(us)              2544224
 sizeof(vs)              2544224
 sizeof(ws)              2544224
 sizeof(qs)              2544224
 sizeof(rho_i)              2544224
 sizeof(square)              2544224
 sizeof(rhs)             11027360
 sizeof(forcing)             11027360
 sizeof(out_buffer)              4841288
 sizeof(in_buffer)              4841288
 sizeof(lhs)             33082080
numa_node = 0
numa_node = 1
numa_node = 1
numa_node = 1
numa_node = 1
numa_node = 1
numa_node = 1
numa_node = 1
numa_node = 1
numa_node = 1
numa_node = 1
numa_node = 1
numa_node = 1
numa_node = 1
numa_node = 1
numa_node = 1
numa_node = 1
numa_node = 1
numa_node = 1
numa_node = 1
numa_node = 1
numa_node = 1
numa_node = 1
numa_node = 1
numa_node = 1
numa_node = 1
numa_node = 1
numa_node = 1
numa_node = 1
numa_node = 1
numa_node = 1
numa_node = 1
numa_node = 1
numa_node = 1
numa_node = 1
numa_node = 1
numa_node = 1
numa_node = 1
numa_node = 1
numa_node = 1
numa_node = 1
numa_node = 1
numa_node = 1
numa_node = 1
numa_node = 1
numa_node = 1
numa_node = 1
numa_node = 1
numa_node = 1
numa_node = 1
numa_node = 1
numa_node = 1
numa_node = 1
numa_node = 1
numa_node = 1
numa_node = 1
numa_node = 1
 sizeof(u)             14580000
 sizeof(us)              2544224
 sizeof(vs)              2544224
 sizeof(ws)              2544224
 sizeof(qs)              2544224
 sizeof(rho_i)              2544224
 sizeof(square)              2544224
 sizeof(rhs)             11027360
 sizeof(forcing)             11027360
 sizeof(out_buffer)              4841288
 sizeof(in_buffer)              4841288
 sizeof(lhs)             33082080


 NAS Parallel Benchmarks 3.3 -- SP Benchmark

 No input file inputsp.data. Using compiled defaults
 Size:  162x 162x 162
 Iterations:  400    dt:   0.0006700
 Number of active processes:    16

 Time step    1
 Time step   20
 Time step   40
 Time step   60
 Time step   80
 Time step  100
 Time step  120
 Time step  140
 Time step  160
 Time step  180
 Time step  200
 Time step  220
 Time step  240
 Time step  260
 Time step  280
 Time step  300
 Time step  320
 Time step  340
 Time step  360
 Time step  380
 Time step  400
memcpy: 0 11.840503
clflush: 0 6.507778
data_cache: 0 4.443133
memmove: 0 -6.507778


memcpy: 7 12.493060
clflush: 7 7.390702
data_cache: 7 4.746452
memmove: 7 -7.390702


memcpy: 1 11.805409
clflush: 1 6.420401
data_cache: 1 4.442750
memmove: 1 -6.420401


memcpy: 13 12.336675
clflush: 13 6.654356
data_cache: 13 4.519912
memmove: 13 -6.654356


memcpy: 2 12.191773
clflush: 2 6.454587
data_cache: 2 4.296754
memmove: 2 -6.454587


memcpy: 3 12.031847
clflush: 3 6.470561
data_cache: 3 4.485287
memmove: 3 -6.470561


memcpy: 14 12.165831
clflush: 14 6.640946
data_cache: 14 4.533716
memmove: 14 -6.640946


memcpy: 5 12.421058
clflush: 5 7.306195
data_cache: 5 4.869965
memmove: 5 -7.306195


memcpy: 6 12.482919
clflush: 6 7.299785
data_cache: 6 4.822771
memmove: 6 -7.299785


memcpy: 15 12.238048
clflush: 15 6.770231
data_cache: 15 4.366394
memmove: 15 -6.770231


memcpy: 12 12.031557
clflush: 12 6.430211
data_cache: 12 4.690619
memmove: 12 -6.430211


memcpy: 4 12.401724
clflush: 4 7.156574
data_cache: 4 4.857786
memmove: 4 -7.156574


memcpy: 10 15.553796
clflush: 10 7.021723
data_cache: 10 5.989541
memmove: 10 -7.021723


memcpy: 9 15.457686
clflush: 9 6.732964
data_cache: 9 6.074510
memmove: 9 -6.732964


memcpy: 11 15.702935
clflush: 11 7.033813
data_cache: 11 5.973933
memmove: 11 -7.033813


memcpy: 8 15.787589
clflush: 8 6.872052
data_cache: 8 5.923390
memmove: 8 -6.872052


 Verification being performed for class C
 accuracy setting for epsilon =  0.1000000000000E-07
 Comparison of RMS-norms of residual
           1 0.5881691581829E+03 0.5881691581829E+03 0.7171035102389E-13
           2 0.2454417603569E+03 0.2454417603569E+03 0.4550868519647E-13
           3 0.3293829191851E+03 0.3293829191851E+03 0.3572312654614E-13
           4 0.3081924971891E+03 0.3081924971891E+03 0.1375931953468E-12
           5 0.4597223799176E+03 0.4597223799176E+03 0.3153005475197E-13
 Comparison of RMS-norms of solution error
           1 0.2598120500183E+00 0.2598120500183E+00 0.1410148598190E-13
           2 0.2590888922315E-01 0.2590888922315E-01 0.1716720062406E-12
           3 0.5132886416320E-01 0.5132886416320E-01 0.3649995737482E-13
           4 0.4806073419454E-01 0.4806073419454E-01 0.8662656557621E-14
           5 0.5483377491301E+00 0.5483377491301E+00 0.6985237549363E-13
 Verification Successful


 SP Benchmark Completed.
 Class           =                        C
 Size            =            162x 162x 162
 Iterations      =                      400
 Time in seconds =                   247.06
 Total processes =                       16
 Compiled procs  =                       16
 Mop/s total     =                  5869.36
 Mop/s/process   =                   366.84
 Operation type  =           floating point
 Verification    =               SUCCESSFUL
 Version         =                    3.3.1
 Compile date    =              13 Mar 2017

 Compile options:
    MPIF77       = mpif77
    FLINK        = $(MPIF77)
    FMPI_LIB     = -L/opt/pasa_lib/openmpi-1.10.0/lib -lmpi
    FMPI_INC     = -I/opt/pasa_lib/openmpi-1.10.0/include   -m...
    FFLAGS       = -O  -fcray-pointer -mcmodel=large  -fno-ran...
    FLINKFLAGS   = -O 
    RAND         = (none)


 Please send feedbacks and/or the results of this run to:

 NPB Development Team 
 Internet: npb@nas.nasa.gov


